Warning,8/27/2020 4:36:02 PM,ESENT,642,General,"Catalog Database (4844,D,12) Catalog Database: The database format feature version 9080 (0x2378) could not be used due to the current database format 1568.20.0, controlled by the parameter 0x410022D8 (8920 | JET_efvAllowHigherPersistedFormat)."
Warning,8/27/2020 4:36:02 PM,ESENT,642,General,"Catalog Database (4844,D,50) Catalog Database: The database format feature version 9180 (0x23dc) could not be used due to the current database format 1568.20.0, controlled by the parameter 0x410022D8 (8920 | JET_efvAllowHigherPersistedFormat)."
Warning,8/27/2020 4:36:02 PM,ESENT,642,General,"Catalog Database (4844,D,12) Catalog Database: The database format feature version 9080 (0x2378) could not be used due to the current database format 1568.20.0, controlled by the parameter 0x410022D8 (8920 | JET_efvAllowHigherPersistedFormat)."
Warning,8/27/2020 4:36:02 PM,ESENT,642,General,"Catalog Database (4844,D,50) Catalog Database: The database format feature version 9180 (0x23dc) could not be used due to the current database format 1568.20.0, controlled by the parameter 0x410022D8 (8920 | JET_efvAllowHigherPersistedFormat)."
Warning,8/27/2020 4:34:55 PM,ESENT,642,General,"Catalog Database (4844,D,12) Catalog Database: The database format feature version 9080 (0x2378) could not be used due to the current database format 1568.20.0, controlled by the parameter 0x410022D8 (8920 | JET_efvAllowHigherPersistedFormat)."
Warning,8/27/2020 4:34:55 PM,ESENT,642,General,"Catalog Database (4844,D,50) Catalog Database: The database format feature version 9180 (0x23dc) could not be used due to the current database format 1568.20.0, controlled by the parameter 0x410022D8 (8920 | JET_efvAllowHigherPersistedFormat)."
Warning,8/27/2020 4:34:55 PM,ESENT,642,General,"Catalog Database (4844,D,12) Catalog Database: The database format feature version 9080 (0x2378) could not be used due to the current database format 1568.20.0, controlled by the parameter 0x410022D8 (8920 | JET_efvAllowHigherPersistedFormat)."
Warning,8/27/2020 4:34:55 PM,ESENT,642,General,"Catalog Database (4844,D,50) Catalog Database: The database format feature version 9180 (0x23dc) could not be used due to the current database format 1568.20.0, controlled by the parameter 0x410022D8 (8920 | JET_efvAllowHigherPersistedFormat)."
Warning,8/27/2020 4:27:36 PM,ESENT,642,General,"Catalog Database (4844,D,22) Catalog Database: The database format feature version 9120 (0x23a0) could not be used due to the current database format 1568.20.0, controlled by the parameter 0x410022D8 (8920 | JET_efvAllowHigherPersistedFormat)."
Warning,8/27/2020 4:27:36 PM,ESENT,642,General,"Catalog Database (4844,D,12) Catalog Database: The database format feature version 9080 (0x2378) could not be used due to the current database format 1568.20.0, controlled by the parameter 0x410022D8 (8920 | JET_efvAllowHigherPersistedFormat)."
Warning,8/27/2020 4:27:36 PM,ESENT,642,General,"Catalog Database (4844,D,50) Catalog Database: The database format feature version 9180 (0x23dc) could not be used due to the current database format 1568.20.0, controlled by the parameter 0x410022D8 (8920 | JET_efvAllowHigherPersistedFormat)."
Warning,8/27/2020 4:27:36 PM,ESENT,642,General,"Catalog Database (4844,D,12) Catalog Database: The database format feature version 9080 (0x2378) could not be used due to the current database format 1568.20.0, controlled by the parameter 0x410022D8 (8920 | JET_efvAllowHigherPersistedFormat)."
Warning,8/27/2020 4:27:36 PM,ESENT,642,General,"Catalog Database (4844,D,50) Catalog Database: The database format feature version 9180 (0x23dc) could not be used due to the current database format 1568.20.0, controlled by the parameter 0x410022D8 (8920 | JET_efvAllowHigherPersistedFormat)."
Warning,8/27/2020 4:19:16 PM,ESENT,642,General,"Catalog Database (4844,D,12) Catalog Database: The database format feature version 9080 (0x2378) could not be used due to the current database format 1568.20.0, controlled by the parameter 0x410022D8 (8920 | JET_efvAllowHigherPersistedFormat)."
Warning,8/27/2020 4:19:16 PM,ESENT,642,General,"Catalog Database (4844,D,12) Catalog Database: The database format feature version 9080 (0x2378) could not be used due to the current database format 1568.20.0, controlled by the parameter 0x410022D8 (8920 | JET_efvAllowHigherPersistedFormat)."
Error,8/27/2020 3:58:28 PM,Microsoft-Windows-AppModel-Runtime,65,None,Failed with 0x57 retrieving AppModel Runtime status for package Windows.
Warning,8/27/2020 3:04:57 PM,ESENT,642,General,"Video.UI (15708,D,2) {FCC1F95B-4156-4E98-8602-3066161C7168}: The database format feature version 9080 (0x2378) could not be used due to the current database format 1568.20.0, controlled by the parameter 0x410022D8 (8920 | JET_efvAllowHigherPersistedFormat)."
Warning,8/27/2020 3:04:57 PM,ESENT,642,General,"Video.UI (15708,D,2) {FCC1F95B-4156-4E98-8602-3066161C7168}: The database format feature version 9180 (0x23dc) could not be used due to the current database format 1568.20.0, controlled by the parameter 0x410022D8 (8920 | JET_efvAllowHigherPersistedFormat)."
Warning,8/27/2020 3:04:57 PM,ESENT,642,General,"Video.UI (15708,D,12) {FCC1F95B-4156-4E98-8602-3066161C7168}: The database format feature version 9080 (0x2378) could not be used due to the current database format 1568.20.0, controlled by the parameter 0x410022D8 (8920 | JET_efvAllowHigherPersistedFormat)."
Warning,8/27/2020 3:04:57 PM,ESENT,642,General,"Video.UI (15708,D,50) {FCC1F95B-4156-4E98-8602-3066161C7168}: The database format feature version 9180 (0x23dc) could not be used due to the current database format 1568.20.0, controlled by the parameter 0x410022D8 (8920 | JET_efvAllowHigherPersistedFormat)."
Warning,8/27/2020 3:04:56 PM,ESENT,642,General,"Video.UI (15708,R,98) {FCC1F95B-4156-4E98-8602-3066161C7168}: The database format feature version 9180 (0x23dc) could not be used due to the current database format 1568.20.0, controlled by the parameter 0x410022D8 (8920 | JET_efvAllowHigherPersistedFormat)."
Error,8/27/2020 2:56:24 PM,Microsoft-Windows-AppModel-Runtime,65,None,Failed with 0x57 retrieving AppModel Runtime status for package Windows.
Error,8/27/2020 2:55:24 PM,Microsoft-Windows-DeviceManagement-Enterprise-Diagnostics-Provider,454,None,"MDM ConfigurationManager: Command failure status. Configuraton Source ID: (C8A326E4-F518-4F14-B543-97A57E1A975E), Enrollment Type: (Provisioning), CSP Name: (CM_CellularEntries), Command Type: (Clear: first phase of Delete), Result: (./Vendor/MSFT/CM_CellularEntries/Bite Latvija (Latvia)_i08937105150100654088F@WAP)."
Error,8/27/2020 2:55:11 PM,Microsoft-Windows-AppModel-State,12,None,Failure to write an application setting for package Microsoft.YourPhone_8wekyb3d8bbwe. Error Code: -2147023878
Warning,8/27/2020 2:54:17 PM,Microsoft-Windows-Security-SPP,8233,None,"The rules engine reported a failed VL activation attempt.
Reason:0xC004F074
AppId = 0ff1ce15-a989-479d-af46-f275c6370663, SkuId = dedfa23d-6ed1-45a6-85dc-63cae0546de6
Trigger=NetworkAvailable"
Warning,8/27/2020 2:53:29 PM,Microsoft-Windows-Time-Service,134,None,"NtpClient was unable to set a manual peer to use as a time source because of DNS resolution error on 'time.windows.com,0x9'. NtpClient will try again in 15 minutes and double the reattempt interval thereafter. The error was: No such host is known. (0x80072AF9)"
Warning,8/27/2020 2:53:28 PM,Microsoft-Windows-DNS-Client,1014,(1014),Name resolution for the name ssl.gstatic.com timed out after none of the configured DNS servers responded.
Warning,8/27/2020 2:53:27 PM,Microsoft-Windows-Time-Service,134,None,"NtpClient was unable to set a manual peer to use as a time source because of DNS resolution error on 'time.windows.com,0x9'. NtpClient will try again in 15 minutes and double the reattempt interval thereafter. The error was: No such host is known. (0x80072AF9)"
Warning,8/27/2020 2:53:27 PM,Microsoft-Windows-DNS-Client,1014,(1014),Name resolution for the name geover.prod.do.dsp.mp.microsoft.com timed out after none of the configured DNS servers responded.
Warning,8/27/2020 2:53:27 PM,Microsoft-Windows-WLAN-AutoConfig,4003,None,"WLAN AutoConfig detected limited connectivity, attempting automatic recovery.

Recovery Type: 4
Error Code: 0x0
Trigger Reason: 7
IP Family: 0
"
Warning,8/27/2020 2:53:13 PM,Microsoft-Windows-DNS-Client,1014,(1014),Name resolution for the name geover.prod.do.dsp.mp.microsoft.com timed out after none of the configured DNS servers responded.
Error,8/27/2020 2:51:52 PM,Microsoft-Windows-PrintService,808,Initializing,"The print spooler failed to load a plug-in module C:\WINDOWS\system32\spool\DRIVERS\x64\3\FXSUI.DLL, error code 0x7E. See the event user data for context information."
Error,8/27/2020 2:51:52 PM,Microsoft-Windows-PrintService,808,Initializing,"The print spooler failed to load a plug-in module C:\WINDOWS\system32\spool\DRIVERS\x64\3\FXSUI.DLL, error code 0x7E. See the event user data for context information."
Error,8/27/2020 2:51:52 PM,Microsoft-Windows-PrintService,808,Initializing,"The print spooler failed to load a plug-in module C:\WINDOWS\system32\spool\DRIVERS\x64\3\FXSUI.DLL, error code 0x7E. See the event user data for context information."
Warning,8/27/2020 2:43:29 PM,ESENT,642,General,"Catalog Database (4844,D,12) Catalog Database: The database format feature version 9080 (0x2378) could not be used due to the current database format 1568.20.0, controlled by the parameter 0x410022D8 (8920 | JET_efvAllowHigherPersistedFormat)."
Warning,8/27/2020 2:43:29 PM,ESENT,642,General,"Catalog Database (4844,D,50) Catalog Database: The database format feature version 9180 (0x23dc) could not be used due to the current database format 1568.20.0, controlled by the parameter 0x410022D8 (8920 | JET_efvAllowHigherPersistedFormat)."
Warning,8/27/2020 2:43:29 PM,ESENT,642,General,"Catalog Database (4844,D,12) Catalog Database: The database format feature version 9080 (0x2378) could not be used due to the current database format 1568.20.0, controlled by the parameter 0x410022D8 (8920 | JET_efvAllowHigherPersistedFormat)."
Warning,8/27/2020 2:43:29 PM,ESENT,642,General,"Catalog Database (4844,D,50) Catalog Database: The database format feature version 9180 (0x23dc) could not be used due to the current database format 1568.20.0, controlled by the parameter 0x410022D8 (8920 | JET_efvAllowHigherPersistedFormat)."
Warning,8/27/2020 2:41:55 PM,Microsoft-Windows-DistributedCOM,10016,None,"The machine-default permission settings do not grant Local Activation permission for the COM Server application with CLSID 
{C2F03A33-21F5-47FA-B4BB-156362A2F239}
 and APPID 
{316CDED5-E4AE-4B15-9113-7055D84DCC97}
 to the user LAPTOP-3VCLFU80\almoi SID (S-1-5-21-3160199353-1972228045-1784530820-1001) from address LocalHost (Using LRPC) running in the application container Microsoft.Windows.ShellExperienceHost_10.0.19041.423_neutral_neutral_cw5n1h2txyewy SID (S-1-15-2-155514346-2573954481-755741238-1654018636-1233331829-3075935687-2861478708). This security permission can be modified using the Component Services administrative tool."
Warning,8/27/2020 2:39:04 PM,Microsoft-Windows-DistributedCOM,10016,None,"The machine-default permission settings do not grant Local Activation permission for the COM Server application with CLSID 
{C2F03A33-21F5-47FA-B4BB-156362A2F239}
 and APPID 
{316CDED5-E4AE-4B15-9113-7055D84DCC97}
 to the user LAPTOP-3VCLFU80\almoi SID (S-1-5-21-3160199353-1972228045-1784530820-1001) from address LocalHost (Using LRPC) running in the application container Microsoft.Windows.ShellExperienceHost_10.0.19041.423_neutral_neutral_cw5n1h2txyewy SID (S-1-15-2-155514346-2573954481-755741238-1654018636-1233331829-3075935687-2861478708). This security permission can be modified using the Component Services administrative tool."
Error,8/27/2020 2:37:57 PM,Office 2016 Licensing Service,0,None,The operation completed successfully.
Warning,8/27/2020 2:37:22 PM,Microsoft-Windows-DistributedCOM,10016,None,"The application-specific permission settings do not grant Local Activation permission for the COM Server application with CLSID 
{2593F8B9-4EAF-457C-B68A-50F6B8EA6B54}
 and APPID 
{15C20B67-12E7-4BB6-92BB-7AFF07997402}
 to the user LAPTOP-3VCLFU80\almoi SID (S-1-5-21-3160199353-1972228045-1784530820-1001) from address LocalHost (Using LRPC) running in the application container Unavailable SID (Unavailable). This security permission can be modified using the Component Services administrative tool."
Warning,8/27/2020 2:37:02 PM,Microsoft-Windows-DistributedCOM,10016,None,"The application-specific permission settings do not grant Local Launch permission for the COM Server application with CLSID 
Windows.SecurityCenter.SecurityAppBroker
 and APPID 
Unavailable
 to the user NT AUTHORITY\SYSTEM SID (S-1-5-18) from address LocalHost (Using LRPC) running in the application container Unavailable SID (Unavailable). This security permission can be modified using the Component Services administrative tool."
Warning,8/27/2020 2:37:02 PM,Microsoft-Windows-DistributedCOM,10016,None,"The application-specific permission settings do not grant Local Launch permission for the COM Server application with CLSID 
Windows.SecurityCenter.WscBrokerManager
 and APPID 
Unavailable
 to the user NT AUTHORITY\SYSTEM SID (S-1-5-18) from address LocalHost (Using LRPC) running in the application container Unavailable SID (Unavailable). This security permission can be modified using the Component Services administrative tool."
Warning,8/27/2020 2:37:02 PM,Microsoft-Windows-DistributedCOM,10016,None,"The application-specific permission settings do not grant Local Launch permission for the COM Server application with CLSID 
Windows.SecurityCenter.WscDataProtection
 and APPID 
Unavailable
 to the user NT AUTHORITY\SYSTEM SID (S-1-5-18) from address LocalHost (Using LRPC) running in the application container Unavailable SID (Unavailable). This security permission can be modified using the Component Services administrative tool."
Warning,8/27/2020 2:36:47 PM,Microsoft-Windows-DistributedCOM,10016,None,"The application-specific permission settings do not grant Local Activation permission for the COM Server application with CLSID 
{2593F8B9-4EAF-457C-B68A-50F6B8EA6B54}
 and APPID 
{15C20B67-12E7-4BB6-92BB-7AFF07997402}
 to the user LAPTOP-3VCLFU80\almoi SID (S-1-5-21-3160199353-1972228045-1784530820-1001) from address LocalHost (Using LRPC) running in the application container SpotifyAB.SpotifyMusic_1.140.508.0_x86__zpdnekdrzrea0 SID (Unavailable). This security permission can be modified using the Component Services administrative tool."
Warning,8/27/2020 2:36:29 PM,Microsoft-Windows-Security-SPP,8233,None,"The rules engine reported a failed VL activation attempt.
Reason:0xC004F074
AppId = 0ff1ce15-a989-479d-af46-f275c6370663, SkuId = dedfa23d-6ed1-45a6-85dc-63cae0546de6
Trigger=NetworkAvailable"
Warning,8/27/2020 2:36:05 PM,Microsoft-Windows-DistributedCOM,10016,None,"The machine-default permission settings do not grant Local Activation permission for the COM Server application with CLSID 
{C2F03A33-21F5-47FA-B4BB-156362A2F239}
 and APPID 
{316CDED5-E4AE-4B15-9113-7055D84DCC97}
 to the user LAPTOP-3VCLFU80\almoi SID (S-1-5-21-3160199353-1972228045-1784530820-1001) from address LocalHost (Using LRPC) running in the application container Microsoft.Windows.ShellExperienceHost_10.0.19041.423_neutral_neutral_cw5n1h2txyewy SID (S-1-15-2-155514346-2573954481-755741238-1654018636-1233331829-3075935687-2861478708). This security permission can be modified using the Component Services administrative tool."
Warning,8/27/2020 2:35:58 PM,ESENT,642,General,"MicrosoftEdge (7320,D,12) C:\Users\almoi\AppData\Local\Packages\microsoft.microsoftedge_8wekyb3d8bbwe\AC\MicrosoftEdge\User\Default\DataStore\Data\nouser1\120712-0049\: The database format feature version 9080 (0x2378) could not be used due to the current database format 1568.20.0, controlled by the parameter 0x410022D8 (8920 | JET_efvAllowHigherPersistedFormat)."
Warning,8/27/2020 2:35:58 PM,ESENT,642,General,"MicrosoftEdge (7320,R,98) C:\Users\almoi\AppData\Local\Packages\microsoft.microsoftedge_8wekyb3d8bbwe\AC\MicrosoftEdge\User\Default\DataStore\Data\nouser1\120712-0049\: The database format feature version 9180 (0x23dc) could not be used due to the current database format 1568.20.0, controlled by the parameter 0x410022D8 (8920 | JET_efvAllowHigherPersistedFormat)."
Warning,8/27/2020 2:35:52 PM,Microsoft-Windows-Security-SPP,8233,None,"The rules engine reported a failed VL activation attempt.
Reason:0xC004F074
AppId = 0ff1ce15-a989-479d-af46-f275c6370663, SkuId = dedfa23d-6ed1-45a6-85dc-63cae0546de6
Trigger=UserLogon(1)"
Warning,8/27/2020 2:35:50 PM,Microsoft-Windows-User Device Registration,360,None,"Windows Hello for Business provisioning will not be launched. 
Device is AAD joined ( AADJ or DJ++ ): Not Tested 
User has logged on with AAD credentials: No 
Windows Hello for Business policy is enabled: Not Tested 
Windows Hello for Business post-logon provisioning is enabled: Not Tested 
Local computer meets Windows hello for business hardware requirements: Not Tested 
User is not connected to the machine via Remote Desktop: Yes 
User certificate for on premise auth policy is enabled: Not Tested 
Machine is governed by none policy. 
See https://go.microsoft.com/fwlink/?linkid=832647 for more details."
Warning,8/27/2020 2:35:28 PM,Microsoft-Windows-Security-SPP,8233,None,"The rules engine reported a failed VL activation attempt.
Reason:0xC004F074
AppId = 0ff1ce15-a989-479d-af46-f275c6370663, SkuId = dedfa23d-6ed1-45a6-85dc-63cae0546de6
Trigger=TimerEvent"
Error,8/27/2020 2:35:14 PM,Microsoft-Windows-AppReadiness,214,(1),'Microsoft.Windows.TabExperienceHost_cw5n1h2txyewy' uninstall failed for S-1-5-21-3160199353-1972228045-1784530820-1001. Error: 'Removal failed. Please contact your software vendor.' (0.7030769 seconds)
Error,8/27/2020 2:35:14 PM,Microsoft-Windows-AppReadiness,10,(6),"The Appx operation 'RemovePackageAsync' on 'Microsoft.Windows.TabExperienceHost_10.0.17692.1004_neutral_neutral_cw5n1h2txyewy' failed for user 'S-1-5-21-3160199353-1972228045-1784530820-1001' - error 0x0: Reading manifest from location: AppxManifest.xml failed with error: The operation completed successfully.
.. (Error: Removal failed. Please contact your software vendor.)"
Error,8/27/2020 2:35:14 PM,Microsoft-Windows-AppReadiness,214,(1),'Microsoft.Windows.NewTabPageHost_cw5n1h2txyewy' uninstall failed for S-1-5-21-3160199353-1972228045-1784530820-1001. Error: 'Removal failed. Please contact your software vendor.' (0.6874522 seconds)
Error,8/27/2020 2:35:14 PM,Microsoft-Windows-AppReadiness,10,(6),"The Appx operation 'RemovePackageAsync' on 'Microsoft.Windows.NewTabPageHost_10.0.17692.1004_neutral__cw5n1h2txyewy' failed for user 'S-1-5-21-3160199353-1972228045-1784530820-1001' - error 0x0: Reading manifest from location: AppxManifest.xml failed with error: The operation completed successfully.
.. (Error: Removal failed. Please contact your software vendor.)"
Error,8/27/2020 2:35:14 PM,Microsoft-Windows-AppReadiness,214,(1),'Microsoft.Windows.CompanionRestoreApp_cw5n1h2txyewy' uninstall failed for S-1-5-21-3160199353-1972228045-1784530820-1001. Error: 'Removal failed. Please contact your software vendor.' (0.9374355 seconds)
Error,8/27/2020 2:35:14 PM,Microsoft-Windows-AppReadiness,10,(6),"The Appx operation 'RemovePackageAsync' on 'Microsoft.Windows.CompanionRestoreApp_10.0.17692.1004_neutral_neutral_cw5n1h2txyewy' failed for user 'S-1-5-21-3160199353-1972228045-1784530820-1001' - error 0x0: Reading manifest from location: AppxManifest.xml failed with error: The operation completed successfully.
.. (Error: Removal failed. Please contact your software vendor.)"
Error,8/27/2020 2:35:13 PM,Microsoft-Windows-AppReadiness,214,(1),'Microsoft.Windows.HolographicFirstRun_cw5n1h2txyewy' uninstall failed for S-1-5-21-3160199353-1972228045-1784530820-1001. Error: 'Removal failed. Please contact your software vendor.' (0.5937087 seconds)
Error,8/27/2020 2:35:13 PM,Microsoft-Windows-AppReadiness,10,(6),"The Appx operation 'RemovePackageAsync' on 'Microsoft.Windows.HolographicFirstRun_10.0.17134.1_neutral_neutral_cw5n1h2txyewy' failed for user 'S-1-5-21-3160199353-1972228045-1784530820-1001' - error 0x0: Reading manifest from location: AppxManifest.xml failed with error: The operation completed successfully.
.. (Error: Removal failed. Please contact your software vendor.)"
Warning,8/27/2020 2:34:56 PM,Microsoft-Windows-DistributedCOM,10016,None,"The application-specific permission settings do not grant Local Activation permission for the COM Server application with CLSID 
{6B3B8D23-FA8D-40B9-8DBD-B950333E2C52}
 and APPID 
{4839DDB7-58C2-48F5-8283-E1D1807D0D7D}
 to the user NT AUTHORITY\LOCAL SERVICE SID (S-1-5-19) from address LocalHost (Using LRPC) running in the application container Unavailable SID (Unavailable). This security permission can be modified using the Component Services administrative tool."
Warning,8/27/2020 2:34:56 PM,Microsoft-Windows-DistributedCOM,10016,None,"The application-specific permission settings do not grant Local Activation permission for the COM Server application with CLSID 
{6B3B8D23-FA8D-40B9-8DBD-B950333E2C52}
 and APPID 
{4839DDB7-58C2-48F5-8283-E1D1807D0D7D}
 to the user NT AUTHORITY\LOCAL SERVICE SID (S-1-5-19) from address LocalHost (Using LRPC) running in the application container Unavailable SID (Unavailable). This security permission can be modified using the Component Services administrative tool."
Error,8/27/2020 2:34:53 PM,Service Control Manager,7023,None,"The MessagingService_7e49b service terminated with the following error: 
The device is not ready."
Warning,8/27/2020 2:34:49 PM,ESENT,642,General,"Catalog Database (4844,D,12) Catalog Database: The database format feature version 9080 (0x2378) could not be used due to the current database format 1568.20.0, controlled by the parameter 0x410022D8 (8920 | JET_efvAllowHigherPersistedFormat)."
Warning,8/27/2020 2:34:49 PM,ESENT,642,General,"Catalog Database (4844,D,12) Catalog Database: The database format feature version 9080 (0x2378) could not be used due to the current database format 1568.20.0, controlled by the parameter 0x410022D8 (8920 | JET_efvAllowHigherPersistedFormat)."
Warning,8/27/2020 2:34:48 PM,EvntAgnt,3007,None,Error opening event log file State. Log will not be processed. Return code from OpenEventLog is 87.
Warning,8/27/2020 2:34:48 PM,EvntAgnt,3007,None,Error opening event log file Parameters. Log will not be processed. Return code from OpenEventLog is 87.
Warning,8/27/2020 2:34:48 PM,Server,2511,None,"The server service was unable to recreate the share CommandCentreSetup because the directory C:\Program Files (x86)\Gallagher\Command Centre\ClientSetup\CommandCentreSetup no longer exists.  Please run ""net share CommandCentreSetup /delete"" to delete the share, or recreate the directory C:\Program Files (x86)\Gallagher\Command Centre\ClientSetup\CommandCentreSetup."
Error,8/27/2020 2:34:47 PM,SNMP,1500,None,The SNMP Service encountered an error while accessing the registry key SYSTEM\CurrentControlSet\Services\SNMP\Parameters\TrapConfiguration.
Error,8/27/2020 2:34:46 PM,Service Control Manager,7000,None,"The TPHDEXLG service failed to start due to the following error: 
The system cannot find the file specified."
Error,8/27/2020 2:34:46 PM,Service Control Manager,7000,None,"The Sentinel64 service failed to start due to the following error: 
The system cannot find the device specified."
Warning,8/27/2020 2:34:46 PM,Sentinel64,19,None,The media is write protected.
Warning,8/27/2020 2:34:39 PM,Microsoft-Windows-Kernel-PnP,219,(212),The driver \Driver\WudfRd failed to load for the device USB\VID_138A&PID_0011\8718838eea6f.
Warning,8/27/2020 2:34:39 PM,BTHUSB,34,None,"The local adapter does not support an important Low Energy controller state to support peripheral mode.  The minimum required supported state mask is 0x2491f7fffff, got 0x1fffffff.  Low Energy peripheral role functionality will not be available."
Warning,8/27/2020 2:34:37 PM,Microsoft-Windows-Kernel-PnP,219,(212),The driver \Driver\WudfRd failed to load for the device ROOT\SYSTEM\0001.
Warning,8/27/2020 2:34:37 PM,Microsoft-Windows-Kernel-PnP,219,(212),The driver \Driver\WudfRd failed to load for the device ROOT\LENOVOVHID\0000.
Error,8/26/2020 4:32:01 PM,Application Error,1000,(100),"Faulting application name: mousocoreworker.exe, version: 10.0.19041.423, time stamp: 0x2b56c35c
Faulting module name: ucrtbase.dll, version: 10.0.19041.423, time stamp: 0xccf6a09c
Exception code: 0xc0000409
Fault offset: 0x000000000007284e
Faulting process id: 0x1f0c
Faulting application start time: 0x01d67bad475b5d2b
Faulting application path: C:\Windows\System32\mousocoreworker.exe
Faulting module path: C:\WINDOWS\System32\ucrtbase.dll
Report Id: 8e521c3a-4fb3-4a12-91f4-3523e021376e
Faulting package full name: 
Faulting package-relative application ID: "
Error,8/26/2020 4:31:56 PM,Microsoft-Windows-Kernel-EventTracing,2,Session,"Session ""PerfDiag Logger"" failed to start with the following error: 0xC0000035"
Warning,8/26/2020 4:29:36 PM,Microsoft-Windows-DistributedCOM,10016,None,"The application-specific permission settings do not grant Local Launch permission for the COM Server application with CLSID 
Windows.SecurityCenter.WscDataProtection
 and APPID 
Unavailable
 to the user NT AUTHORITY\SYSTEM SID (S-1-5-18) from address LocalHost (Using LRPC) running in the application container Unavailable SID (Unavailable). This security permission can be modified using the Component Services administrative tool."
Warning,8/26/2020 4:29:14 PM,Microsoft-Windows-Security-SPP,8233,None,"The rules engine reported a failed VL activation attempt.
Reason:0xC004F074
AppId = 0ff1ce15-a989-479d-af46-f275c6370663, SkuId = dedfa23d-6ed1-45a6-85dc-63cae0546de6
Trigger=NetworkAvailable"
Warning,8/26/2020 4:28:42 PM,Microsoft-Windows-Security-SPP,8233,None,"The rules engine reported a failed VL activation attempt.
Reason:0xC004F074
AppId = 0ff1ce15-a989-479d-af46-f275c6370663, SkuId = dedfa23d-6ed1-45a6-85dc-63cae0546de6
Trigger=NetworkAvailable"
Warning,8/26/2020 4:28:17 PM,ESENT,642,General,"Catalog Database (4440,D,12) Catalog Database: The database format feature version 9080 (0x2378) could not be used due to the current database format 1568.20.0, controlled by the parameter 0x410022D8 (8920 | JET_efvAllowHigherPersistedFormat)."
Warning,8/26/2020 4:28:16 PM,ESENT,642,General,"Catalog Database (4440,D,50) Catalog Database: The database format feature version 9180 (0x23dc) could not be used due to the current database format 1568.20.0, controlled by the parameter 0x410022D8 (8920 | JET_efvAllowHigherPersistedFormat)."
Warning,8/26/2020 4:28:16 PM,ESENT,642,General,"Catalog Database (4440,D,12) Catalog Database: The database format feature version 9080 (0x2378) could not be used due to the current database format 1568.20.0, controlled by the parameter 0x410022D8 (8920 | JET_efvAllowHigherPersistedFormat)."
Warning,8/26/2020 4:28:16 PM,ESENT,642,General,"Catalog Database (4440,D,50) Catalog Database: The database format feature version 9180 (0x23dc) could not be used due to the current database format 1568.20.0, controlled by the parameter 0x410022D8 (8920 | JET_efvAllowHigherPersistedFormat)."
Error,8/26/2020 4:27:53 PM,Microsoft-Windows-PrintService,808,Initializing,"The print spooler failed to load a plug-in module PrintConfig registration timed out: C:\WINDOWS\system32\regsvr32.exe /s ""C:\WINDOWS\system32\spool\drivers\x64\3\PrintConfig.dll"", error code 0x1. See the event user data for context information."
Error,8/26/2020 4:27:26 PM,Microsoft-Windows-CAPI2,257,None,The Cryptographic Services service failed to initialize the Catalog Database. The ESENT error was: -1409.
Warning,8/26/2020 4:27:26 PM,ESENT,642,General,"Catalog Database (4440,D,40) Catalog Database: The database format feature version 9080 (0x2378) could not be used due to the current database format 1568.20.0, controlled by the parameter 0x410022D8 (8920 | JET_efvAllowHigherPersistedFormat)."
Warning,8/26/2020 4:27:26 PM,ESENT,642,General,"Catalog Database (4440,D,35) Catalog Database: The database format feature version 9120 (0x23a0) could not be used due to the current database format 1568.20.0, controlled by the parameter 0x410022D8 (8920 | JET_efvAllowHigherPersistedFormat)."
Warning,8/26/2020 4:27:26 PM,ESENT,642,General,"Catalog Database (4440,D,35) Catalog Database: The database format feature version 9180 (0x23dc) could not be used due to the current database format 1568.20.0, controlled by the parameter 0x410022D8 (8920 | JET_efvAllowHigherPersistedFormat)."
Warning,8/26/2020 4:27:26 PM,ESENT,642,General,"Catalog Database (4440,D,40) Catalog Database: The database format feature version 9080 (0x2378) could not be used due to the current database format 1568.20.0, controlled by the parameter 0x410022D8 (8920 | JET_efvAllowHigherPersistedFormat)."
Warning,8/26/2020 4:27:26 PM,ESENT,642,General,"Catalog Database (4440,D,35) Catalog Database: The database format feature version 9120 (0x23a0) could not be used due to the current database format 1568.20.0, controlled by the parameter 0x410022D8 (8920 | JET_efvAllowHigherPersistedFormat)."
Warning,8/26/2020 4:27:26 PM,ESENT,642,General,"Catalog Database (4440,D,35) Catalog Database: The database format feature version 9180 (0x23dc) could not be used due to the current database format 1568.20.0, controlled by the parameter 0x410022D8 (8920 | JET_efvAllowHigherPersistedFormat)."
Warning,8/26/2020 4:27:26 PM,ESENT,642,General,"Catalog Database (4440,D,12) Catalog Database: The database format feature version 9080 (0x2378) could not be used due to the current database format 1568.20.0, controlled by the parameter 0x410022D8 (8920 | JET_efvAllowHigherPersistedFormat)."
Warning,8/26/2020 4:27:25 PM,ESENT,642,General,"Catalog Database (4440,D,50) Catalog Database: The database format feature version 9180 (0x23dc) could not be used due to the current database format 1568.20.0, controlled by the parameter 0x410022D8 (8920 | JET_efvAllowHigherPersistedFormat)."
Warning,8/26/2020 4:27:25 PM,ESENT,642,General,"Catalog Database (4440,D,12) Catalog Database: The database format feature version 9080 (0x2378) could not be used due to the current database format 1568.20.0, controlled by the parameter 0x410022D8 (8920 | JET_efvAllowHigherPersistedFormat)."
Warning,8/26/2020 4:27:24 PM,EvntAgnt,3007,None,Error opening event log file State. Log will not be processed. Return code from OpenEventLog is 87.
Warning,8/26/2020 4:27:24 PM,EvntAgnt,3007,None,Error opening event log file Parameters. Log will not be processed. Return code from OpenEventLog is 87.
Warning,8/26/2020 4:27:24 PM,Server,2511,None,"The server service was unable to recreate the share CommandCentreSetup because the directory C:\Program Files (x86)\Gallagher\Command Centre\ClientSetup\CommandCentreSetup no longer exists.  Please run ""net share CommandCentreSetup /delete"" to delete the share, or recreate the directory C:\Program Files (x86)\Gallagher\Command Centre\ClientSetup\CommandCentreSetup."
Error,8/26/2020 4:27:24 PM,SNMP,1500,None,The SNMP Service encountered an error while accessing the registry key SYSTEM\CurrentControlSet\Services\SNMP\Parameters\TrapConfiguration.
Error,8/26/2020 4:27:23 PM,Service Control Manager,7000,None,"The TPHDEXLG service failed to start due to the following error: 
The system cannot find the file specified."
Error,8/26/2020 4:27:23 PM,Service Control Manager,7000,None,"The Sentinel64 service failed to start due to the following error: 
The system cannot find the device specified."
Warning,8/26/2020 4:27:23 PM,Sentinel64,19,None,The media is write protected.
Warning,8/26/2020 4:27:12 PM,BTHUSB,34,None,"The local adapter does not support an important Low Energy controller state to support peripheral mode.  The minimum required supported state mask is 0x2491f7fffff, got 0x1fffffff.  Low Energy peripheral role functionality will not be available."
Warning,8/26/2020 4:27:11 PM,Microsoft-Windows-Kernel-PnP,219,(212),The driver \Driver\WudfRd failed to load for the device USB\VID_138A&PID_0011\8718838eea6f.
Warning,8/26/2020 4:27:05 PM,Microsoft-Windows-Kernel-PnP,219,(212),The driver \Driver\WudfRd failed to load for the device ROOT\SYSTEM\0001.
Warning,8/26/2020 4:27:05 PM,Microsoft-Windows-Kernel-PnP,219,(212),The driver \Driver\WudfRd failed to load for the device ROOT\LENOVOVHID\0000.
Warning,8/26/2020 4:26:27 PM,ESENT,642,General,"Catalog Database (4364,D,12) Catalog Database: The database format feature version 9080 (0x2378) could not be used due to the current database format 1568.20.0, controlled by the parameter 0x410022D8 (8920 | JET_efvAllowHigherPersistedFormat)."
Warning,8/26/2020 4:26:27 PM,ESENT,642,General,"Catalog Database (4364,D,50) Catalog Database: The database format feature version 9180 (0x23dc) could not be used due to the current database format 1568.20.0, controlled by the parameter 0x410022D8 (8920 | JET_efvAllowHigherPersistedFormat)."
Warning,8/26/2020 4:26:27 PM,ESENT,642,General,"Catalog Database (4364,D,12) Catalog Database: The database format feature version 9080 (0x2378) could not be used due to the current database format 1568.20.0, controlled by the parameter 0x410022D8 (8920 | JET_efvAllowHigherPersistedFormat)."
Warning,8/26/2020 4:26:27 PM,ESENT,642,General,"Catalog Database (4364,D,50) Catalog Database: The database format feature version 9180 (0x23dc) could not be used due to the current database format 1568.20.0, controlled by the parameter 0x410022D8 (8920 | JET_efvAllowHigherPersistedFormat)."
Warning,8/26/2020 4:26:25 PM,ESENT,642,General,"Catalog Database (4364,D,12) Catalog Database: The database format feature version 9080 (0x2378) could not be used due to the current database format 1568.20.0, controlled by the parameter 0x410022D8 (8920 | JET_efvAllowHigherPersistedFormat)."
Warning,8/26/2020 4:26:25 PM,ESENT,642,General,"Catalog Database (4364,D,50) Catalog Database: The database format feature version 9180 (0x23dc) could not be used due to the current database format 1568.20.0, controlled by the parameter 0x410022D8 (8920 | JET_efvAllowHigherPersistedFormat)."
Warning,8/26/2020 4:26:25 PM,ESENT,642,General,"Catalog Database (4364,D,12) Catalog Database: The database format feature version 9080 (0x2378) could not be used due to the current database format 1568.20.0, controlled by the parameter 0x410022D8 (8920 | JET_efvAllowHigherPersistedFormat)."
Warning,8/26/2020 4:26:25 PM,ESENT,642,General,"Catalog Database (4364,D,50) Catalog Database: The database format feature version 9180 (0x23dc) could not be used due to the current database format 1568.20.0, controlled by the parameter 0x410022D8 (8920 | JET_efvAllowHigherPersistedFormat)."
Warning,8/26/2020 4:26:24 PM,ESENT,642,General,"Catalog Database (4364,D,12) Catalog Database: The database format feature version 9080 (0x2378) could not be used due to the current database format 1568.20.0, controlled by the parameter 0x410022D8 (8920 | JET_efvAllowHigherPersistedFormat)."
Warning,8/26/2020 4:26:24 PM,ESENT,642,General,"Catalog Database (4364,D,50) Catalog Database: The database format feature version 9180 (0x23dc) could not be used due to the current database format 1568.20.0, controlled by the parameter 0x410022D8 (8920 | JET_efvAllowHigherPersistedFormat)."
Warning,8/26/2020 4:26:24 PM,ESENT,642,General,"Catalog Database (4364,D,12) Catalog Database: The database format feature version 9080 (0x2378) could not be used due to the current database format 1568.20.0, controlled by the parameter 0x410022D8 (8920 | JET_efvAllowHigherPersistedFormat)."
Warning,8/26/2020 4:26:24 PM,ESENT,642,General,"Catalog Database (4364,D,50) Catalog Database: The database format feature version 9180 (0x23dc) could not be used due to the current database format 1568.20.0, controlled by the parameter 0x410022D8 (8920 | JET_efvAllowHigherPersistedFormat)."
Warning,8/26/2020 4:26:22 PM,ESENT,642,General,"Catalog Database (4364,D,12) Catalog Database: The database format feature version 9080 (0x2378) could not be used due to the current database format 1568.20.0, controlled by the parameter 0x410022D8 (8920 | JET_efvAllowHigherPersistedFormat)."
Warning,8/26/2020 4:26:22 PM,ESENT,642,General,"Catalog Database (4364,D,50) Catalog Database: The database format feature version 9180 (0x23dc) could not be used due to the current database format 1568.20.0, controlled by the parameter 0x410022D8 (8920 | JET_efvAllowHigherPersistedFormat)."
Warning,8/26/2020 4:26:22 PM,ESENT,642,General,"Catalog Database (4364,D,12) Catalog Database: The database format feature version 9080 (0x2378) could not be used due to the current database format 1568.20.0, controlled by the parameter 0x410022D8 (8920 | JET_efvAllowHigherPersistedFormat)."
Warning,8/26/2020 4:26:22 PM,ESENT,642,General,"Catalog Database (4364,D,50) Catalog Database: The database format feature version 9180 (0x23dc) could not be used due to the current database format 1568.20.0, controlled by the parameter 0x410022D8 (8920 | JET_efvAllowHigherPersistedFormat)."
Warning,8/26/2020 4:26:22 PM,ESENT,642,General,"Catalog Database (4364,D,12) Catalog Database: The database format feature version 9080 (0x2378) could not be used due to the current database format 1568.20.0, controlled by the parameter 0x410022D8 (8920 | JET_efvAllowHigherPersistedFormat)."
Warning,8/26/2020 4:26:22 PM,ESENT,642,General,"Catalog Database (4364,D,50) Catalog Database: The database format feature version 9180 (0x23dc) could not be used due to the current database format 1568.20.0, controlled by the parameter 0x410022D8 (8920 | JET_efvAllowHigherPersistedFormat)."
Warning,8/26/2020 4:26:22 PM,ESENT,642,General,"Catalog Database (4364,D,12) Catalog Database: The database format feature version 9080 (0x2378) could not be used due to the current database format 1568.20.0, controlled by the parameter 0x410022D8 (8920 | JET_efvAllowHigherPersistedFormat)."
Warning,8/26/2020 4:26:22 PM,ESENT,642,General,"Catalog Database (4364,D,50) Catalog Database: The database format feature version 9180 (0x23dc) could not be used due to the current database format 1568.20.0, controlled by the parameter 0x410022D8 (8920 | JET_efvAllowHigherPersistedFormat)."
Warning,8/26/2020 4:26:18 PM,ESENT,642,General,"Catalog Database (4364,D,12) Catalog Database: The database format feature version 9080 (0x2378) could not be used due to the current database format 1568.20.0, controlled by the parameter 0x410022D8 (8920 | JET_efvAllowHigherPersistedFormat)."
Warning,8/26/2020 4:26:18 PM,ESENT,642,General,"Catalog Database (4364,D,50) Catalog Database: The database format feature version 9180 (0x23dc) could not be used due to the current database format 1568.20.0, controlled by the parameter 0x410022D8 (8920 | JET_efvAllowHigherPersistedFormat)."
Warning,8/26/2020 4:26:18 PM,ESENT,642,General,"Catalog Database (4364,D,12) Catalog Database: The database format feature version 9080 (0x2378) could not be used due to the current database format 1568.20.0, controlled by the parameter 0x410022D8 (8920 | JET_efvAllowHigherPersistedFormat)."
Warning,8/26/2020 4:26:18 PM,ESENT,642,General,"Catalog Database (4364,D,50) Catalog Database: The database format feature version 9180 (0x23dc) could not be used due to the current database format 1568.20.0, controlled by the parameter 0x410022D8 (8920 | JET_efvAllowHigherPersistedFormat)."
Warning,8/26/2020 4:26:14 PM,ESENT,642,General,"Catalog Database (4364,D,12) Catalog Database: The database format feature version 9080 (0x2378) could not be used due to the current database format 1568.20.0, controlled by the parameter 0x410022D8 (8920 | JET_efvAllowHigherPersistedFormat)."
Warning,8/26/2020 4:26:14 PM,ESENT,642,General,"Catalog Database (4364,D,50) Catalog Database: The database format feature version 9180 (0x23dc) could not be used due to the current database format 1568.20.0, controlled by the parameter 0x410022D8 (8920 | JET_efvAllowHigherPersistedFormat)."
Warning,8/26/2020 4:26:14 PM,ESENT,642,General,"Catalog Database (4364,D,12) Catalog Database: The database format feature version 9080 (0x2378) could not be used due to the current database format 1568.20.0, controlled by the parameter 0x410022D8 (8920 | JET_efvAllowHigherPersistedFormat)."
Warning,8/26/2020 4:26:14 PM,ESENT,642,General,"Catalog Database (4364,D,50) Catalog Database: The database format feature version 9180 (0x23dc) could not be used due to the current database format 1568.20.0, controlled by the parameter 0x410022D8 (8920 | JET_efvAllowHigherPersistedFormat)."
Warning,8/26/2020 4:26:13 PM,ESENT,642,General,"Catalog Database (4364,D,12) Catalog Database: The database format feature version 9080 (0x2378) could not be used due to the current database format 1568.20.0, controlled by the parameter 0x410022D8 (8920 | JET_efvAllowHigherPersistedFormat)."
Warning,8/26/2020 4:26:13 PM,ESENT,642,General,"Catalog Database (4364,D,50) Catalog Database: The database format feature version 9180 (0x23dc) could not be used due to the current database format 1568.20.0, controlled by the parameter 0x410022D8 (8920 | JET_efvAllowHigherPersistedFormat)."
Warning,8/26/2020 4:26:13 PM,ESENT,642,General,"Catalog Database (4364,D,12) Catalog Database: The database format feature version 9080 (0x2378) could not be used due to the current database format 1568.20.0, controlled by the parameter 0x410022D8 (8920 | JET_efvAllowHigherPersistedFormat)."
Warning,8/26/2020 4:26:13 PM,ESENT,642,General,"Catalog Database (4364,D,50) Catalog Database: The database format feature version 9180 (0x23dc) could not be used due to the current database format 1568.20.0, controlled by the parameter 0x410022D8 (8920 | JET_efvAllowHigherPersistedFormat)."
Warning,8/26/2020 4:26:12 PM,ESENT,642,General,"Catalog Database (4364,D,12) Catalog Database: The database format feature version 9080 (0x2378) could not be used due to the current database format 1568.20.0, controlled by the parameter 0x410022D8 (8920 | JET_efvAllowHigherPersistedFormat)."
Warning,8/26/2020 4:26:12 PM,ESENT,642,General,"Catalog Database (4364,D,50) Catalog Database: The database format feature version 9180 (0x23dc) could not be used due to the current database format 1568.20.0, controlled by the parameter 0x410022D8 (8920 | JET_efvAllowHigherPersistedFormat)."
Warning,8/26/2020 4:26:12 PM,ESENT,642,General,"Catalog Database (4364,D,12) Catalog Database: The database format feature version 9080 (0x2378) could not be used due to the current database format 1568.20.0, controlled by the parameter 0x410022D8 (8920 | JET_efvAllowHigherPersistedFormat)."
Warning,8/26/2020 4:26:12 PM,ESENT,642,General,"Catalog Database (4364,D,50) Catalog Database: The database format feature version 9180 (0x23dc) could not be used due to the current database format 1568.20.0, controlled by the parameter 0x410022D8 (8920 | JET_efvAllowHigherPersistedFormat)."
Warning,8/26/2020 4:26:11 PM,ESENT,642,General,"Catalog Database (4364,D,12) Catalog Database: The database format feature version 9080 (0x2378) could not be used due to the current database format 1568.20.0, controlled by the parameter 0x410022D8 (8920 | JET_efvAllowHigherPersistedFormat)."
Warning,8/26/2020 4:26:11 PM,ESENT,642,General,"Catalog Database (4364,D,50) Catalog Database: The database format feature version 9180 (0x23dc) could not be used due to the current database format 1568.20.0, controlled by the parameter 0x410022D8 (8920 | JET_efvAllowHigherPersistedFormat)."
Warning,8/26/2020 4:26:11 PM,ESENT,642,General,"Catalog Database (4364,D,12) Catalog Database: The database format feature version 9080 (0x2378) could not be used due to the current database format 1568.20.0, controlled by the parameter 0x410022D8 (8920 | JET_efvAllowHigherPersistedFormat)."
Warning,8/26/2020 4:26:10 PM,ESENT,642,General,"Catalog Database (4364,D,50) Catalog Database: The database format feature version 9180 (0x23dc) could not be used due to the current database format 1568.20.0, controlled by the parameter 0x410022D8 (8920 | JET_efvAllowHigherPersistedFormat)."
Warning,8/26/2020 4:26:07 PM,ESENT,642,General,"Catalog Database (4364,D,12) Catalog Database: The database format feature version 9080 (0x2378) could not be used due to the current database format 1568.20.0, controlled by the parameter 0x410022D8 (8920 | JET_efvAllowHigherPersistedFormat)."
Warning,8/26/2020 4:26:07 PM,ESENT,642,General,"Catalog Database (4364,D,50) Catalog Database: The database format feature version 9180 (0x23dc) could not be used due to the current database format 1568.20.0, controlled by the parameter 0x410022D8 (8920 | JET_efvAllowHigherPersistedFormat)."
Warning,8/26/2020 4:26:07 PM,ESENT,642,General,"Catalog Database (4364,D,12) Catalog Database: The database format feature version 9080 (0x2378) could not be used due to the current database format 1568.20.0, controlled by the parameter 0x410022D8 (8920 | JET_efvAllowHigherPersistedFormat)."
Warning,8/26/2020 4:26:07 PM,ESENT,642,General,"Catalog Database (4364,D,50) Catalog Database: The database format feature version 9180 (0x23dc) could not be used due to the current database format 1568.20.0, controlled by the parameter 0x410022D8 (8920 | JET_efvAllowHigherPersistedFormat)."
Warning,8/26/2020 4:26:02 PM,ESENT,642,General,"Catalog Database (4364,D,12) Catalog Database: The database format feature version 9080 (0x2378) could not be used due to the current database format 1568.20.0, controlled by the parameter 0x410022D8 (8920 | JET_efvAllowHigherPersistedFormat)."
Warning,8/26/2020 4:26:02 PM,ESENT,642,General,"Catalog Database (4364,D,50) Catalog Database: The database format feature version 9180 (0x23dc) could not be used due to the current database format 1568.20.0, controlled by the parameter 0x410022D8 (8920 | JET_efvAllowHigherPersistedFormat)."
Warning,8/26/2020 4:26:02 PM,ESENT,642,General,"Catalog Database (4364,D,12) Catalog Database: The database format feature version 9080 (0x2378) could not be used due to the current database format 1568.20.0, controlled by the parameter 0x410022D8 (8920 | JET_efvAllowHigherPersistedFormat)."
Warning,8/26/2020 4:26:02 PM,ESENT,642,General,"Catalog Database (4364,D,50) Catalog Database: The database format feature version 9180 (0x23dc) could not be used due to the current database format 1568.20.0, controlled by the parameter 0x410022D8 (8920 | JET_efvAllowHigherPersistedFormat)."
Warning,8/26/2020 4:26:02 PM,ESENT,642,General,"Catalog Database (4364,D,12) Catalog Database: The database format feature version 9080 (0x2378) could not be used due to the current database format 1568.20.0, controlled by the parameter 0x410022D8 (8920 | JET_efvAllowHigherPersistedFormat)."
Warning,8/26/2020 4:26:02 PM,ESENT,642,General,"Catalog Database (4364,D,50) Catalog Database: The database format feature version 9180 (0x23dc) could not be used due to the current database format 1568.20.0, controlled by the parameter 0x410022D8 (8920 | JET_efvAllowHigherPersistedFormat)."
Warning,8/26/2020 4:26:02 PM,ESENT,642,General,"Catalog Database (4364,D,12) Catalog Database: The database format feature version 9080 (0x2378) could not be used due to the current database format 1568.20.0, controlled by the parameter 0x410022D8 (8920 | JET_efvAllowHigherPersistedFormat)."
Warning,8/26/2020 4:26:02 PM,ESENT,642,General,"Catalog Database (4364,D,50) Catalog Database: The database format feature version 9180 (0x23dc) could not be used due to the current database format 1568.20.0, controlled by the parameter 0x410022D8 (8920 | JET_efvAllowHigherPersistedFormat)."
Warning,8/26/2020 4:26:00 PM,ESENT,642,General,"Catalog Database (4364,D,12) Catalog Database: The database format feature version 9080 (0x2378) could not be used due to the current database format 1568.20.0, controlled by the parameter 0x410022D8 (8920 | JET_efvAllowHigherPersistedFormat)."
Warning,8/26/2020 4:26:00 PM,ESENT,642,General,"Catalog Database (4364,D,50) Catalog Database: The database format feature version 9180 (0x23dc) could not be used due to the current database format 1568.20.0, controlled by the parameter 0x410022D8 (8920 | JET_efvAllowHigherPersistedFormat)."
Warning,8/26/2020 4:26:00 PM,ESENT,642,General,"Catalog Database (4364,D,12) Catalog Database: The database format feature version 9080 (0x2378) could not be used due to the current database format 1568.20.0, controlled by the parameter 0x410022D8 (8920 | JET_efvAllowHigherPersistedFormat)."
Warning,8/26/2020 4:26:00 PM,ESENT,642,General,"Catalog Database (4364,D,50) Catalog Database: The database format feature version 9180 (0x23dc) could not be used due to the current database format 1568.20.0, controlled by the parameter 0x410022D8 (8920 | JET_efvAllowHigherPersistedFormat)."
Warning,8/26/2020 4:25:57 PM,ESENT,642,General,"Catalog Database (4364,D,12) Catalog Database: The database format feature version 9080 (0x2378) could not be used due to the current database format 1568.20.0, controlled by the parameter 0x410022D8 (8920 | JET_efvAllowHigherPersistedFormat)."
Warning,8/26/2020 4:25:57 PM,ESENT,642,General,"Catalog Database (4364,D,50) Catalog Database: The database format feature version 9180 (0x23dc) could not be used due to the current database format 1568.20.0, controlled by the parameter 0x410022D8 (8920 | JET_efvAllowHigherPersistedFormat)."
