Warning,5/27/2020 1:50:40 PM,ESENT,642,General,"Catalog Database (5184,D,12) Catalog Database: The database format feature version 9080 (0x2378) could not be used due to the current database format 1568.20.0, controlled by the parameter 0x410022D8 (8920 | JET_efvAllowHigherPersistedFormat)."
Warning,5/27/2020 1:50:40 PM,ESENT,642,General,"Catalog Database (5184,D,50) Catalog Database: The database format feature version 9180 (0x23dc) could not be used due to the current database format 1568.20.0, controlled by the parameter 0x410022D8 (8920 | JET_efvAllowHigherPersistedFormat)."
Warning,5/27/2020 1:49:51 PM,ESENT,642,General,"Catalog Database (5184,D,12) Catalog Database: The database format feature version 9080 (0x2378) could not be used due to the current database format 1568.20.0, controlled by the parameter 0x410022D8 (8920 | JET_efvAllowHigherPersistedFormat)."
Warning,5/27/2020 1:49:51 PM,ESENT,642,General,"Catalog Database (5184,D,50) Catalog Database: The database format feature version 9180 (0x23dc) could not be used due to the current database format 1568.20.0, controlled by the parameter 0x410022D8 (8920 | JET_efvAllowHigherPersistedFormat)."
Warning,5/27/2020 1:49:51 PM,ESENT,642,General,"Catalog Database (5184,D,12) Catalog Database: The database format feature version 9080 (0x2378) could not be used due to the current database format 1568.20.0, controlled by the parameter 0x410022D8 (8920 | JET_efvAllowHigherPersistedFormat)."
Warning,5/27/2020 1:49:51 PM,ESENT,642,General,"Catalog Database (5184,D,50) Catalog Database: The database format feature version 9180 (0x23dc) could not be used due to the current database format 1568.20.0, controlled by the parameter 0x410022D8 (8920 | JET_efvAllowHigherPersistedFormat)."
Warning,5/27/2020 1:49:50 PM,ESENT,642,General,"Catalog Database (5184,D,12) Catalog Database: The database format feature version 9080 (0x2378) could not be used due to the current database format 1568.20.0, controlled by the parameter 0x410022D8 (8920 | JET_efvAllowHigherPersistedFormat)."
Warning,5/27/2020 1:49:50 PM,ESENT,642,General,"Catalog Database (5184,D,50) Catalog Database: The database format feature version 9180 (0x23dc) could not be used due to the current database format 1568.20.0, controlled by the parameter 0x410022D8 (8920 | JET_efvAllowHigherPersistedFormat)."
Warning,5/27/2020 1:49:50 PM,ESENT,642,General,"Catalog Database (5184,D,12) Catalog Database: The database format feature version 9080 (0x2378) could not be used due to the current database format 1568.20.0, controlled by the parameter 0x410022D8 (8920 | JET_efvAllowHigherPersistedFormat)."
Warning,5/27/2020 1:49:50 PM,ESENT,642,General,"Catalog Database (5184,D,50) Catalog Database: The database format feature version 9180 (0x23dc) could not be used due to the current database format 1568.20.0, controlled by the parameter 0x410022D8 (8920 | JET_efvAllowHigherPersistedFormat)."
Warning,5/27/2020 1:49:23 PM,ESENT,642,General,"Catalog Database (5184,D,12) Catalog Database: The database format feature version 9080 (0x2378) could not be used due to the current database format 1568.20.0, controlled by the parameter 0x410022D8 (8920 | JET_efvAllowHigherPersistedFormat)."
Warning,5/27/2020 1:49:23 PM,ESENT,642,General,"Catalog Database (5184,D,50) Catalog Database: The database format feature version 9180 (0x23dc) could not be used due to the current database format 1568.20.0, controlled by the parameter 0x410022D8 (8920 | JET_efvAllowHigherPersistedFormat)."
Warning,5/27/2020 1:49:23 PM,ESENT,642,General,"Catalog Database (5184,D,12) Catalog Database: The database format feature version 9080 (0x2378) could not be used due to the current database format 1568.20.0, controlled by the parameter 0x410022D8 (8920 | JET_efvAllowHigherPersistedFormat)."
Warning,5/27/2020 1:49:23 PM,ESENT,642,General,"Catalog Database (5184,D,50) Catalog Database: The database format feature version 9180 (0x23dc) could not be used due to the current database format 1568.20.0, controlled by the parameter 0x410022D8 (8920 | JET_efvAllowHigherPersistedFormat)."
Error,5/27/2020 1:49:20 PM,Office 2016 Licensing Service,0,None,The operation completed successfully.
Error,5/27/2020 1:49:19 PM,Microsoft-Windows-AppModel-Runtime,65,None,Failed with 0x57 retrieving AppModel Runtime status for package Windows.
Error,5/27/2020 1:48:58 PM,Microsoft-Windows-Dhcp-Client,1001,Address Configuration State Event,Your computer was not assigned an address from the network (by the DHCP Server) for the Network Card with network address 0x1C3947B8DD80.  The following error occurred: 0x79. Your computer will continue to try and obtain an address on its own from the network address (DHCP) server.
Warning,5/27/2020 1:48:54 PM,ESENT,642,General,"Catalog Database (5184,D,12) Catalog Database: The database format feature version 9080 (0x2378) could not be used due to the current database format 1568.20.0, controlled by the parameter 0x410022D8 (8920 | JET_efvAllowHigherPersistedFormat)."
Warning,5/27/2020 1:48:54 PM,ESENT,642,General,"Catalog Database (5184,D,50) Catalog Database: The database format feature version 9180 (0x23dc) could not be used due to the current database format 1568.20.0, controlled by the parameter 0x410022D8 (8920 | JET_efvAllowHigherPersistedFormat)."
Warning,5/27/2020 1:48:54 PM,ESENT,642,General,"Catalog Database (5184,D,12) Catalog Database: The database format feature version 9080 (0x2378) could not be used due to the current database format 1568.20.0, controlled by the parameter 0x410022D8 (8920 | JET_efvAllowHigherPersistedFormat)."
Warning,5/27/2020 1:48:54 PM,ESENT,642,General,"Catalog Database (5184,D,50) Catalog Database: The database format feature version 9180 (0x23dc) could not be used due to the current database format 1568.20.0, controlled by the parameter 0x410022D8 (8920 | JET_efvAllowHigherPersistedFormat)."
Warning,5/27/2020 1:48:12 PM,ESENT,642,General,"Catalog Database (5184,D,12) Catalog Database: The database format feature version 9080 (0x2378) could not be used due to the current database format 1568.20.0, controlled by the parameter 0x410022D8 (8920 | JET_efvAllowHigherPersistedFormat)."
Warning,5/27/2020 1:48:11 PM,ESENT,642,General,"Catalog Database (5184,D,50) Catalog Database: The database format feature version 9180 (0x23dc) could not be used due to the current database format 1568.20.0, controlled by the parameter 0x410022D8 (8920 | JET_efvAllowHigherPersistedFormat)."
Warning,5/27/2020 1:48:11 PM,ESENT,642,General,"Catalog Database (5184,D,12) Catalog Database: The database format feature version 9080 (0x2378) could not be used due to the current database format 1568.20.0, controlled by the parameter 0x410022D8 (8920 | JET_efvAllowHigherPersistedFormat)."
Warning,5/27/2020 1:48:11 PM,ESENT,642,General,"Catalog Database (5184,D,50) Catalog Database: The database format feature version 9180 (0x23dc) could not be used due to the current database format 1568.20.0, controlled by the parameter 0x410022D8 (8920 | JET_efvAllowHigherPersistedFormat)."
Warning,5/27/2020 1:48:10 PM,ESENT,642,General,"Catalog Database (5184,D,12) Catalog Database: The database format feature version 9080 (0x2378) could not be used due to the current database format 1568.20.0, controlled by the parameter 0x410022D8 (8920 | JET_efvAllowHigherPersistedFormat)."
Warning,5/27/2020 1:48:10 PM,ESENT,642,General,"Catalog Database (5184,D,50) Catalog Database: The database format feature version 9180 (0x23dc) could not be used due to the current database format 1568.20.0, controlled by the parameter 0x410022D8 (8920 | JET_efvAllowHigherPersistedFormat)."
Warning,5/27/2020 1:48:10 PM,ESENT,642,General,"Catalog Database (5184,D,12) Catalog Database: The database format feature version 9080 (0x2378) could not be used due to the current database format 1568.20.0, controlled by the parameter 0x410022D8 (8920 | JET_efvAllowHigherPersistedFormat)."
Warning,5/27/2020 1:48:10 PM,ESENT,642,General,"Catalog Database (5184,D,50) Catalog Database: The database format feature version 9180 (0x23dc) could not be used due to the current database format 1568.20.0, controlled by the parameter 0x410022D8 (8920 | JET_efvAllowHigherPersistedFormat)."
Warning,5/27/2020 1:48:04 PM,ESENT,642,General,"Catalog Database (5184,D,12) Catalog Database: The database format feature version 9080 (0x2378) could not be used due to the current database format 1568.20.0, controlled by the parameter 0x410022D8 (8920 | JET_efvAllowHigherPersistedFormat)."
Warning,5/27/2020 1:48:04 PM,ESENT,642,General,"Catalog Database (5184,D,50) Catalog Database: The database format feature version 9180 (0x23dc) could not be used due to the current database format 1568.20.0, controlled by the parameter 0x410022D8 (8920 | JET_efvAllowHigherPersistedFormat)."
Warning,5/27/2020 1:48:04 PM,ESENT,642,General,"Catalog Database (5184,D,12) Catalog Database: The database format feature version 9080 (0x2378) could not be used due to the current database format 1568.20.0, controlled by the parameter 0x410022D8 (8920 | JET_efvAllowHigherPersistedFormat)."
Warning,5/27/2020 1:48:04 PM,ESENT,642,General,"Catalog Database (5184,D,50) Catalog Database: The database format feature version 9180 (0x23dc) could not be used due to the current database format 1568.20.0, controlled by the parameter 0x410022D8 (8920 | JET_efvAllowHigherPersistedFormat)."
Warning,5/27/2020 1:48:02 PM,ESENT,642,General,"Catalog Database (5184,D,12) Catalog Database: The database format feature version 9080 (0x2378) could not be used due to the current database format 1568.20.0, controlled by the parameter 0x410022D8 (8920 | JET_efvAllowHigherPersistedFormat)."
Warning,5/27/2020 1:48:02 PM,ESENT,642,General,"Catalog Database (5184,D,50) Catalog Database: The database format feature version 9180 (0x23dc) could not be used due to the current database format 1568.20.0, controlled by the parameter 0x410022D8 (8920 | JET_efvAllowHigherPersistedFormat)."
Warning,5/27/2020 1:48:02 PM,ESENT,642,General,"Catalog Database (5184,D,12) Catalog Database: The database format feature version 9080 (0x2378) could not be used due to the current database format 1568.20.0, controlled by the parameter 0x410022D8 (8920 | JET_efvAllowHigherPersistedFormat)."
Warning,5/27/2020 1:48:02 PM,ESENT,642,General,"Catalog Database (5184,D,50) Catalog Database: The database format feature version 9180 (0x23dc) could not be used due to the current database format 1568.20.0, controlled by the parameter 0x410022D8 (8920 | JET_efvAllowHigherPersistedFormat)."
Warning,5/27/2020 1:48:02 PM,ESENT,642,General,"Catalog Database (5184,D,12) Catalog Database: The database format feature version 9080 (0x2378) could not be used due to the current database format 1568.20.0, controlled by the parameter 0x410022D8 (8920 | JET_efvAllowHigherPersistedFormat)."
Warning,5/27/2020 1:48:02 PM,ESENT,642,General,"Catalog Database (5184,D,50) Catalog Database: The database format feature version 9180 (0x23dc) could not be used due to the current database format 1568.20.0, controlled by the parameter 0x410022D8 (8920 | JET_efvAllowHigherPersistedFormat)."
Warning,5/27/2020 1:48:02 PM,ESENT,642,General,"Catalog Database (5184,D,12) Catalog Database: The database format feature version 9080 (0x2378) could not be used due to the current database format 1568.20.0, controlled by the parameter 0x410022D8 (8920 | JET_efvAllowHigherPersistedFormat)."
Warning,5/27/2020 1:48:02 PM,ESENT,642,General,"Catalog Database (5184,D,50) Catalog Database: The database format feature version 9180 (0x23dc) could not be used due to the current database format 1568.20.0, controlled by the parameter 0x410022D8 (8920 | JET_efvAllowHigherPersistedFormat)."
Warning,5/27/2020 1:48:02 PM,ESENT,642,General,"Catalog Database (5184,D,12) Catalog Database: The database format feature version 9080 (0x2378) could not be used due to the current database format 1568.20.0, controlled by the parameter 0x410022D8 (8920 | JET_efvAllowHigherPersistedFormat)."
Warning,5/27/2020 1:48:02 PM,ESENT,642,General,"Catalog Database (5184,D,50) Catalog Database: The database format feature version 9180 (0x23dc) could not be used due to the current database format 1568.20.0, controlled by the parameter 0x410022D8 (8920 | JET_efvAllowHigherPersistedFormat)."
Warning,5/27/2020 1:48:02 PM,ESENT,642,General,"Catalog Database (5184,D,12) Catalog Database: The database format feature version 9080 (0x2378) could not be used due to the current database format 1568.20.0, controlled by the parameter 0x410022D8 (8920 | JET_efvAllowHigherPersistedFormat)."
Warning,5/27/2020 1:48:01 PM,ESENT,642,General,"Catalog Database (5184,D,50) Catalog Database: The database format feature version 9180 (0x23dc) could not be used due to the current database format 1568.20.0, controlled by the parameter 0x410022D8 (8920 | JET_efvAllowHigherPersistedFormat)."
Warning,5/27/2020 1:48:01 PM,ESENT,642,General,"Catalog Database (5184,D,12) Catalog Database: The database format feature version 9080 (0x2378) could not be used due to the current database format 1568.20.0, controlled by the parameter 0x410022D8 (8920 | JET_efvAllowHigherPersistedFormat)."
Warning,5/27/2020 1:48:01 PM,ESENT,642,General,"Catalog Database (5184,D,50) Catalog Database: The database format feature version 9180 (0x23dc) could not be used due to the current database format 1568.20.0, controlled by the parameter 0x410022D8 (8920 | JET_efvAllowHigherPersistedFormat)."
Warning,5/27/2020 1:48:01 PM,ESENT,642,General,"Catalog Database (5184,D,12) Catalog Database: The database format feature version 9080 (0x2378) could not be used due to the current database format 1568.20.0, controlled by the parameter 0x410022D8 (8920 | JET_efvAllowHigherPersistedFormat)."
Warning,5/27/2020 1:48:01 PM,ESENT,642,General,"Catalog Database (5184,D,50) Catalog Database: The database format feature version 9180 (0x23dc) could not be used due to the current database format 1568.20.0, controlled by the parameter 0x410022D8 (8920 | JET_efvAllowHigherPersistedFormat)."
Warning,5/27/2020 1:48:00 PM,ESENT,642,General,"Catalog Database (5184,D,12) Catalog Database: The database format feature version 9080 (0x2378) could not be used due to the current database format 1568.20.0, controlled by the parameter 0x410022D8 (8920 | JET_efvAllowHigherPersistedFormat)."
Warning,5/27/2020 1:48:00 PM,ESENT,642,General,"Catalog Database (5184,D,50) Catalog Database: The database format feature version 9180 (0x23dc) could not be used due to the current database format 1568.20.0, controlled by the parameter 0x410022D8 (8920 | JET_efvAllowHigherPersistedFormat)."
Warning,5/27/2020 1:48:00 PM,ESENT,642,General,"Catalog Database (5184,D,12) Catalog Database: The database format feature version 9080 (0x2378) could not be used due to the current database format 1568.20.0, controlled by the parameter 0x410022D8 (8920 | JET_efvAllowHigherPersistedFormat)."
Warning,5/27/2020 1:48:00 PM,ESENT,642,General,"Catalog Database (5184,D,50) Catalog Database: The database format feature version 9180 (0x23dc) could not be used due to the current database format 1568.20.0, controlled by the parameter 0x410022D8 (8920 | JET_efvAllowHigherPersistedFormat)."
Warning,5/27/2020 1:48:00 PM,ESENT,642,General,"Catalog Database (5184,D,12) Catalog Database: The database format feature version 9080 (0x2378) could not be used due to the current database format 1568.20.0, controlled by the parameter 0x410022D8 (8920 | JET_efvAllowHigherPersistedFormat)."
Warning,5/27/2020 1:47:59 PM,ESENT,642,General,"Catalog Database (5184,D,50) Catalog Database: The database format feature version 9180 (0x23dc) could not be used due to the current database format 1568.20.0, controlled by the parameter 0x410022D8 (8920 | JET_efvAllowHigherPersistedFormat)."
Warning,5/27/2020 1:47:59 PM,ESENT,642,General,"Catalog Database (5184,D,12) Catalog Database: The database format feature version 9080 (0x2378) could not be used due to the current database format 1568.20.0, controlled by the parameter 0x410022D8 (8920 | JET_efvAllowHigherPersistedFormat)."
Warning,5/27/2020 1:47:59 PM,ESENT,642,General,"Catalog Database (5184,D,50) Catalog Database: The database format feature version 9180 (0x23dc) could not be used due to the current database format 1568.20.0, controlled by the parameter 0x410022D8 (8920 | JET_efvAllowHigherPersistedFormat)."
Error,5/27/2020 1:47:41 PM,Microsoft-Windows-AppModel-Runtime,65,None,Failed with 0x57 retrieving AppModel Runtime status for package Windows.
Warning,5/27/2020 1:47:31 PM,Microsoft-Windows-Security-SPP,8233,None,"The rules engine reported a failed VL activation attempt.
Reason:0xC004F074
AppId = 0ff1ce15-a989-479d-af46-f275c6370663, SkuId = dedfa23d-6ed1-45a6-85dc-63cae0546de6
Trigger=NetworkAvailable"
Warning,5/27/2020 1:47:29 PM,ESENT,642,General,"Catalog Database (5184,D,12) Catalog Database: The database format feature version 9080 (0x2378) could not be used due to the current database format 1568.20.0, controlled by the parameter 0x410022D8 (8920 | JET_efvAllowHigherPersistedFormat)."
Warning,5/27/2020 1:47:29 PM,ESENT,642,General,"Catalog Database (5184,D,50) Catalog Database: The database format feature version 9180 (0x23dc) could not be used due to the current database format 1568.20.0, controlled by the parameter 0x410022D8 (8920 | JET_efvAllowHigherPersistedFormat)."
Warning,5/27/2020 1:47:29 PM,ESENT,642,General,"Catalog Database (5184,D,12) Catalog Database: The database format feature version 9080 (0x2378) could not be used due to the current database format 1568.20.0, controlled by the parameter 0x410022D8 (8920 | JET_efvAllowHigherPersistedFormat)."
Warning,5/27/2020 1:47:29 PM,ESENT,642,General,"Catalog Database (5184,D,50) Catalog Database: The database format feature version 9180 (0x23dc) could not be used due to the current database format 1568.20.0, controlled by the parameter 0x410022D8 (8920 | JET_efvAllowHigherPersistedFormat)."
Warning,5/27/2020 1:47:04 PM,Microsoft-Windows-Security-SPP,8233,None,"The rules engine reported a failed VL activation attempt.
Reason:0xC004F074
AppId = 0ff1ce15-a989-479d-af46-f275c6370663, SkuId = dedfa23d-6ed1-45a6-85dc-63cae0546de6
Trigger=TimerEvent"
Warning,5/27/2020 1:46:50 PM,ESENT,642,General,"Catalog Database (5184,D,12) Catalog Database: The database format feature version 9080 (0x2378) could not be used due to the current database format 1568.20.0, controlled by the parameter 0x410022D8 (8920 | JET_efvAllowHigherPersistedFormat)."
Warning,5/27/2020 1:46:49 PM,ESENT,642,General,"Catalog Database (5184,D,50) Catalog Database: The database format feature version 9180 (0x23dc) could not be used due to the current database format 1568.20.0, controlled by the parameter 0x410022D8 (8920 | JET_efvAllowHigherPersistedFormat)."
Warning,5/27/2020 1:46:49 PM,ESENT,642,General,"Catalog Database (5184,D,12) Catalog Database: The database format feature version 9080 (0x2378) could not be used due to the current database format 1568.20.0, controlled by the parameter 0x410022D8 (8920 | JET_efvAllowHigherPersistedFormat)."
Warning,5/27/2020 1:46:49 PM,ESENT,642,General,"Catalog Database (5184,D,50) Catalog Database: The database format feature version 9180 (0x23dc) could not be used due to the current database format 1568.20.0, controlled by the parameter 0x410022D8 (8920 | JET_efvAllowHigherPersistedFormat)."
Warning,5/27/2020 1:46:34 PM,ESENT,642,General,"Catalog Database (5184,D,12) Catalog Database: The database format feature version 9080 (0x2378) could not be used due to the current database format 1568.20.0, controlled by the parameter 0x410022D8 (8920 | JET_efvAllowHigherPersistedFormat)."
Warning,5/27/2020 1:46:34 PM,ESENT,642,General,"Catalog Database (5184,D,50) Catalog Database: The database format feature version 9180 (0x23dc) could not be used due to the current database format 1568.20.0, controlled by the parameter 0x410022D8 (8920 | JET_efvAllowHigherPersistedFormat)."
Warning,5/27/2020 1:46:34 PM,ESENT,642,General,"Catalog Database (5184,D,12) Catalog Database: The database format feature version 9080 (0x2378) could not be used due to the current database format 1568.20.0, controlled by the parameter 0x410022D8 (8920 | JET_efvAllowHigherPersistedFormat)."
Warning,5/27/2020 1:46:34 PM,ESENT,642,General,"Catalog Database (5184,D,50) Catalog Database: The database format feature version 9180 (0x23dc) could not be used due to the current database format 1568.20.0, controlled by the parameter 0x410022D8 (8920 | JET_efvAllowHigherPersistedFormat)."
Warning,5/27/2020 1:46:32 PM,BTHUSB,34,None,"The local adapter does not support an important Low Energy controller state to support peripheral mode.  The minimum required supported state mask is 0x2491f7fffff, got 0x1fffffff.  Low Energy peripheral role functionality will not be available."
Error,5/27/2020 1:46:25 PM,Microsoft-Windows-Kernel-Power,137,None,The system firmware has changed the processor's memory type range registers (MTRRs) across a sleep state transition (S4). This can result in reduced resume performance.
Warning,5/27/2020 1:46:24 PM,ESENT,642,General,"Catalog Database (5184,D,12) Catalog Database: The database format feature version 9080 (0x2378) could not be used due to the current database format 1568.20.0, controlled by the parameter 0x410022D8 (8920 | JET_efvAllowHigherPersistedFormat)."
Warning,5/27/2020 1:46:24 PM,ESENT,642,General,"Catalog Database (5184,D,50) Catalog Database: The database format feature version 9180 (0x23dc) could not be used due to the current database format 1568.20.0, controlled by the parameter 0x410022D8 (8920 | JET_efvAllowHigherPersistedFormat)."
Warning,5/27/2020 1:46:24 PM,ESENT,642,General,"Catalog Database (5184,D,12) Catalog Database: The database format feature version 9080 (0x2378) could not be used due to the current database format 1568.20.0, controlled by the parameter 0x410022D8 (8920 | JET_efvAllowHigherPersistedFormat)."
Warning,5/27/2020 1:46:24 PM,ESENT,642,General,"Catalog Database (5184,D,50) Catalog Database: The database format feature version 9180 (0x23dc) could not be used due to the current database format 1568.20.0, controlled by the parameter 0x410022D8 (8920 | JET_efvAllowHigherPersistedFormat)."
Warning,5/27/2020 1:46:12 PM,ESENT,642,General,"Catalog Database (5184,D,12) Catalog Database: The database format feature version 9080 (0x2378) could not be used due to the current database format 1568.20.0, controlled by the parameter 0x410022D8 (8920 | JET_efvAllowHigherPersistedFormat)."
Warning,5/27/2020 1:46:12 PM,ESENT,642,General,"Catalog Database (5184,D,50) Catalog Database: The database format feature version 9180 (0x23dc) could not be used due to the current database format 1568.20.0, controlled by the parameter 0x410022D8 (8920 | JET_efvAllowHigherPersistedFormat)."
Warning,5/27/2020 1:46:12 PM,ESENT,642,General,"Catalog Database (5184,D,12) Catalog Database: The database format feature version 9080 (0x2378) could not be used due to the current database format 1568.20.0, controlled by the parameter 0x410022D8 (8920 | JET_efvAllowHigherPersistedFormat)."
Warning,5/27/2020 1:46:11 PM,ESENT,642,General,"Catalog Database (5184,D,50) Catalog Database: The database format feature version 9180 (0x23dc) could not be used due to the current database format 1568.20.0, controlled by the parameter 0x410022D8 (8920 | JET_efvAllowHigherPersistedFormat)."
Warning,5/27/2020 1:46:09 PM,BTHUSB,34,None,"The local adapter does not support an important Low Energy controller state to support peripheral mode.  The minimum required supported state mask is 0x2491f7fffff, got 0x1fffffff.  Low Energy peripheral role functionality will not be available."
Error,5/15/2020 2:41:51 PM,Microsoft-Windows-Kernel-Power,137,None,The system firmware has changed the processor's memory type range registers (MTRRs) across a sleep state transition (S4). This can result in reduced resume performance.
Warning,5/15/2020 2:30:04 PM,ESENT,642,General,"Catalog Database (5184,D,12) Catalog Database: The database format feature version 9080 (0x2378) could not be used due to the current database format 1568.20.0, controlled by the parameter 0x410022D8 (8920 | JET_efvAllowHigherPersistedFormat)."
Warning,5/15/2020 2:30:04 PM,ESENT,642,General,"Catalog Database (5184,D,50) Catalog Database: The database format feature version 9180 (0x23dc) could not be used due to the current database format 1568.20.0, controlled by the parameter 0x410022D8 (8920 | JET_efvAllowHigherPersistedFormat)."
Warning,5/15/2020 2:30:04 PM,ESENT,642,General,"Catalog Database (5184,D,12) Catalog Database: The database format feature version 9080 (0x2378) could not be used due to the current database format 1568.20.0, controlled by the parameter 0x410022D8 (8920 | JET_efvAllowHigherPersistedFormat)."
Warning,5/15/2020 2:30:04 PM,ESENT,642,General,"Catalog Database (5184,D,50) Catalog Database: The database format feature version 9180 (0x23dc) could not be used due to the current database format 1568.20.0, controlled by the parameter 0x410022D8 (8920 | JET_efvAllowHigherPersistedFormat)."
Warning,5/15/2020 2:14:41 PM,Microsoft-Windows-DistributedCOM,10016,None,"The machine-default permission settings do not grant Local Activation permission for the COM Server application with CLSID 
{C2F03A33-21F5-47FA-B4BB-156362A2F239}
 and APPID 
{316CDED5-E4AE-4B15-9113-7055D84DCC97}
 to the user LAPTOP-3VCLFU80\almoi SID (S-1-5-21-3160199353-1972228045-1784530820-1001) from address LocalHost (Using LRPC) running in the application container Microsoft.Windows.ShellExperienceHost_10.0.19041.1_neutral_neutral_cw5n1h2txyewy SID (S-1-15-2-155514346-2573954481-755741238-1654018636-1233331829-3075935687-2861478708). This security permission can be modified using the Component Services administrative tool."
Warning,5/15/2020 2:14:39 PM,Microsoft-Windows-RestartManager,10010,None,Application 'C:\Windows\Lenovo\ImController\PluginHost86\Lenovo.Modern.ImController.PluginHost.CompanionApp.exe' (pid 12524) cannot be restarted - Application SID does not match Conductor SID..
Warning,5/15/2020 2:14:39 PM,Microsoft-Windows-RestartManager,10010,None,Application 'C:\Windows\Lenovo\ImController\PluginHost86\Lenovo.Modern.ImController.PluginHost.Device.exe' (pid 14208) cannot be restarted - Application SID does not match Conductor SID..
Warning,5/15/2020 2:14:39 PM,Microsoft-Windows-RestartManager,10010,None,Application 'C:\Windows\Lenovo\ImController\PluginHost\Lenovo.Modern.ImController.PluginHost.CompanionApp.exe' (pid 2808) cannot be restarted - Application SID does not match Conductor SID..
Warning,5/15/2020 2:14:39 PM,Microsoft-Windows-RestartManager,10010,None,Application 'C:\Windows\Lenovo\ImController\PluginHost\Lenovo.Modern.ImController.PluginHost.SettingsApp.exe' (pid 3564) cannot be restarted - Application SID does not match Conductor SID..
Warning,5/15/2020 2:14:30 PM,ESENT,642,General,"Catalog Database (5184,D,22) Catalog Database: The database format feature version 9120 (0x23a0) could not be used due to the current database format 1568.20.0, controlled by the parameter 0x410022D8 (8920 | JET_efvAllowHigherPersistedFormat)."
Warning,5/15/2020 2:14:30 PM,ESENT,642,General,"Catalog Database (5184,D,12) Catalog Database: The database format feature version 9080 (0x2378) could not be used due to the current database format 1568.20.0, controlled by the parameter 0x410022D8 (8920 | JET_efvAllowHigherPersistedFormat)."
Warning,5/15/2020 2:14:30 PM,ESENT,642,General,"Catalog Database (5184,D,50) Catalog Database: The database format feature version 9180 (0x23dc) could not be used due to the current database format 1568.20.0, controlled by the parameter 0x410022D8 (8920 | JET_efvAllowHigherPersistedFormat)."
Warning,5/15/2020 2:14:30 PM,ESENT,642,General,"Catalog Database (5184,D,12) Catalog Database: The database format feature version 9080 (0x2378) could not be used due to the current database format 1568.20.0, controlled by the parameter 0x410022D8 (8920 | JET_efvAllowHigherPersistedFormat)."
Warning,5/15/2020 2:14:30 PM,ESENT,642,General,"Catalog Database (5184,D,50) Catalog Database: The database format feature version 9180 (0x23dc) could not be used due to the current database format 1568.20.0, controlled by the parameter 0x410022D8 (8920 | JET_efvAllowHigherPersistedFormat)."
Warning,5/15/2020 1:19:50 PM,ESENT,642,General,"Video.UI (12612,D,2) {679EFA1F-F2B9-457E-A12C-3896822BFEB2}: The database format feature version 9080 (0x2378) could not be used due to the current database format 1568.20.0, controlled by the parameter 0x410022D8 (8920 | JET_efvAllowHigherPersistedFormat)."
Warning,5/15/2020 1:19:50 PM,ESENT,642,General,"Video.UI (12612,D,2) {679EFA1F-F2B9-457E-A12C-3896822BFEB2}: The database format feature version 9180 (0x23dc) could not be used due to the current database format 1568.20.0, controlled by the parameter 0x410022D8 (8920 | JET_efvAllowHigherPersistedFormat)."
Warning,5/15/2020 1:19:50 PM,ESENT,642,General,"Video.UI (12612,D,12) {679EFA1F-F2B9-457E-A12C-3896822BFEB2}: The database format feature version 9080 (0x2378) could not be used due to the current database format 1568.20.0, controlled by the parameter 0x410022D8 (8920 | JET_efvAllowHigherPersistedFormat)."
Warning,5/15/2020 1:19:50 PM,ESENT,642,General,"Video.UI (12612,D,50) {679EFA1F-F2B9-457E-A12C-3896822BFEB2}: The database format feature version 9180 (0x23dc) could not be used due to the current database format 1568.20.0, controlled by the parameter 0x410022D8 (8920 | JET_efvAllowHigherPersistedFormat)."
Warning,5/15/2020 1:19:49 PM,ESENT,642,General,"Video.UI (12612,R,98) {679EFA1F-F2B9-457E-A12C-3896822BFEB2}: The database format feature version 9180 (0x23dc) could not be used due to the current database format 1568.20.0, controlled by the parameter 0x410022D8 (8920 | JET_efvAllowHigherPersistedFormat)."
Warning,5/15/2020 1:17:27 PM,ESENT,642,General,"Catalog Database (5184,D,12) Catalog Database: The database format feature version 9080 (0x2378) could not be used due to the current database format 1568.20.0, controlled by the parameter 0x410022D8 (8920 | JET_efvAllowHigherPersistedFormat)."
Warning,5/15/2020 1:17:27 PM,ESENT,642,General,"Catalog Database (5184,D,12) Catalog Database: The database format feature version 9080 (0x2378) could not be used due to the current database format 1568.20.0, controlled by the parameter 0x410022D8 (8920 | JET_efvAllowHigherPersistedFormat)."
Error,5/15/2020 1:06:10 PM,Microsoft-Windows-PrintService,808,Initializing,"The print spooler failed to load a plug-in module C:\WINDOWS\system32\spool\DRIVERS\x64\3\FXSUI.DLL, error code 0x7E. See the event user data for context information."
Error,5/15/2020 1:06:10 PM,Microsoft-Windows-PrintService,808,Initializing,"The print spooler failed to load a plug-in module C:\WINDOWS\system32\spool\DRIVERS\x64\3\FXSUI.DLL, error code 0x7E. See the event user data for context information."
Error,5/15/2020 1:06:10 PM,Microsoft-Windows-PrintService,808,Initializing,"The print spooler failed to load a plug-in module C:\WINDOWS\system32\spool\DRIVERS\x64\3\FXSUI.DLL, error code 0x7E. See the event user data for context information."
Warning,5/15/2020 12:55:43 PM,ESENT,642,General,"Catalog Database (5184,D,12) Catalog Database: The database format feature version 9080 (0x2378) could not be used due to the current database format 1568.20.0, controlled by the parameter 0x410022D8 (8920 | JET_efvAllowHigherPersistedFormat)."
Warning,5/15/2020 12:55:43 PM,ESENT,642,General,"Catalog Database (5184,D,50) Catalog Database: The database format feature version 9180 (0x23dc) could not be used due to the current database format 1568.20.0, controlled by the parameter 0x410022D8 (8920 | JET_efvAllowHigherPersistedFormat)."
Warning,5/15/2020 12:55:43 PM,ESENT,642,General,"Catalog Database (5184,D,12) Catalog Database: The database format feature version 9080 (0x2378) could not be used due to the current database format 1568.20.0, controlled by the parameter 0x410022D8 (8920 | JET_efvAllowHigherPersistedFormat)."
Warning,5/15/2020 12:55:43 PM,ESENT,642,General,"Catalog Database (5184,D,50) Catalog Database: The database format feature version 9180 (0x23dc) could not be used due to the current database format 1568.20.0, controlled by the parameter 0x410022D8 (8920 | JET_efvAllowHigherPersistedFormat)."
Warning,5/15/2020 12:55:41 PM,ESENT,642,General,"Catalog Database (5184,D,12) Catalog Database: The database format feature version 9080 (0x2378) could not be used due to the current database format 1568.20.0, controlled by the parameter 0x410022D8 (8920 | JET_efvAllowHigherPersistedFormat)."
Warning,5/15/2020 12:55:41 PM,ESENT,642,General,"Catalog Database (5184,D,50) Catalog Database: The database format feature version 9180 (0x23dc) could not be used due to the current database format 1568.20.0, controlled by the parameter 0x410022D8 (8920 | JET_efvAllowHigherPersistedFormat)."
Warning,5/15/2020 12:55:41 PM,ESENT,642,General,"Catalog Database (5184,D,12) Catalog Database: The database format feature version 9080 (0x2378) could not be used due to the current database format 1568.20.0, controlled by the parameter 0x410022D8 (8920 | JET_efvAllowHigherPersistedFormat)."
Warning,5/15/2020 12:55:41 PM,ESENT,642,General,"Catalog Database (5184,D,50) Catalog Database: The database format feature version 9180 (0x23dc) could not be used due to the current database format 1568.20.0, controlled by the parameter 0x410022D8 (8920 | JET_efvAllowHigherPersistedFormat)."
Error,5/15/2020 12:52:34 PM,Microsoft-Windows-AppModel-Runtime,65,None,Failed with 0x57 retrieving AppModel Runtime status for package Windows.
Warning,5/15/2020 12:52:07 PM,Microsoft-Windows-Security-SPP,8233,None,"The rules engine reported a failed VL activation attempt.
Reason:0xC004F074
AppId = 0ff1ce15-a989-479d-af46-f275c6370663, SkuId = dedfa23d-6ed1-45a6-85dc-63cae0546de6
Trigger=NetworkAvailable"
Warning,5/15/2020 12:52:01 PM,Microsoft-Windows-DistributedCOM,10016,None,"The application-specific permission settings do not grant Local Launch permission for the COM Server application with CLSID 
Windows.SecurityCenter.SecurityAppBroker
 and APPID 
Unavailable
 to the user NT AUTHORITY\SYSTEM SID (S-1-5-18) from address LocalHost (Using LRPC) running in the application container Unavailable SID (Unavailable). This security permission can be modified using the Component Services administrative tool."
Warning,5/15/2020 12:52:01 PM,Microsoft-Windows-DistributedCOM,10016,None,"The application-specific permission settings do not grant Local Launch permission for the COM Server application with CLSID 
Windows.SecurityCenter.WscBrokerManager
 and APPID 
Unavailable
 to the user NT AUTHORITY\SYSTEM SID (S-1-5-18) from address LocalHost (Using LRPC) running in the application container Unavailable SID (Unavailable). This security permission can be modified using the Component Services administrative tool."
Warning,5/15/2020 12:52:01 PM,Microsoft-Windows-DistributedCOM,10016,None,"The application-specific permission settings do not grant Local Launch permission for the COM Server application with CLSID 
Windows.SecurityCenter.WscDataProtection
 and APPID 
Unavailable
 to the user NT AUTHORITY\SYSTEM SID (S-1-5-18) from address LocalHost (Using LRPC) running in the application container Unavailable SID (Unavailable). This security permission can be modified using the Component Services administrative tool."
Warning,5/15/2020 12:51:28 PM,Microsoft-Windows-DistributedCOM,10016,None,"The machine-default permission settings do not grant Local Activation permission for the COM Server application with CLSID 
{C2F03A33-21F5-47FA-B4BB-156362A2F239}
 and APPID 
{316CDED5-E4AE-4B15-9113-7055D84DCC97}
 to the user LAPTOP-3VCLFU80\almoi SID (S-1-5-21-3160199353-1972228045-1784530820-1001) from address LocalHost (Using LRPC) running in the application container Microsoft.Windows.ShellExperienceHost_10.0.19041.1_neutral_neutral_cw5n1h2txyewy SID (S-1-15-2-155514346-2573954481-755741238-1654018636-1233331829-3075935687-2861478708). This security permission can be modified using the Component Services administrative tool."
Warning,5/15/2020 12:51:12 PM,Microsoft-Windows-Security-SPP,8233,None,"The rules engine reported a failed VL activation attempt.
Reason:0xC004F074
AppId = 0ff1ce15-a989-479d-af46-f275c6370663, SkuId = dedfa23d-6ed1-45a6-85dc-63cae0546de6
Trigger=UserLogon(1)"
Warning,5/15/2020 12:50:45 PM,Microsoft-Windows-DistributedCOM,10016,None,"The application-specific permission settings do not grant Local Activation permission for the COM Server application with CLSID 
{2593F8B9-4EAF-457C-B68A-50F6B8EA6B54}
 and APPID 
{15C20B67-12E7-4BB6-92BB-7AFF07997402}
 to the user LAPTOP-3VCLFU80\almoi SID (S-1-5-21-3160199353-1972228045-1784530820-1001) from address LocalHost (Using LRPC) running in the application container SpotifyAB.SpotifyMusic_1.131.703.0_x86__zpdnekdrzrea0 SID (Unavailable). This security permission can be modified using the Component Services administrative tool."
Warning,5/15/2020 12:50:42 PM,Microsoft-Windows-Security-SPP,8233,None,"The rules engine reported a failed VL activation attempt.
Reason:0xC004F074
AppId = 0ff1ce15-a989-479d-af46-f275c6370663, SkuId = dedfa23d-6ed1-45a6-85dc-63cae0546de6
Trigger=NetworkAvailable"
Warning,5/15/2020 12:50:40 PM,Microsoft-Windows-DistributedCOM,10016,None,"The application-specific permission settings do not grant Local Activation permission for the COM Server application with CLSID 
{2593F8B9-4EAF-457C-B68A-50F6B8EA6B54}
 and APPID 
{15C20B67-12E7-4BB6-92BB-7AFF07997402}
 to the user LAPTOP-3VCLFU80\almoi SID (S-1-5-21-3160199353-1972228045-1784530820-1001) from address LocalHost (Using LRPC) running in the application container Unavailable SID (Unavailable). This security permission can be modified using the Component Services administrative tool."
Warning,5/15/2020 12:50:19 PM,Microsoft-Windows-DistributedCOM,10016,None,"The machine-default permission settings do not grant Local Activation permission for the COM Server application with CLSID 
{C2F03A33-21F5-47FA-B4BB-156362A2F239}
 and APPID 
{316CDED5-E4AE-4B15-9113-7055D84DCC97}
 to the user LAPTOP-3VCLFU80\almoi SID (S-1-5-21-3160199353-1972228045-1784530820-1001) from address LocalHost (Using LRPC) running in the application container Microsoft.Windows.ShellExperienceHost_10.0.19041.1_neutral_neutral_cw5n1h2txyewy SID (S-1-15-2-155514346-2573954481-755741238-1654018636-1233331829-3075935687-2861478708). This security permission can be modified using the Component Services administrative tool."
Warning,5/15/2020 12:50:13 PM,ESENT,642,General,"MicrosoftEdge (10256,D,12) C:\Users\almoi\AppData\Local\Packages\microsoft.microsoftedge_8wekyb3d8bbwe\AC\MicrosoftEdge\User\Default\DataStore\Data\nouser1\120712-0049\: The database format feature version 9080 (0x2378) could not be used due to the current database format 1568.20.0, controlled by the parameter 0x410022D8 (8920 | JET_efvAllowHigherPersistedFormat)."
Warning,5/15/2020 12:50:13 PM,ESENT,642,General,"MicrosoftEdge (10256,R,98) C:\Users\almoi\AppData\Local\Packages\microsoft.microsoftedge_8wekyb3d8bbwe\AC\MicrosoftEdge\User\Default\DataStore\Data\nouser1\120712-0049\: The database format feature version 9180 (0x23dc) could not be used due to the current database format 1568.20.0, controlled by the parameter 0x410022D8 (8920 | JET_efvAllowHigherPersistedFormat)."
Warning,5/15/2020 12:50:08 PM,Microsoft-Windows-User Device Registration,360,None,"Windows Hello for Business provisioning will not be launched. 
Device is AAD joined ( AADJ or DJ++ ): Not Tested 
User has logged on with AAD credentials: No 
Windows Hello for Business policy is enabled: Not Tested 
Windows Hello for Business post-logon provisioning is enabled: Not Tested 
Local computer meets Windows hello for business hardware requirements: Not Tested 
User is not connected to the machine via Remote Desktop: Yes 
User certificate for on premise auth policy is enabled: Not Tested 
Machine is governed by none policy. 
See https://go.microsoft.com/fwlink/?linkid=832647 for more details."
Warning,5/15/2020 12:49:59 PM,Microsoft-Windows-DistributedCOM,10016,None,"The application-specific permission settings do not grant Local Activation permission for the COM Server application with CLSID 
{6B3B8D23-FA8D-40B9-8DBD-B950333E2C52}
 and APPID 
{4839DDB7-58C2-48F5-8283-E1D1807D0D7D}
 to the user NT AUTHORITY\LOCAL SERVICE SID (S-1-5-19) from address LocalHost (Using LRPC) running in the application container Unavailable SID (Unavailable). This security permission can be modified using the Component Services administrative tool."
Warning,5/15/2020 12:49:59 PM,Microsoft-Windows-DistributedCOM,10016,None,"The application-specific permission settings do not grant Local Activation permission for the COM Server application with CLSID 
{6B3B8D23-FA8D-40B9-8DBD-B950333E2C52}
 and APPID 
{4839DDB7-58C2-48F5-8283-E1D1807D0D7D}
 to the user NT AUTHORITY\LOCAL SERVICE SID (S-1-5-19) from address LocalHost (Using LRPC) running in the application container Unavailable SID (Unavailable). This security permission can be modified using the Component Services administrative tool."
Error,5/15/2020 12:49:55 PM,Service Control Manager,7000,None,"The Tele2 Mobile Partner. RunOuc service failed to start due to the following error: 
The service did not respond to the start or control request in a timely fashion."
Error,5/15/2020 12:49:55 PM,Service Control Manager,7009,None,A timeout was reached (45000 milliseconds) while waiting for the Tele2 Mobile Partner. RunOuc service to connect.
Warning,5/15/2020 12:49:55 PM,ESENT,642,General,"Catalog Database (5184,D,12) Catalog Database: The database format feature version 9080 (0x2378) could not be used due to the current database format 1568.20.0, controlled by the parameter 0x410022D8 (8920 | JET_efvAllowHigherPersistedFormat)."
Warning,5/15/2020 12:49:55 PM,ESENT,642,General,"Catalog Database (5184,D,12) Catalog Database: The database format feature version 9080 (0x2378) could not be used due to the current database format 1568.20.0, controlled by the parameter 0x410022D8 (8920 | JET_efvAllowHigherPersistedFormat)."
Warning,5/15/2020 12:49:53 PM,EvntAgnt,3007,None,Error opening event log file State. Log will not be processed. Return code from OpenEventLog is 87.
Warning,5/15/2020 12:49:53 PM,EvntAgnt,3007,None,Error opening event log file Parameters. Log will not be processed. Return code from OpenEventLog is 87.
Error,5/15/2020 12:49:52 PM,Service Control Manager,7000,None,"The TPHDEXLG service failed to start due to the following error: 
The system cannot find the file specified."
Warning,5/15/2020 12:49:53 PM,Server,2511,None,"The server service was unable to recreate the share CommandCentreSetup because the directory C:\Program Files (x86)\Gallagher\Command Centre\ClientSetup\CommandCentreSetup no longer exists.  Please run ""net share CommandCentreSetup /delete"" to delete the share, or recreate the directory C:\Program Files (x86)\Gallagher\Command Centre\ClientSetup\CommandCentreSetup."
Error,5/15/2020 12:49:53 PM,SNMP,1500,None,The SNMP Service encountered an error while accessing the registry key SYSTEM\CurrentControlSet\Services\SNMP\Parameters\TrapConfiguration.
Error,5/15/2020 12:49:52 PM,Service Control Manager,7000,None,"The Sentinel64 service failed to start due to the following error: 
The system cannot find the device specified."
Warning,5/15/2020 12:49:52 PM,Sentinel64,19,None,The media is write protected.
Error,5/15/2020 12:49:50 PM,Service Control Manager,7023,None,"The MessagingService_37358 service terminated with the following error: 
The device is not ready."
Warning,5/15/2020 12:49:41 PM,BTHUSB,34,None,"The local adapter does not support an important Low Energy controller state to support peripheral mode.  The minimum required supported state mask is 0x2491f7fffff, got 0x1fffffff.  Low Energy peripheral role functionality will not be available."
Warning,5/15/2020 12:49:41 PM,Microsoft-Windows-Kernel-PnP,219,(212),The driver \Driver\WudfRd failed to load for the device USB\VID_138A&PID_0011\8718838eea6f.
Warning,5/15/2020 12:49:33 PM,Microsoft-Windows-Kernel-PnP,219,(212),The driver \Driver\WudfRd failed to load for the device ROOT\SYSTEM\0001.
Warning,5/15/2020 12:49:33 PM,Microsoft-Windows-Kernel-PnP,219,(212),The driver \Driver\WudfRd failed to load for the device ROOT\LENOVOVHID\0000.
Error,5/15/2020 12:49:10 PM,Service Control Manager,7043,None,The Delivery Optimization service did not shut down properly after receiving a preshutdown control.
Error,5/15/2020 12:48:07 PM,Microsoft-Windows-AppModel-Runtime,65,None,Failed with 0x57 retrieving AppModel Runtime status for package Windows.
Warning,5/15/2020 12:46:48 PM,Microsoft-Windows-Security-SPP,8233,None,"The rules engine reported a failed VL activation attempt.
Reason:0xC004F074
AppId = 0ff1ce15-a989-479d-af46-f275c6370663, SkuId = dedfa23d-6ed1-45a6-85dc-63cae0546de6
Trigger=NetworkAvailable"
Warning,5/15/2020 12:46:32 PM,ESENT,642,General,"Catalog Database (4368,D,12) Catalog Database: The database format feature version 9080 (0x2378) could not be used due to the current database format 1568.20.0, controlled by the parameter 0x410022D8 (8920 | JET_efvAllowHigherPersistedFormat)."
Warning,5/15/2020 12:46:32 PM,ESENT,642,General,"Catalog Database (4368,D,50) Catalog Database: The database format feature version 9180 (0x23dc) could not be used due to the current database format 1568.20.0, controlled by the parameter 0x410022D8 (8920 | JET_efvAllowHigherPersistedFormat)."
Warning,5/15/2020 12:46:32 PM,ESENT,642,General,"Catalog Database (4368,D,12) Catalog Database: The database format feature version 9080 (0x2378) could not be used due to the current database format 1568.20.0, controlled by the parameter 0x410022D8 (8920 | JET_efvAllowHigherPersistedFormat)."
Warning,5/15/2020 12:46:32 PM,ESENT,642,General,"Catalog Database (4368,D,50) Catalog Database: The database format feature version 9180 (0x23dc) could not be used due to the current database format 1568.20.0, controlled by the parameter 0x410022D8 (8920 | JET_efvAllowHigherPersistedFormat)."
Warning,5/15/2020 12:46:32 PM,ESENT,642,General,"Catalog Database (4368,D,12) Catalog Database: The database format feature version 9080 (0x2378) could not be used due to the current database format 1568.20.0, controlled by the parameter 0x410022D8 (8920 | JET_efvAllowHigherPersistedFormat)."
Warning,5/15/2020 12:46:32 PM,ESENT,642,General,"Catalog Database (4368,D,50) Catalog Database: The database format feature version 9180 (0x23dc) could not be used due to the current database format 1568.20.0, controlled by the parameter 0x410022D8 (8920 | JET_efvAllowHigherPersistedFormat)."
Warning,5/15/2020 12:46:32 PM,ESENT,642,General,"Catalog Database (4368,D,12) Catalog Database: The database format feature version 9080 (0x2378) could not be used due to the current database format 1568.20.0, controlled by the parameter 0x410022D8 (8920 | JET_efvAllowHigherPersistedFormat)."
Warning,5/15/2020 12:46:32 PM,ESENT,642,General,"Catalog Database (4368,D,50) Catalog Database: The database format feature version 9180 (0x23dc) could not be used due to the current database format 1568.20.0, controlled by the parameter 0x410022D8 (8920 | JET_efvAllowHigherPersistedFormat)."
Warning,5/15/2020 12:46:32 PM,ESENT,642,General,"Catalog Database (4368,D,12) Catalog Database: The database format feature version 9080 (0x2378) could not be used due to the current database format 1568.20.0, controlled by the parameter 0x410022D8 (8920 | JET_efvAllowHigherPersistedFormat)."
Warning,5/15/2020 12:46:32 PM,ESENT,642,General,"Catalog Database (4368,D,50) Catalog Database: The database format feature version 9180 (0x23dc) could not be used due to the current database format 1568.20.0, controlled by the parameter 0x410022D8 (8920 | JET_efvAllowHigherPersistedFormat)."
Warning,5/15/2020 12:46:32 PM,ESENT,642,General,"Catalog Database (4368,D,12) Catalog Database: The database format feature version 9080 (0x2378) could not be used due to the current database format 1568.20.0, controlled by the parameter 0x410022D8 (8920 | JET_efvAllowHigherPersistedFormat)."
Warning,5/15/2020 12:46:32 PM,ESENT,642,General,"Catalog Database (4368,D,50) Catalog Database: The database format feature version 9180 (0x23dc) could not be used due to the current database format 1568.20.0, controlled by the parameter 0x410022D8 (8920 | JET_efvAllowHigherPersistedFormat)."
Warning,5/15/2020 12:46:32 PM,ESENT,642,General,"Catalog Database (4368,D,12) Catalog Database: The database format feature version 9080 (0x2378) could not be used due to the current database format 1568.20.0, controlled by the parameter 0x410022D8 (8920 | JET_efvAllowHigherPersistedFormat)."
Warning,5/15/2020 12:46:32 PM,ESENT,642,General,"Catalog Database (4368,D,50) Catalog Database: The database format feature version 9180 (0x23dc) could not be used due to the current database format 1568.20.0, controlled by the parameter 0x410022D8 (8920 | JET_efvAllowHigherPersistedFormat)."
Warning,5/15/2020 12:46:32 PM,ESENT,642,General,"Catalog Database (4368,D,12) Catalog Database: The database format feature version 9080 (0x2378) could not be used due to the current database format 1568.20.0, controlled by the parameter 0x410022D8 (8920 | JET_efvAllowHigherPersistedFormat)."
