Warning,4/8/2020 8:28:33 AM,ESENT,642,General,"MicrosoftEdge (1928,D,12) C:\Users\almoi\AppData\Local\Packages\microsoft.microsoftedge_8wekyb3d8bbwe\AC\MicrosoftEdge\User\Default\DataStore\Data\nouser1\120712-0049\: The database format feature version 9080 (0x2378) could not be used due to the current database format 1568.20.0, controlled by the parameter 0x410022D8 (8920 | JET_efvAllowHigherPersistedFormat)."
Warning,4/8/2020 8:28:32 AM,ESENT,642,General,"MicrosoftEdge (1928,R,98) C:\Users\almoi\AppData\Local\Packages\microsoft.microsoftedge_8wekyb3d8bbwe\AC\MicrosoftEdge\User\Default\DataStore\Data\nouser1\120712-0049\: The database format feature version 9180 (0x23dc) could not be used due to the current database format 1568.20.0, controlled by the parameter 0x410022D8 (8920 | JET_efvAllowHigherPersistedFormat)."
Warning,4/8/2020 8:26:30 AM,ESENT,642,General,"Catalog Database (5012,D,12) Catalog Database: The database format feature version 9080 (0x2378) could not be used due to the current database format 1568.20.0, controlled by the parameter 0x410022D8 (8920 | JET_efvAllowHigherPersistedFormat)."
Warning,4/8/2020 8:26:29 AM,ESENT,642,General,"Catalog Database (5012,D,50) Catalog Database: The database format feature version 9180 (0x23dc) could not be used due to the current database format 1568.20.0, controlled by the parameter 0x410022D8 (8920 | JET_efvAllowHigherPersistedFormat)."
Warning,4/8/2020 8:26:29 AM,ESENT,642,General,"Catalog Database (5012,D,12) Catalog Database: The database format feature version 9080 (0x2378) could not be used due to the current database format 1568.20.0, controlled by the parameter 0x410022D8 (8920 | JET_efvAllowHigherPersistedFormat)."
Warning,4/8/2020 8:26:29 AM,ESENT,642,General,"Catalog Database (5012,D,50) Catalog Database: The database format feature version 9180 (0x23dc) could not be used due to the current database format 1568.20.0, controlled by the parameter 0x410022D8 (8920 | JET_efvAllowHigherPersistedFormat)."
Warning,4/8/2020 8:26:28 AM,ESENT,642,General,"Catalog Database (5012,R,98) Catalog Database: The database format feature version 9180 (0x23dc) could not be used due to the current database format 1568.20.0, controlled by the parameter 0x410022D8 (8920 | JET_efvAllowHigherPersistedFormat)."
Warning,4/8/2020 8:26:28 AM,ESENT,642,General,"Catalog Database (5012,R,98) Catalog Database: The database format feature version 9180 (0x23dc) could not be used due to the current database format 1568.20.0, controlled by the parameter 0x410022D8 (8920 | JET_efvAllowHigherPersistedFormat)."
Warning,4/8/2020 8:26:24 AM,EvntAgnt,3007,None,Error opening event log file State. Log will not be processed. Return code from OpenEventLog is 87.
Warning,4/8/2020 8:26:24 AM,EvntAgnt,3007,None,Error opening event log file Parameters. Log will not be processed. Return code from OpenEventLog is 87.
Error,4/8/2020 8:54:25 AM,Microsoft-Windows-WindowsUpdateClient,20,Windows Update Agent,Installation Failure: Windows failed to install the following update with error 0x80073D02: ApplicationSet-9PB2MZ1ZMB1S-AppleInc.iTunes.
Error,4/8/2020 8:51:55 AM,Microsoft-Windows-WindowsUpdateClient,20,Windows Update Agent,Installation Failure: Windows failed to install the following update with error 0x80073D02: 9NZKPSTSNW4P-Microsoft.XboxGamingOverlay.
Error,4/8/2020 8:44:59 AM,Microsoft-Windows-WindowsUpdateClient,20,Windows Update Agent,Installation Failure: Windows failed to install the following update with error 0x80073D02: 9NMPJ99VJBWV-Microsoft.YourPhone.
Warning,4/8/2020 8:39:21 AM,Microsoft-Windows-DistributedCOM,10016,None,"The machine-default permission settings do not grant Local Activation permission for the COM Server application with CLSID 
{C2F03A33-21F5-47FA-B4BB-156362A2F239}
 and APPID 
{316CDED5-E4AE-4B15-9113-7055D84DCC97}
 to the user LAPTOP-3VCLFU80\almoi SID (S-1-5-21-3160199353-1972228045-1784530820-1001) from address LocalHost (Using LRPC) running in the application container Microsoft.Windows.ShellExperienceHost_10.0.19041.1_neutral_neutral_cw5n1h2txyewy SID (S-1-15-2-155514346-2573954481-755741238-1654018636-1233331829-3075935687-2861478708). This security permission can be modified using the Component Services administrative tool."
Warning,4/8/2020 8:38:12 AM,Microsoft-Windows-DistributedCOM,10016,None,"The machine-default permission settings do not grant Local Activation permission for the COM Server application with CLSID 
{C2F03A33-21F5-47FA-B4BB-156362A2F239}
 and APPID 
{316CDED5-E4AE-4B15-9113-7055D84DCC97}
 to the user LAPTOP-3VCLFU80\almoi SID (S-1-5-21-3160199353-1972228045-1784530820-1001) from address LocalHost (Using LRPC) running in the application container Microsoft.Windows.ShellExperienceHost_10.0.19041.1_neutral_neutral_cw5n1h2txyewy SID (S-1-15-2-155514346-2573954481-755741238-1654018636-1233331829-3075935687-2861478708). This security permission can be modified using the Component Services administrative tool."
Warning,4/8/2020 8:37:00 AM,Microsoft-Windows-DistributedCOM,10016,None,"The application-specific permission settings do not grant Local Activation permission for the COM Server application with CLSID 
{2593F8B9-4EAF-457C-B68A-50F6B8EA6B54}
 and APPID 
{15C20B67-12E7-4BB6-92BB-7AFF07997402}
 to the user LAPTOP-3VCLFU80\almoi SID (S-1-5-21-3160199353-1972228045-1784530820-1001) from address LocalHost (Using LRPC) running in the application container Unavailable SID (Unavailable). This security permission can be modified using the Component Services administrative tool."
Warning,4/8/2020 8:35:58 AM,Microsoft-Windows-DistributedCOM,10016,None,"The machine-default permission settings do not grant Local Activation permission for the COM Server application with CLSID 
{C2F03A33-21F5-47FA-B4BB-156362A2F239}
 and APPID 
{316CDED5-E4AE-4B15-9113-7055D84DCC97}
 to the user LAPTOP-3VCLFU80\almoi SID (S-1-5-21-3160199353-1972228045-1784530820-1001) from address LocalHost (Using LRPC) running in the application container Microsoft.Windows.ShellExperienceHost_10.0.19041.1_neutral_neutral_cw5n1h2txyewy SID (S-1-15-2-155514346-2573954481-755741238-1654018636-1233331829-3075935687-2861478708). This security permission can be modified using the Component Services administrative tool."
Error,4/8/2020 8:35:45 AM,Microsoft-Windows-WindowsUpdateClient,20,Windows Update Agent,Installation Failure: Windows failed to install the following update with error 0x8024200B: Security Intelligence Update for Windows Defender Antivirus - KB2267602 (Version 1.313.1016.0).
Warning,4/8/2020 8:34:37 AM,Microsoft-Windows-DistributedCOM,10016,None,"The machine-default permission settings do not grant Local Activation permission for the COM Server application with CLSID 
{C2F03A33-21F5-47FA-B4BB-156362A2F239}
 and APPID 
{316CDED5-E4AE-4B15-9113-7055D84DCC97}
 to the user LAPTOP-3VCLFU80\almoi SID (S-1-5-21-3160199353-1972228045-1784530820-1001) from address LocalHost (Using LRPC) running in the application container Microsoft.Windows.ShellExperienceHost_10.0.19041.1_neutral_neutral_cw5n1h2txyewy SID (S-1-15-2-155514346-2573954481-755741238-1654018636-1233331829-3075935687-2861478708). This security permission can be modified using the Component Services administrative tool."
Warning,4/8/2020 8:32:33 AM,Microsoft-Windows-DistributedCOM,10016,None,"The application-specific permission settings do not grant Local Launch permission for the COM Server application with CLSID 
Windows.SecurityCenter.SecurityAppBroker
 and APPID 
Unavailable
 to the user NT AUTHORITY\SYSTEM SID (S-1-5-18) from address LocalHost (Using LRPC) running in the application container Unavailable SID (Unavailable). This security permission can be modified using the Component Services administrative tool."
Warning,4/8/2020 8:32:33 AM,Microsoft-Windows-DistributedCOM,10016,None,"The application-specific permission settings do not grant Local Launch permission for the COM Server application with CLSID 
Windows.SecurityCenter.WscDataProtection
 and APPID 
Unavailable
 to the user NT AUTHORITY\SYSTEM SID (S-1-5-18) from address LocalHost (Using LRPC) running in the application container Unavailable SID (Unavailable). This security permission can be modified using the Component Services administrative tool."
Warning,4/8/2020 8:32:33 AM,Microsoft-Windows-DistributedCOM,10016,None,"The application-specific permission settings do not grant Local Launch permission for the COM Server application with CLSID 
Windows.SecurityCenter.WscBrokerManager
 and APPID 
Unavailable
 to the user NT AUTHORITY\SYSTEM SID (S-1-5-18) from address LocalHost (Using LRPC) running in the application container Unavailable SID (Unavailable). This security permission can be modified using the Component Services administrative tool."
Warning,4/8/2020 8:32:05 AM,Microsoft-Windows-DistributedCOM,10016,None,"The application-specific permission settings do not grant Local Launch permission for the COM Server application with CLSID 
Windows.SecurityCenter.WscDataProtection
 and APPID 
Unavailable
 to the user NT AUTHORITY\SYSTEM SID (S-1-5-18) from address LocalHost (Using LRPC) running in the application container Unavailable SID (Unavailable). This security permission can be modified using the Component Services administrative tool."
Warning,4/8/2020 8:31:23 AM,Microsoft-Windows-DistributedCOM,10016,None,"The application-specific permission settings do not grant Local Activation permission for the COM Server application with CLSID 
{2593F8B9-4EAF-457C-B68A-50F6B8EA6B54}
 and APPID 
{15C20B67-12E7-4BB6-92BB-7AFF07997402}
 to the user LAPTOP-3VCLFU80\almoi SID (S-1-5-21-3160199353-1972228045-1784530820-1001) from address LocalHost (Using LRPC) running in the application container Unavailable SID (Unavailable). This security permission can be modified using the Component Services administrative tool."
Error,4/8/2020 8:31:23 AM,Service Control Manager,7000,None,"The Steam Client Service service failed to start due to the following error: 
The service did not respond to the start or control request in a timely fashion."
Error,4/8/2020 8:31:23 AM,Service Control Manager,7009,None,A timeout was reached (30000 milliseconds) while waiting for the Steam Client Service service to connect.
Warning,4/8/2020 8:31:13 AM,Microsoft-Windows-DistributedCOM,10016,None,"The application-specific permission settings do not grant Local Activation permission for the COM Server application with CLSID 
{2593F8B9-4EAF-457C-B68A-50F6B8EA6B54}
 and APPID 
{15C20B67-12E7-4BB6-92BB-7AFF07997402}
 to the user LAPTOP-3VCLFU80\almoi SID (S-1-5-21-3160199353-1972228045-1784530820-1001) from address LocalHost (Using LRPC) running in the application container SpotifyAB.SpotifyMusic_1.126.501.0_x86__zpdnekdrzrea0 SID (Unavailable). This security permission can be modified using the Component Services administrative tool."
Error,4/8/2020 8:30:51 AM,Service Control Manager,7000,None,"The System Interface Foundation Service service failed to start due to the following error: 
The service did not respond to the start or control request in a timely fashion."
Error,4/8/2020 8:30:51 AM,Service Control Manager,7009,None,A timeout was reached (30000 milliseconds) while waiting for the System Interface Foundation Service service to connect.
Warning,4/8/2020 8:30:25 AM,Microsoft-Windows-DistributedCOM,10016,None,"The machine-default permission settings do not grant Local Activation permission for the COM Server application with CLSID 
{C2F03A33-21F5-47FA-B4BB-156362A2F239}
 and APPID 
{316CDED5-E4AE-4B15-9113-7055D84DCC97}
 to the user LAPTOP-3VCLFU80\almoi SID (S-1-5-21-3160199353-1972228045-1784530820-1001) from address LocalHost (Using LRPC) running in the application container Microsoft.Windows.ShellExperienceHost_10.0.19041.1_neutral_neutral_cw5n1h2txyewy SID (S-1-15-2-155514346-2573954481-755741238-1654018636-1233331829-3075935687-2861478708). This security permission can be modified using the Component Services administrative tool."
Error,4/8/2020 8:29:56 AM,Microsoft-Windows-DistributedCOM,10010,None,The server Microsoft.XboxGamingOverlay_3.37.29002.0_x64__8wekyb3d8bbwe!App.AppXrfdt3p0f38tc4nxz7ajrd5as6ctb0dck.mca did not register with DCOM within the required timeout.
Error,4/8/2020 8:29:27 AM,Service Control Manager,7000,None,"The Client License Service (ClipSVC) service failed to start due to the following error: 
The service did not respond to the start or control request in a timely fashion."
Error,4/8/2020 8:29:27 AM,Service Control Manager,7009,None,A timeout was reached (30000 milliseconds) while waiting for the Client License Service (ClipSVC) service to connect.
Warning,4/8/2020 8:27:00 AM,Microsoft-Windows-DistributedCOM,10016,None,"The application-specific permission settings do not grant Local Activation permission for the COM Server application with CLSID 
{6B3B8D23-FA8D-40B9-8DBD-B950333E2C52}
 and APPID 
{4839DDB7-58C2-48F5-8283-E1D1807D0D7D}
 to the user NT AUTHORITY\LOCAL SERVICE SID (S-1-5-19) from address LocalHost (Using LRPC) running in the application container Unavailable SID (Unavailable). This security permission can be modified using the Component Services administrative tool."
Warning,4/8/2020 8:26:59 AM,Microsoft-Windows-DistributedCOM,10016,None,"The application-specific permission settings do not grant Local Activation permission for the COM Server application with CLSID 
{6B3B8D23-FA8D-40B9-8DBD-B950333E2C52}
 and APPID 
{4839DDB7-58C2-48F5-8283-E1D1807D0D7D}
 to the user NT AUTHORITY\LOCAL SERVICE SID (S-1-5-19) from address LocalHost (Using LRPC) running in the application container Unavailable SID (Unavailable). This security permission can be modified using the Component Services administrative tool."
Error,4/8/2020 8:26:46 AM,Service Control Manager,7023,None,"The MessagingService_7af68 service terminated with the following error: 
The device is not ready."
Error,4/8/2020 8:26:33 AM,Service Control Manager,7000,None,"The Tele2 Mobile Partner. RunOuc service failed to start due to the following error: 
The service did not respond to the start or control request in a timely fashion."
Error,4/8/2020 8:26:33 AM,Service Control Manager,7009,None,A timeout was reached (45000 milliseconds) while waiting for the Tele2 Mobile Partner. RunOuc service to connect.
Error,4/8/2020 8:26:21 AM,SNMP,1500,None,The SNMP Service encountered an error while accessing the registry key SYSTEM\CurrentControlSet\Services\SNMP\Parameters\TrapConfiguration.
Error,4/8/2020 8:26:20 AM,Service Control Manager,7000,None,"The TPHDEXLG service failed to start due to the following error: 
The system cannot find the file specified."
Error,4/8/2020 8:26:19 AM,Service Control Manager,7000,None,"The Sentinel64 service failed to start due to the following error: 
The system cannot find the device specified."
Warning,4/8/2020 8:26:19 AM,Sentinel64,19,None,The media is write protected.
Warning,4/8/2020 8:26:18 AM,Server,2511,None,"The server service was unable to recreate the share CommandCentreSetup because the directory C:\Program Files (x86)\Gallagher\Command Centre\ClientSetup\CommandCentreSetup no longer exists.  Please run ""net share CommandCentreSetup /delete"" to delete the share, or recreate the directory C:\Program Files (x86)\Gallagher\Command Centre\ClientSetup\CommandCentreSetup."
Warning,4/8/2020 8:25:51 AM,BTHUSB,34,None,"The local adapter does not support an important Low Energy controller state to support peripheral mode.  The minimum required supported state mask is 0x2491f7fffff, got 0x1fffffff.  Low Energy peripheral role functionality will not be available."
Warning,4/8/2020 8:25:50 AM,Microsoft-Windows-Kernel-PnP,219,(212),The driver \Driver\WudfRd failed to load for the device USB\VID_138A&PID_0011\8718838eea6f.
Warning,4/8/2020 8:25:47 AM,Microsoft-Windows-Kernel-PnP,219,(212),The driver \Driver\WudfRd failed to load for the device ROOT\SYSTEM\0001.
Warning,4/8/2020 8:25:47 AM,Microsoft-Windows-Kernel-PnP,219,(212),The driver \Driver\WudfRd failed to load for the device ROOT\LENOVOVHID\0000.
Critical,4/8/2020 8:25:24 AM,Microsoft-Windows-Kernel-Power,41,(63),"The system has rebooted without cleanly shutting down first. This error could be caused if the system stopped responding, crashed, or lost power unexpectedly."
Error,4/8/2020 8:26:01 AM,EventLog,6008,None,The previous system shutdown at 7:23:27 AM on ‎4/‎8/‎2020 was unexpected.
Warning,4/8/2020 7:24:06 AM,Microsoft-Windows-WLAN-AutoConfig,10002,None,"WLAN Extensibility Module has stopped.

Module Path: C:\WINDOWS\System32\IWMSSvc.dll
"
Warning,4/8/2020 7:23:38 AM,Microsoft-Windows-WLAN-AutoConfig,4003,None,"WLAN AutoConfig detected limited connectivity, attempting automatic recovery.

Recovery Type: 4
Error Code: 0x0
Trigger Reason: 5
IP Family: 0
"
Warning,4/8/2020 7:23:26 AM,BTHUSB,34,None,"The local adapter does not support an important Low Energy controller state to support peripheral mode.  The minimum required supported state mask is 0x2491f7fffff, got 0x1fffffff.  Low Energy peripheral role functionality will not be available."
Warning,2/28/2020 5:20:10 PM,BTHUSB,34,None,"The local adapter does not support an important Low Energy controller state to support peripheral mode.  The minimum required supported state mask is 0x2491f7fffff, got 0x1fffffff.  Low Energy peripheral role functionality will not be available."
Error,2/28/2020 2:20:10 PM,Microsoft-Windows-Kernel-Power,137,None,The system firmware has changed the processor's memory type range registers (MTRRs) across a sleep state transition (S4). This can result in reduced resume performance.
Warning,2/28/2020 2:10:55 PM,Microsoft-Windows-Security-SPP,8233,None,"The rules engine reported a failed VL activation attempt.
Reason:0xC004F074
AppId = 0ff1ce15-a989-479d-af46-f275c6370663, SkuId = dedfa23d-6ed1-45a6-85dc-63cae0546de6
Trigger=NetworkAvailable"
Warning,2/28/2020 2:10:24 PM,BTHUSB,34,None,"The local adapter does not support an important Low Energy controller state to support peripheral mode.  The minimum required supported state mask is 0x2491f7fffff, got 0x1fffffff.  Low Energy peripheral role functionality will not be available."
Error,2/28/2020 2:08:33 PM,Microsoft-Windows-Kernel-Power,137,None,The system firmware has changed the processor's memory type range registers (MTRRs) across a sleep state transition (S4). This can result in reduced resume performance.
Warning,2/28/2020 1:57:32 PM,Microsoft-Windows-Security-SPP,8233,None,"The rules engine reported a failed VL activation attempt.
Reason:0xC004F074
AppId = 0ff1ce15-a989-479d-af46-f275c6370663, SkuId = dedfa23d-6ed1-45a6-85dc-63cae0546de6
Trigger=NetworkAvailable"
Warning,2/28/2020 1:56:54 PM,BTHUSB,34,None,"The local adapter does not support an important Low Energy controller state to support peripheral mode.  The minimum required supported state mask is 0x2491f7fffff, got 0x1fffffff.  Low Energy peripheral role functionality will not be available."
Error,2/28/2020 12:43:06 PM,Microsoft-Windows-Kernel-Power,137,None,The system firmware has changed the processor's memory type range registers (MTRRs) across a sleep state transition (S4). This can result in reduced resume performance.
Error,2/28/2020 12:22:20 PM,Office 2016 Licensing Service,0,None,The operation completed successfully.
Warning,2/28/2020 12:20:21 PM,Microsoft-Windows-Security-SPP,8233,None,"The rules engine reported a failed VL activation attempt.
Reason:0xC004F074
AppId = 0ff1ce15-a989-479d-af46-f275c6370663, SkuId = dedfa23d-6ed1-45a6-85dc-63cae0546de6
Trigger=NetworkAvailable"
Warning,2/28/2020 12:19:57 PM,Microsoft-Windows-Security-SPP,8233,None,"The rules engine reported a failed VL activation attempt.
Reason:0xC004F074
AppId = 0ff1ce15-a989-479d-af46-f275c6370663, SkuId = dedfa23d-6ed1-45a6-85dc-63cae0546de6
Trigger=TimerEvent"
Warning,2/28/2020 12:19:20 PM,BTHUSB,34,None,"The local adapter does not support an important Low Energy controller state to support peripheral mode.  The minimum required supported state mask is 0x2491f7fffff, got 0x1fffffff.  Low Energy peripheral role functionality will not be available."
Warning,2/27/2020 4:25:55 PM,BTHUSB,34,None,"The local adapter does not support an important Low Energy controller state to support peripheral mode.  The minimum required supported state mask is 0x2491f7fffff, got 0x1fffffff.  Low Energy peripheral role functionality will not be available."
Error,2/27/2020 1:25:54 PM,Microsoft-Windows-Kernel-Power,137,None,The system firmware has changed the processor's memory type range registers (MTRRs) across a sleep state transition (S4). This can result in reduced resume performance.
Warning,2/27/2020 1:11:12 PM,Microsoft-Windows-Security-SPP,8233,None,"The rules engine reported a failed VL activation attempt.
Reason:0xC004F074
AppId = 0ff1ce15-a989-479d-af46-f275c6370663, SkuId = dedfa23d-6ed1-45a6-85dc-63cae0546de6
Trigger=NetworkAvailable"
Warning,2/27/2020 1:10:38 PM,Microsoft-Windows-Security-SPP,8233,None,"The rules engine reported a failed VL activation attempt.
Reason:0xC004F074
AppId = 0ff1ce15-a989-479d-af46-f275c6370663, SkuId = dedfa23d-6ed1-45a6-85dc-63cae0546de6
Trigger=NetworkAvailable"
Warning,2/27/2020 1:10:37 PM,Microsoft-Windows-Security-SPP,8233,None,"The rules engine reported a failed VL activation attempt.
Reason:0xC004F074
AppId = 0ff1ce15-a989-479d-af46-f275c6370663, SkuId = dedfa23d-6ed1-45a6-85dc-63cae0546de6
Trigger=NetworkAvailable"
Warning,2/27/2020 1:10:36 PM,Microsoft-Windows-WLAN-AutoConfig,4003,None,"WLAN AutoConfig detected limited connectivity, attempting automatic recovery.

Recovery Type: 4
Error Code: 0x0
Trigger Reason: 5
IP Family: 0
"
Warning,2/27/2020 1:10:20 PM,Microsoft-Windows-Time-Service,134,None,"NtpClient was unable to set a manual peer to use as a time source because of DNS resolution error on 'time.windows.com,0x9'. NtpClient will try again in 15 minutes and double the reattempt interval thereafter. The error was: No such host is known. (0x80072AF9)"
Warning,2/27/2020 1:10:18 PM,Microsoft-Windows-Time-Service,134,None,"NtpClient was unable to set a manual peer to use as a time source because of DNS resolution error on 'time.windows.com,0x9'. NtpClient will try again in 15 minutes and double the reattempt interval thereafter. The error was: No such host is known. (0x80072AF9)"
Warning,2/27/2020 1:10:11 PM,BTHUSB,34,None,"The local adapter does not support an important Low Energy controller state to support peripheral mode.  The minimum required supported state mask is 0x2491f7fffff, got 0x1fffffff.  Low Energy peripheral role functionality will not be available."
Warning,2/27/2020 1:10:11 PM,Microsoft-Windows-Time-Service,134,None,"NtpClient was unable to set a manual peer to use as a time source because of DNS resolution error on 'time.windows.com,0x9'. NtpClient will try again in 15 minutes and double the reattempt interval thereafter. The error was: No such host is known. (0x80072AF9)"
Error,2/27/2020 12:33:31 PM,Microsoft-Windows-Kernel-Power,137,None,The system firmware has changed the processor's memory type range registers (MTRRs) across a sleep state transition (S4). This can result in reduced resume performance.
Warning,2/27/2020 12:33:28 PM,Microsoft-Windows-Time-Service,134,None,"NtpClient was unable to set a manual peer to use as a time source because of DNS resolution error on 'time.windows.com,0x9'. NtpClient will try again in 15 minutes and double the reattempt interval thereafter. The error was: No such host is known. (0x80072AF9)"
Warning,2/27/2020 12:33:27 PM,Microsoft-Windows-Time-Service,134,None,"NtpClient was unable to set a manual peer to use as a time source because of DNS resolution error on 'time.windows.com,0x9'. NtpClient will try again in 15 minutes and double the reattempt interval thereafter. The error was: No such host is known. (0x80072AF9)"
Warning,2/27/2020 11:30:39 AM,Microsoft-Windows-Security-SPP,8233,None,"The rules engine reported a failed VL activation attempt.
Reason:0xC004F074
AppId = 0ff1ce15-a989-479d-af46-f275c6370663, SkuId = dedfa23d-6ed1-45a6-85dc-63cae0546de6
Trigger=NetworkAvailable"
Warning,2/27/2020 11:30:13 AM,Microsoft-Windows-Time-Service,134,None,"NtpClient was unable to set a manual peer to use as a time source because of DNS resolution error on 'time.windows.com,0x9'. NtpClient will try again in 15 minutes and double the reattempt interval thereafter. The error was: No such host is known. (0x80072AF9)"
Warning,2/27/2020 11:30:11 AM,Microsoft-Windows-Security-SPP,8233,None,"The rules engine reported a failed VL activation attempt.
Reason:0xC004F074
AppId = 0ff1ce15-a989-479d-af46-f275c6370663, SkuId = dedfa23d-6ed1-45a6-85dc-63cae0546de6
Trigger=NetworkAvailable"
Warning,2/27/2020 11:30:10 AM,Microsoft-Windows-Time-Service,134,None,"NtpClient was unable to set a manual peer to use as a time source because of DNS resolution error on 'time.windows.com,0x9'. NtpClient will try again in 15 minutes and double the reattempt interval thereafter. The error was: No such host is known. (0x80072AF9)"
Warning,2/27/2020 11:30:03 AM,Microsoft-Windows-Security-SPP,8233,None,"The rules engine reported a failed VL activation attempt.
Reason:0xC004F074
AppId = 0ff1ce15-a989-479d-af46-f275c6370663, SkuId = dedfa23d-6ed1-45a6-85dc-63cae0546de6
Trigger=NetworkAvailable"
Warning,2/27/2020 11:29:39 AM,Microsoft-Windows-Security-SPP,8233,None,"The rules engine reported a failed VL activation attempt.
Reason:0xC004F074
AppId = 0ff1ce15-a989-479d-af46-f275c6370663, SkuId = dedfa23d-6ed1-45a6-85dc-63cae0546de6
Trigger=NetworkAvailable"
Warning,2/27/2020 11:29:19 AM,Microsoft-Windows-Time-Service,134,None,"NtpClient was unable to set a manual peer to use as a time source because of DNS resolution error on 'time.windows.com,0x9'. NtpClient will try again in 15 minutes and double the reattempt interval thereafter. The error was: No such host is known. (0x80072AF9)"
Warning,2/27/2020 11:29:17 AM,Microsoft-Windows-Time-Service,134,None,"NtpClient was unable to set a manual peer to use as a time source because of DNS resolution error on 'time.windows.com,0x9'. NtpClient will try again in 15 minutes and double the reattempt interval thereafter. The error was: No such host is known. (0x80072AF9)"
Warning,2/27/2020 11:29:12 AM,Microsoft-Windows-Time-Service,134,None,"NtpClient was unable to set a manual peer to use as a time source because of DNS resolution error on 'time.windows.com,0x9'. NtpClient will try again in 15 minutes and double the reattempt interval thereafter. The error was: No such host is known. (0x80072AF9)"
Warning,2/27/2020 11:29:11 AM,Microsoft-Windows-Time-Service,134,None,"NtpClient was unable to set a manual peer to use as a time source because of DNS resolution error on 'time.windows.com,0x9'. NtpClient will try again in 15 minutes and double the reattempt interval thereafter. The error was: No such host is known. (0x80072AF9)"
Warning,2/27/2020 10:56:35 AM,Microsoft-Windows-Security-SPP,8233,None,"The rules engine reported a failed VL activation attempt.
Reason:0xC004F074
AppId = 0ff1ce15-a989-479d-af46-f275c6370663, SkuId = dedfa23d-6ed1-45a6-85dc-63cae0546de6
Trigger=NetworkAvailable"
Warning,2/27/2020 10:56:20 AM,Microsoft-Windows-DeviceSetupManager,201,None,A connection to the Windows Metadata and Internet Services (WMIS) could not be established.
Warning,2/27/2020 10:56:20 AM,Microsoft-Windows-DeviceSetupManager,202,None,The Network List Manager reports no connectivity to the internet.
Warning,2/27/2020 10:56:20 AM,Microsoft-Windows-DeviceSetupManager,200,None,A connection to the Windows Update service could not be established.
Warning,2/27/2020 10:56:20 AM,Microsoft-Windows-DeviceSetupManager,202,None,The Network List Manager reports no connectivity to the internet.
Warning,2/27/2020 10:56:19 AM,Microsoft-Windows-DeviceSetupManager,201,None,A connection to the Windows Metadata and Internet Services (WMIS) could not be established.
Warning,2/27/2020 10:56:19 AM,Microsoft-Windows-DeviceSetupManager,202,None,The Network List Manager reports no connectivity to the internet.
Warning,2/27/2020 10:56:19 AM,Microsoft-Windows-DeviceSetupManager,200,None,A connection to the Windows Update service could not be established.
Warning,2/27/2020 10:56:19 AM,Microsoft-Windows-DeviceSetupManager,202,None,The Network List Manager reports no connectivity to the internet.
Warning,2/27/2020 10:56:19 AM,Microsoft-Windows-DeviceSetupManager,201,None,A connection to the Windows Metadata and Internet Services (WMIS) could not be established.
Warning,2/27/2020 10:56:19 AM,Microsoft-Windows-DeviceSetupManager,202,None,The Network List Manager reports no connectivity to the internet.
Warning,2/27/2020 10:56:19 AM,Microsoft-Windows-DeviceSetupManager,200,None,A connection to the Windows Update service could not be established.
Warning,2/27/2020 10:56:19 AM,Microsoft-Windows-DeviceSetupManager,202,None,The Network List Manager reports no connectivity to the internet.
Warning,2/27/2020 10:56:19 AM,Microsoft-Windows-DeviceSetupManager,201,None,A connection to the Windows Metadata and Internet Services (WMIS) could not be established.
Warning,2/27/2020 10:56:19 AM,Microsoft-Windows-DeviceSetupManager,202,None,The Network List Manager reports no connectivity to the internet.
Warning,2/27/2020 10:56:19 AM,Microsoft-Windows-DeviceSetupManager,200,None,A connection to the Windows Update service could not be established.
Warning,2/27/2020 10:56:19 AM,Microsoft-Windows-DeviceSetupManager,202,None,The Network List Manager reports no connectivity to the internet.
Warning,2/27/2020 10:56:18 AM,Microsoft-Windows-DeviceSetupManager,201,None,A connection to the Windows Metadata and Internet Services (WMIS) could not be established.
Warning,2/27/2020 10:56:18 AM,Microsoft-Windows-DeviceSetupManager,202,None,The Network List Manager reports no connectivity to the internet.
Warning,2/27/2020 10:56:18 AM,Microsoft-Windows-DeviceSetupManager,200,None,A connection to the Windows Update service could not be established.
Warning,2/27/2020 10:56:18 AM,Microsoft-Windows-DeviceSetupManager,202,None,The Network List Manager reports no connectivity to the internet.
Warning,2/27/2020 10:56:18 AM,Microsoft-Windows-DeviceSetupManager,201,None,A connection to the Windows Metadata and Internet Services (WMIS) could not be established.
Warning,2/27/2020 10:56:18 AM,Microsoft-Windows-DeviceSetupManager,202,None,The Network List Manager reports no connectivity to the internet.
Warning,2/27/2020 10:56:18 AM,Microsoft-Windows-DeviceSetupManager,200,None,A connection to the Windows Update service could not be established.
Warning,2/27/2020 10:56:18 AM,Microsoft-Windows-DeviceSetupManager,202,None,The Network List Manager reports no connectivity to the internet.
Warning,2/27/2020 10:56:17 AM,Microsoft-Windows-DeviceSetupManager,201,None,A connection to the Windows Metadata and Internet Services (WMIS) could not be established.
Warning,2/27/2020 10:56:17 AM,Microsoft-Windows-DeviceSetupManager,202,None,The Network List Manager reports no connectivity to the internet.
Warning,2/27/2020 10:56:17 AM,Microsoft-Windows-DeviceSetupManager,200,None,A connection to the Windows Update service could not be established.
Warning,2/27/2020 10:56:17 AM,Microsoft-Windows-DeviceSetupManager,202,None,The Network List Manager reports no connectivity to the internet.
Warning,2/27/2020 10:56:17 AM,Microsoft-Windows-DeviceSetupManager,201,None,A connection to the Windows Metadata and Internet Services (WMIS) could not be established.
Warning,2/27/2020 10:56:17 AM,Microsoft-Windows-DeviceSetupManager,202,None,The Network List Manager reports no connectivity to the internet.
Warning,2/27/2020 10:56:17 AM,Microsoft-Windows-DeviceSetupManager,201,None,A connection to the Windows Metadata and Internet Services (WMIS) could not be established.
Warning,2/27/2020 10:56:17 AM,Microsoft-Windows-DeviceSetupManager,202,None,The Network List Manager reports no connectivity to the internet.
Warning,2/27/2020 10:56:17 AM,Microsoft-Windows-DeviceSetupManager,200,None,A connection to the Windows Update service could not be established.
Warning,2/27/2020 10:56:17 AM,Microsoft-Windows-DeviceSetupManager,202,None,The Network List Manager reports no connectivity to the internet.
Warning,2/27/2020 10:56:17 AM,Microsoft-Windows-DeviceSetupManager,200,None,A connection to the Windows Update service could not be established.
Warning,2/27/2020 10:56:17 AM,Microsoft-Windows-DeviceSetupManager,202,None,The Network List Manager reports no connectivity to the internet.
Warning,2/27/2020 10:56:14 AM,Microsoft-Windows-Time-Service,134,None,"NtpClient was unable to set a manual peer to use as a time source because of DNS resolution error on 'time.windows.com,0x9'. NtpClient will try again in 15 minutes and double the reattempt interval thereafter. The error was: No such host is known. (0x80072AF9)"
Warning,2/27/2020 10:56:12 AM,Microsoft-Windows-Time-Service,134,None,"NtpClient was unable to set a manual peer to use as a time source because of DNS resolution error on 'time.windows.com,0x9'. NtpClient will try again in 15 minutes and double the reattempt interval thereafter. The error was: No such host is known. (0x80072AF9)"
Warning,2/27/2020 10:56:06 AM,Microsoft-Windows-Time-Service,134,None,"NtpClient was unable to set a manual peer to use as a time source because of DNS resolution error on 'time.windows.com,0x9'. NtpClient will try again in 15 minutes and double the reattempt interval thereafter. The error was: No such host is known. (0x80072AF9)"
Warning,2/27/2020 10:56:04 AM,Microsoft-Windows-Time-Service,134,None,"NtpClient was unable to set a manual peer to use as a time source because of DNS resolution error on 'time.windows.com,0x9'. NtpClient will try again in 15 minutes and double the reattempt interval thereafter. The error was: No such host is known. (0x80072AF9)"
Warning,2/27/2020 10:55:40 AM,Microsoft-Windows-Security-SPP,8233,None,"The rules engine reported a failed VL activation attempt.
Reason:0xC004F074
AppId = 0ff1ce15-a989-479d-af46-f275c6370663, SkuId = dedfa23d-6ed1-45a6-85dc-63cae0546de6
Trigger=NetworkAvailable"
Warning,2/27/2020 10:55:30 AM,Microsoft-Windows-DistributedCOM,10016,None,"The application-specific permission settings do not grant Local Activation permission for the COM Server application with CLSID 
{2593F8B9-4EAF-457C-B68A-50F6B8EA6B54}
 and APPID 
{15C20B67-12E7-4BB6-92BB-7AFF07997402}
 to the user LAPTOP-3VCLFU80\almoi SID (S-1-5-21-3160199353-1972228045-1784530820-1001) from address LocalHost (Using LRPC) running in the application container Unavailable SID (Unavailable). This security permission can be modified using the Component Services administrative tool."
Warning,2/27/2020 10:55:10 AM,Microsoft-Windows-Time-Service,134,None,"NtpClient was unable to set a manual peer to use as a time source because of DNS resolution error on 'time.windows.com,0x9'. NtpClient will try again in 15 minutes and double the reattempt interval thereafter. The error was: No such host is known. (0x80072AF9)"
Warning,2/27/2020 10:55:09 AM,Microsoft-Windows-Security-SPP,8233,None,"The rules engine reported a failed VL activation attempt.
Reason:0xC004F074
AppId = 0ff1ce15-a989-479d-af46-f275c6370663, SkuId = dedfa23d-6ed1-45a6-85dc-63cae0546de6
Trigger=NetworkAvailable"
Warning,2/27/2020 10:55:07 AM,Microsoft-Windows-Time-Service,134,None,"NtpClient was unable to set a manual peer to use as a time source because of DNS resolution error on 'time.windows.com,0x9'. NtpClient will try again in 15 minutes and double the reattempt interval thereafter. The error was: No such host is known. (0x80072AF9)"
Warning,2/27/2020 10:54:30 AM,Microsoft-Windows-Security-SPP,8233,None,"The rules engine reported a failed VL activation attempt.
Reason:0xC004F074
AppId = 0ff1ce15-a989-479d-af46-f275c6370663, SkuId = dedfa23d-6ed1-45a6-85dc-63cae0546de6
Trigger=NetworkAvailable"
Warning,2/27/2020 10:54:09 AM,Microsoft-Windows-Time-Service,134,None,"NtpClient was unable to set a manual peer to use as a time source because of DNS resolution error on 'time.windows.com,0x9'. NtpClient will try again in 15 minutes and double the reattempt interval thereafter. The error was: No such host is known. (0x80072AF9)"
Warning,2/27/2020 10:54:07 AM,Microsoft-Windows-Time-Service,134,None,"NtpClient was unable to set a manual peer to use as a time source because of DNS resolution error on 'time.windows.com,0x9'. NtpClient will try again in 15 minutes and double the reattempt interval thereafter. The error was: No such host is known. (0x80072AF9)"
Warning,2/27/2020 10:54:01 AM,Microsoft-Windows-Time-Service,134,None,"NtpClient was unable to set a manual peer to use as a time source because of DNS resolution error on 'time.windows.com,0x9'. NtpClient will try again in 15 minutes and double the reattempt interval thereafter. The error was: No such host is known. (0x80072AF9)"
Warning,2/27/2020 10:54:00 AM,Microsoft-Windows-Time-Service,134,None,"NtpClient was unable to set a manual peer to use as a time source because of DNS resolution error on 'time.windows.com,0x9'. NtpClient will try again in 15 minutes and double the reattempt interval thereafter. The error was: No such host is known. (0x80072AF9)"
Error,2/27/2020 10:44:56 AM,Application Error,1000,(100),"Faulting application name: Lenovo.Modern.ImController.PluginHost.Device.exe, version: 1.1.18.3, time stamp: 0x5d852bfe
Faulting module name: SLSCore.dll_unloaded, version: 1.0.0.695, time stamp: 0x5dc22da1
Exception code: 0xc0000005
Fault offset: 0x00142740
Faulting process id: 0x2ce4
Faulting application start time: 0x01d5ed4a2af79967
Faulting application path: C:\Program Files (x86)\Lenovo\iMController\PluginHost\Lenovo.Modern.ImController.PluginHost.Device.exe
Faulting module path: SLSCore.dll
Report Id: 95aae554-149b-460d-8e7c-3842315fd87e
Faulting package full name: 
Faulting package-relative application ID: "
Error,2/27/2020 10:44:56 AM,.NET Runtime,1026,None,"Application: Lenovo.Modern.ImController.PluginHost.Device.exe
Framework Version: v4.0.30319
Description: The process was terminated due to an unhandled exception.
Exception Info: exception code c0000005, exception address 64152740
"
Warning,2/27/2020 10:43:50 AM,Microsoft-Windows-DeviceSetupManager,200,None,A connection to the Windows Update service could not be established.
Warning,2/27/2020 10:43:50 AM,Microsoft-Windows-DeviceSetupManager,202,None,The Network List Manager reports no connectivity to the internet.
Error,2/27/2020 10:40:53 AM,Office 2016 Licensing Service,0,None,The operation completed successfully.
Warning,2/27/2020 10:40:30 AM,Microsoft-Windows-Security-SPP,8233,None,"The rules engine reported a failed VL activation attempt.
Reason:0xC004F074
AppId = 0ff1ce15-a989-479d-af46-f275c6370663, SkuId = dedfa23d-6ed1-45a6-85dc-63cae0546de6
Trigger=NetworkAvailable"
Warning,2/27/2020 10:40:03 AM,Microsoft-Windows-Time-Service,134,None,"NtpClient was unable to set a manual peer to use as a time source because of DNS resolution error on 'time.windows.com,0x9'. NtpClient will try again in 15 minutes and double the reattempt interval thereafter. The error was: No such host is known. (0x80072AF9)"
Warning,2/27/2020 10:40:03 AM,Microsoft-Windows-Security-SPP,8233,None,"The rules engine reported a failed VL activation attempt.
Reason:0xC004F074
AppId = 0ff1ce15-a989-479d-af46-f275c6370663, SkuId = dedfa23d-6ed1-45a6-85dc-63cae0546de6
Trigger=NetworkAvailable"
Warning,2/27/2020 10:40:01 AM,Microsoft-Windows-Time-Service,134,None,"NtpClient was unable to set a manual peer to use as a time source because of DNS resolution error on 'time.windows.com,0x9'. NtpClient will try again in 15 minutes and double the reattempt interval thereafter. The error was: No such host is known. (0x80072AF9)"
Warning,2/27/2020 10:39:45 AM,BTHUSB,34,None,"The local adapter does not support an important Low Energy controller state to support peripheral mode.  The minimum required supported state mask is 0x2491f7fffff, got 0x1fffffff.  Low Energy peripheral role functionality will not be available."
Warning,2/27/2020 10:39:45 AM,Microsoft-Windows-Time-Service,134,None,"NtpClient was unable to set a manual peer to use as a time source because of DNS resolution error on 'time.windows.com,0x9'. NtpClient will try again in 15 minutes and double the reattempt interval thereafter. The error was: No such host is known. (0x80072AF9)"
Error,2/27/2020 10:14:14 AM,Microsoft-Windows-Kernel-Power,137,None,The system firmware has changed the processor's memory type range registers (MTRRs) across a sleep state transition (S4). This can result in reduced resume performance.
Warning,2/27/2020 10:13:20 AM,Microsoft-Windows-DeviceSetupManager,200,None,A connection to the Windows Update service could not be established.
Warning,2/27/2020 10:13:20 AM,Microsoft-Windows-DeviceSetupManager,202,None,The Network List Manager reports no connectivity to the internet.
Warning,2/27/2020 10:13:20 AM,Microsoft-Windows-DeviceSetupManager,200,None,A connection to the Windows Update service could not be established.
Warning,2/27/2020 10:13:20 AM,Microsoft-Windows-DeviceSetupManager,202,None,The Network List Manager reports no connectivity to the internet.
Warning,2/27/2020 10:12:52 AM,Microsoft-Windows-Security-SPP,8233,None,"The rules engine reported a failed VL activation attempt.
Reason:0xC004F074
AppId = 0ff1ce15-a989-479d-af46-f275c6370663, SkuId = dedfa23d-6ed1-45a6-85dc-63cae0546de6
Trigger=NetworkAvailable"
Warning,2/27/2020 10:12:50 AM,Microsoft-Windows-DeviceSetupManager,200,None,A connection to the Windows Update service could not be established.
Warning,2/27/2020 10:12:50 AM,Microsoft-Windows-DeviceSetupManager,202,None,The Network List Manager reports no connectivity to the internet.
Warning,2/27/2020 10:12:50 AM,Microsoft-Windows-DeviceSetupManager,200,None,A connection to the Windows Update service could not be established.
Warning,2/27/2020 10:12:50 AM,Microsoft-Windows-DeviceSetupManager,202,None,The Network List Manager reports no connectivity to the internet.
Warning,2/27/2020 10:12:47 AM,Microsoft-Windows-DeviceSetupManager,201,None,A connection to the Windows Metadata and Internet Services (WMIS) could not be established.
Warning,2/27/2020 10:12:47 AM,Microsoft-Windows-DeviceSetupManager,202,None,The Network List Manager reports no connectivity to the internet.
Warning,2/27/2020 10:12:47 AM,Microsoft-Windows-DeviceSetupManager,200,None,A connection to the Windows Update service could not be established.
Warning,2/27/2020 10:12:47 AM,Microsoft-Windows-DeviceSetupManager,202,None,The Network List Manager reports no connectivity to the internet.
Warning,2/27/2020 10:12:47 AM,Microsoft-Windows-DeviceSetupManager,200,None,A connection to the Windows Update service could not be established.
Warning,2/27/2020 10:12:47 AM,Microsoft-Windows-DeviceSetupManager,202,None,The Network List Manager reports no connectivity to the internet.
Warning,2/27/2020 10:12:40 AM,Microsoft-Windows-Time-Service,134,None,"NtpClient was unable to set a manual peer to use as a time source because of DNS resolution error on 'time.windows.com,0x9'. NtpClient will try again in 15 minutes and double the reattempt interval thereafter. The error was: No such host is known. (0x80072AF9)"
Warning,2/27/2020 10:12:39 AM,Microsoft-Windows-Time-Service,134,None,"NtpClient was unable to set a manual peer to use as a time source because of DNS resolution error on 'time.windows.com,0x9'. NtpClient will try again in 15 minutes and double the reattempt interval thereafter. The error was: No such host is known. (0x80072AF9)"
Error,2/27/2020 10:12:38 AM,Microsoft-Windows-DistributedCOM,10010,None,The server microsoft.windowscommunicationsapps_16005.12527.20152.0_x64__8wekyb3d8bbwe!microsoft.windowslive.calendar.AppXwkn9j84yh1kvnt49k5r8h6y1ecsv09hs.mca did not register with DCOM within the required timeout.
Warning,2/27/2020 10:12:37 AM,Microsoft-Windows-Time-Service,134,None,"NtpClient was unable to set a manual peer to use as a time source because of DNS resolution error on 'time.windows.com,0x9'. NtpClient will try again in 15 minutes and double the reattempt interval thereafter. The error was: No such host is known. (0x80072AF9)"
Warning,2/27/2020 10:12:35 AM,Microsoft-Windows-DistributedCOM,10016,None,"The machine-default permission settings do not grant Local Activation permission for the COM Server application with CLSID 
{C2F03A33-21F5-47FA-B4BB-156362A2F239}
 and APPID 
{316CDED5-E4AE-4B15-9113-7055D84DCC97}
 to the user LAPTOP-3VCLFU80\almoi SID (S-1-5-21-3160199353-1972228045-1784530820-1001) from address LocalHost (Using LRPC) running in the application container Microsoft.Windows.ShellExperienceHost_10.0.19041.1_neutral_neutral_cw5n1h2txyewy SID (S-1-15-2-155514346-2573954481-755741238-1654018636-1233331829-3075935687-2861478708). This security permission can be modified using the Component Services administrative tool."
Warning,2/27/2020 10:12:35 AM,Microsoft-Windows-Time-Service,134,None,"NtpClient was unable to set a manual peer to use as a time source because of DNS resolution error on 'time.windows.com,0x9'. NtpClient will try again in 15 minutes and double the reattempt interval thereafter. The error was: No such host is known. (0x80072AF9)"
Warning,2/27/2020 10:12:34 AM,Microsoft-Windows-Time-Service,134,None,"NtpClient was unable to set a manual peer to use as a time source because of DNS resolution error on 'time.windows.com,0x9'. NtpClient will try again in 15 minutes and double the reattempt interval thereafter. The error was: No such host is known. (0x80072AF9)"
Warning,2/27/2020 10:12:32 AM,Microsoft-Windows-Time-Service,134,None,"NtpClient was unable to set a manual peer to use as a time source because of DNS resolution error on 'time.windows.com,0x9'. NtpClient will try again in 15 minutes and double the reattempt interval thereafter. The error was: No such host is known. (0x80072AF9)"
Warning,2/27/2020 10:12:31 AM,Microsoft-Windows-DeviceSetupManager,201,None,A connection to the Windows Metadata and Internet Services (WMIS) could not be established.
Warning,2/27/2020 10:12:31 AM,Microsoft-Windows-DeviceSetupManager,202,None,The Network List Manager reports no connectivity to the internet.
Warning,2/27/2020 10:12:28 AM,Microsoft-Windows-DeviceSetupManager,200,None,A connection to the Windows Update service could not be established.
Warning,2/27/2020 10:12:28 AM,Microsoft-Windows-DeviceSetupManager,202,None,The Network List Manager reports no connectivity to the internet.
Warning,2/27/2020 10:12:24 AM,Microsoft-Windows-Time-Service,134,None,"NtpClient was unable to set a manual peer to use as a time source because of DNS resolution error on 'time.windows.com,0x9'. NtpClient will try again in 15 minutes and double the reattempt interval thereafter. The error was: No such host is known. (0x80072AF9)"
Warning,2/27/2020 10:12:22 AM,Microsoft-Windows-Time-Service,134,None,"NtpClient was unable to set a manual peer to use as a time source because of DNS resolution error on 'time.windows.com,0x9'. NtpClient will try again in 15 minutes and double the reattempt interval thereafter. The error was: No such host is known. (0x80072AF9)"
Warning,2/27/2020 10:12:21 AM,BTHUSB,34,None,"The local adapter does not support an important Low Energy controller state to support peripheral mode.  The minimum required supported state mask is 0x2491f7fffff, got 0x1fffffff.  Low Energy peripheral role functionality will not be available."
Warning,2/27/2020 10:12:20 AM,Microsoft-Windows-Time-Service,134,None,"NtpClient was unable to set a manual peer to use as a time source because of DNS resolution error on 'time.windows.com,0x9'. NtpClient will try again in 15 minutes and double the reattempt interval thereafter. The error was: No such host is known. (0x80072AF9)"
Error,2/26/2020 3:22:19 PM,Microsoft-Windows-Kernel-Power,137,None,The system firmware has changed the processor's memory type range registers (MTRRs) across a sleep state transition (S4). This can result in reduced resume performance.
Warning,2/26/2020 1:36:59 PM,Microsoft-Windows-Security-SPP,8233,None,"The rules engine reported a failed VL activation attempt.
Reason:0xC004F074
AppId = 0ff1ce15-a989-479d-af46-f275c6370663, SkuId = dedfa23d-6ed1-45a6-85dc-63cae0546de6
Trigger=TimerEvent"
Warning,2/26/2020 11:36:59 AM,Microsoft-Windows-Security-SPP,8233,None,"The rules engine reported a failed VL activation attempt.
Reason:0xC004F074
AppId = 0ff1ce15-a989-479d-af46-f275c6370663, SkuId = dedfa23d-6ed1-45a6-85dc-63cae0546de6
Trigger=TimerEvent"
Warning,2/26/2020 9:37:03 AM,Microsoft-Windows-Security-SPP,8233,None,"The rules engine reported a failed VL activation attempt.
Reason:0xC004F074
AppId = 0ff1ce15-a989-479d-af46-f275c6370663, SkuId = dedfa23d-6ed1-45a6-85dc-63cae0546de6
Trigger=NetworkAvailable"
Error,2/26/2020 9:32:39 AM,Microsoft-Windows-AppModel-Runtime,65,None,Failed with 0x57 retrieving AppModel Runtime status for package Windows.
Error,2/26/2020 9:32:07 AM,Microsoft-Windows-DeviceSetupManager,131,None,"Metadata staging failed, result=0x80070490 for container '{00000000-0000-0000-FFFF-FFFFFFFFFFFF}'"
Error,2/26/2020 9:32:05 AM,Microsoft-Windows-NDIS,10317,PnP,"Miniport PANGP Virtual Ethernet Adapter #22, {2bf12f27-4da3-4a10-aa39-ad004609ad75}, had event Network Interface deleted while PNP Device still exists. Note that this event is provided for informational purpose and might not be an error always (Eg: In case of vSwitch which was recently un-installed or a LBFO team was removed)"
