Warning,9/4/2020 12:35:41 PM,ESENT,642,General,"Catalog Database (4844,D,12) Catalog Database: The database format feature version 9080 (0x2378) could not be used due to the current database format 1568.20.0, controlled by the parameter 0x410022D8 (8920 | JET_efvAllowHigherPersistedFormat)."
Warning,9/4/2020 12:35:41 PM,ESENT,642,General,"Catalog Database (4844,D,50) Catalog Database: The database format feature version 9180 (0x23dc) could not be used due to the current database format 1568.20.0, controlled by the parameter 0x410022D8 (8920 | JET_efvAllowHigherPersistedFormat)."
Warning,9/4/2020 12:35:41 PM,ESENT,642,General,"Catalog Database (4844,D,12) Catalog Database: The database format feature version 9080 (0x2378) could not be used due to the current database format 1568.20.0, controlled by the parameter 0x410022D8 (8920 | JET_efvAllowHigherPersistedFormat)."
Warning,9/4/2020 12:35:41 PM,ESENT,642,General,"Catalog Database (4844,D,50) Catalog Database: The database format feature version 9180 (0x23dc) could not be used due to the current database format 1568.20.0, controlled by the parameter 0x410022D8 (8920 | JET_efvAllowHigherPersistedFormat)."
Warning,9/4/2020 12:35:15 PM,Microsoft-Windows-Security-SPP,8233,None,"The rules engine reported a failed VL activation attempt.
Reason:0xC004F074
AppId = 0ff1ce15-a989-479d-af46-f275c6370663, SkuId = dedfa23d-6ed1-45a6-85dc-63cae0546de6
Trigger=NetworkAvailable"
Warning,9/4/2020 12:34:48 PM,Microsoft-Windows-Security-SPP,8233,None,"The rules engine reported a failed VL activation attempt.
Reason:0xC004F074
AppId = 0ff1ce15-a989-479d-af46-f275c6370663, SkuId = dedfa23d-6ed1-45a6-85dc-63cae0546de6
Trigger=TimerEvent"
Warning,9/4/2020 12:33:52 PM,Microsoft-Windows-Time-Service,134,None,"NtpClient was unable to set a manual peer to use as a time source because of DNS resolution error on 'time.windows.com,0x9'. NtpClient will try again in 15 minutes and double the reattempt interval thereafter. The error was: No such host is known. (0x80072AF9)"
Warning,9/4/2020 12:33:49 PM,Microsoft-Windows-Time-Service,134,None,"NtpClient was unable to set a manual peer to use as a time source because of DNS resolution error on 'time.windows.com,0x9'. NtpClient will try again in 15 minutes and double the reattempt interval thereafter. The error was: No such host is known. (0x80072AF9)"
Warning,9/4/2020 12:33:47 PM,Microsoft-Windows-Time-Service,134,None,"NtpClient was unable to set a manual peer to use as a time source because of DNS resolution error on 'time.windows.com,0x9'. NtpClient will try again in 15 minutes and double the reattempt interval thereafter. The error was: No such host is known. (0x80072AF9)"
Warning,9/4/2020 12:33:46 PM,Microsoft-Windows-Time-Service,134,None,"NtpClient was unable to set a manual peer to use as a time source because of DNS resolution error on 'time.windows.com,0x9'. NtpClient will try again in 15 minutes and double the reattempt interval thereafter. The error was: No such host is known. (0x80072AF9)"
Warning,9/4/2020 12:33:41 PM,BTHUSB,34,None,"The local adapter does not support an important Low Energy controller state to support peripheral mode.  The minimum required supported state mask is 0x2491f7fffff, got 0x1fffffff.  Low Energy peripheral role functionality will not be available."
Warning,9/3/2020 7:27:13 PM,Microsoft-Windows-Time-Service,134,None,"NtpClient was unable to set a manual peer to use as a time source because of DNS resolution error on 'time.windows.com,0x9'. NtpClient will try again in 15 minutes and double the reattempt interval thereafter. The error was: No such host is known. (0x80072AF9)"
Warning,9/3/2020 7:27:11 PM,BTHUSB,34,None,"The local adapter does not support an important Low Energy controller state to support peripheral mode.  The minimum required supported state mask is 0x2491f7fffff, got 0x1fffffff.  Low Energy peripheral role functionality will not be available."
Warning,9/3/2020 7:27:11 PM,Microsoft-Windows-Time-Service,134,None,"NtpClient was unable to set a manual peer to use as a time source because of DNS resolution error on 'time.windows.com,0x9'. NtpClient will try again in 15 minutes and double the reattempt interval thereafter. The error was: No such host is known. (0x80072AF9)"
Error,9/3/2020 4:27:11 PM,Microsoft-Windows-Kernel-Power,137,None,The system firmware has changed the processor's memory type range registers (MTRRs) across a sleep state transition (S4). This can result in reduced resume performance.
Error,9/3/2020 4:25:42 PM,Microsoft-Windows-AppModel-Runtime,65,None,Failed with 0x57 retrieving AppModel Runtime status for package Windows.
Error,9/3/2020 4:19:14 PM,Microsoft-Windows-AppModel-Runtime,65,None,Failed with 0x57 retrieving AppModel Runtime status for package Windows.
Error,9/3/2020 2:56:13 PM,Microsoft-Windows-AppModel-Runtime,65,None,Failed with 0x57 retrieving AppModel Runtime status for package Windows.
Error,9/3/2020 2:50:12 PM,Microsoft-Windows-AppModel-Runtime,65,None,Failed with 0x57 retrieving AppModel Runtime status for package Windows.
Warning,9/3/2020 2:40:19 PM,Microsoft-Windows-Security-SPP,8233,None,"The rules engine reported a failed VL activation attempt.
Reason:0xC004F074
AppId = 0ff1ce15-a989-479d-af46-f275c6370663, SkuId = dedfa23d-6ed1-45a6-85dc-63cae0546de6
Trigger=TimerEvent"
Error,9/3/2020 2:35:44 PM,Microsoft-Windows-AppModel-Runtime,65,None,Failed with 0x57 retrieving AppModel Runtime status for package Windows.
Error,9/3/2020 1:49:17 PM,Microsoft-Windows-AppModel-Runtime,65,None,Failed with 0x57 retrieving AppModel Runtime status for package Windows.
Error,9/3/2020 1:02:19 PM,Microsoft-Windows-AppModel-Runtime,65,None,Failed with 0x57 retrieving AppModel Runtime status for package Windows.
Error,9/3/2020 12:55:48 PM,Microsoft-Windows-AppModel-Runtime,65,None,Failed with 0x57 retrieving AppModel Runtime status for package Windows.
Error,9/3/2020 12:42:30 PM,Office 2016 Licensing Service,0,None,The operation completed successfully.
Warning,9/3/2020 12:40:24 PM,Microsoft-Windows-Security-SPP,8233,None,"The rules engine reported a failed VL activation attempt.
Reason:0xC004F074
AppId = 0ff1ce15-a989-479d-af46-f275c6370663, SkuId = dedfa23d-6ed1-45a6-85dc-63cae0546de6
Trigger=NetworkAvailable"
Error,9/3/2020 12:40:18 PM,Microsoft-Windows-AppModel-Runtime,65,None,Failed with 0x57 retrieving AppModel Runtime status for package Windows.
Warning,9/3/2020 12:39:41 PM,ESENT,642,General,"Catalog Database (4844,D,12) Catalog Database: The database format feature version 9080 (0x2378) could not be used due to the current database format 1568.20.0, controlled by the parameter 0x410022D8 (8920 | JET_efvAllowHigherPersistedFormat)."
Warning,9/3/2020 12:39:41 PM,ESENT,642,General,"Catalog Database (4844,D,50) Catalog Database: The database format feature version 9180 (0x23dc) could not be used due to the current database format 1568.20.0, controlled by the parameter 0x410022D8 (8920 | JET_efvAllowHigherPersistedFormat)."
Warning,9/3/2020 12:39:41 PM,ESENT,642,General,"Catalog Database (4844,D,12) Catalog Database: The database format feature version 9080 (0x2378) could not be used due to the current database format 1568.20.0, controlled by the parameter 0x410022D8 (8920 | JET_efvAllowHigherPersistedFormat)."
Warning,9/3/2020 12:39:41 PM,ESENT,642,General,"Catalog Database (4844,D,50) Catalog Database: The database format feature version 9180 (0x23dc) could not be used due to the current database format 1568.20.0, controlled by the parameter 0x410022D8 (8920 | JET_efvAllowHigherPersistedFormat)."
Warning,9/3/2020 12:39:38 PM,Microsoft-Windows-Time-Service,134,None,"NtpClient was unable to set a manual peer to use as a time source because of DNS resolution error on 'time.windows.com,0x9'. NtpClient will try again in 15 minutes and double the reattempt interval thereafter. The error was: No such host is known. (0x80072AF9)"
Warning,9/3/2020 12:39:36 PM,Microsoft-Windows-Time-Service,134,None,"NtpClient was unable to set a manual peer to use as a time source because of DNS resolution error on 'time.windows.com,0x9'. NtpClient will try again in 15 minutes and double the reattempt interval thereafter. The error was: No such host is known. (0x80072AF9)"
Warning,9/3/2020 12:39:29 PM,BTHUSB,34,None,"The local adapter does not support an important Low Energy controller state to support peripheral mode.  The minimum required supported state mask is 0x2491f7fffff, got 0x1fffffff.  Low Energy peripheral role functionality will not be available."
Warning,9/3/2020 12:39:29 PM,Microsoft-Windows-Time-Service,134,None,"NtpClient was unable to set a manual peer to use as a time source because of DNS resolution error on 'time.windows.com,0x9'. NtpClient will try again in 15 minutes and double the reattempt interval thereafter. The error was: No such host is known. (0x80072AF9)"
Warning,9/3/2020 12:39:27 PM,Microsoft-Windows-Time-Service,134,None,"NtpClient was unable to set a manual peer to use as a time source because of DNS resolution error on 'time.windows.com,0x9'. NtpClient will try again in 15 minutes and double the reattempt interval thereafter. The error was: No such host is known. (0x80072AF9)"
Warning,9/2/2020 8:43:44 PM,Microsoft-Windows-Time-Service,134,None,"NtpClient was unable to set a manual peer to use as a time source because of DNS resolution error on 'time.windows.com,0x9'. NtpClient will try again in 15 minutes and double the reattempt interval thereafter. The error was: No such host is known. (0x80072AF9)"
Warning,9/2/2020 8:43:42 PM,Microsoft-Windows-Time-Service,134,None,"NtpClient was unable to set a manual peer to use as a time source because of DNS resolution error on 'time.windows.com,0x9'. NtpClient will try again in 15 minutes and double the reattempt interval thereafter. The error was: No such host is known. (0x80072AF9)"
Warning,9/2/2020 8:43:37 PM,Microsoft-Windows-Time-Service,134,None,"NtpClient was unable to set a manual peer to use as a time source because of DNS resolution error on 'time.windows.com,0x9'. NtpClient will try again in 15 minutes and double the reattempt interval thereafter. The error was: No such host is known. (0x80072AF9)"
Warning,9/2/2020 8:43:35 PM,BTHUSB,34,None,"The local adapter does not support an important Low Energy controller state to support peripheral mode.  The minimum required supported state mask is 0x2491f7fffff, got 0x1fffffff.  Low Energy peripheral role functionality will not be available."
Warning,9/2/2020 8:43:35 PM,Microsoft-Windows-Time-Service,134,None,"NtpClient was unable to set a manual peer to use as a time source because of DNS resolution error on 'time.windows.com,0x9'. NtpClient will try again in 15 minutes and double the reattempt interval thereafter. The error was: No such host is known. (0x80072AF9)"
Error,9/2/2020 5:43:35 PM,Microsoft-Windows-Kernel-Power,137,None,The system firmware has changed the processor's memory type range registers (MTRRs) across a sleep state transition (S4). This can result in reduced resume performance.
Warning,9/2/2020 5:43:34 PM,Microsoft-Windows-Security-SPP,8233,None,"The rules engine reported a failed VL activation attempt.
Reason:0xC004F074
AppId = 0ff1ce15-a989-479d-af46-f275c6370663, SkuId = dedfa23d-6ed1-45a6-85dc-63cae0546de6
Trigger=NetworkAvailable"
Warning,9/2/2020 5:43:10 PM,Microsoft-Windows-Security-SPP,8233,None,"The rules engine reported a failed VL activation attempt.
Reason:0xC004F074
AppId = 0ff1ce15-a989-479d-af46-f275c6370663, SkuId = dedfa23d-6ed1-45a6-85dc-63cae0546de6
Trigger=NetworkAvailable"
Warning,9/2/2020 5:42:38 PM,Microsoft-Windows-Time-Service,134,None,"NtpClient was unable to set a manual peer to use as a time source because of DNS resolution error on 'time.windows.com,0x9'. NtpClient will try again in 15 minutes and double the reattempt interval thereafter. The error was: No such host is known. (0x80072AF9)"
Warning,9/2/2020 5:42:37 PM,Microsoft-Windows-Time-Service,134,None,"NtpClient was unable to set a manual peer to use as a time source because of DNS resolution error on 'time.windows.com,0x9'. NtpClient will try again in 15 minutes and double the reattempt interval thereafter. The error was: No such host is known. (0x80072AF9)"
Warning,9/2/2020 5:39:10 PM,Microsoft-Windows-DNS-Client,1014,(1014),Name resolution for the name 75.0.168.192.in-addr.arpa. timed out after none of the configured DNS servers responded.
Warning,9/2/2020 5:29:05 PM,Microsoft-Windows-DNS-Client,1014,(1014),Name resolution for the name 22.0.168.192.in-addr.arpa. timed out after none of the configured DNS servers responded.
Warning,9/2/2020 5:28:54 PM,Microsoft-Windows-DNS-Client,1014,(1014),Name resolution for the name home2-device-api.coro.net timed out after none of the configured DNS servers responded.
Error,9/2/2020 5:17:28 PM,Microsoft-Windows-AppModel-Runtime,65,None,Failed with 0x57 retrieving AppModel Runtime status for package Windows.
Error,9/2/2020 5:15:11 PM,Microsoft-Windows-AppModel-Runtime,65,None,Failed with 0x57 retrieving AppModel Runtime status for package Windows.
Error,9/2/2020 4:49:44 PM,Microsoft-Windows-AppModel-Runtime,65,None,Failed with 0x57 retrieving AppModel Runtime status for package Windows.
Error,9/2/2020 4:44:16 PM,Microsoft-Windows-AppModel-Runtime,65,None,Failed with 0x57 retrieving AppModel Runtime status for package Windows.
Error,9/2/2020 4:09:04 PM,Microsoft-Windows-AppModel-Runtime,65,None,Failed with 0x57 retrieving AppModel Runtime status for package Windows.
Error,9/2/2020 4:06:04 PM,Microsoft-Windows-AppModel-Runtime,65,None,Failed with 0x57 retrieving AppModel Runtime status for package Windows.
Warning,9/2/2020 3:54:02 PM,Microsoft-Windows-Security-SPP,8233,None,"The rules engine reported a failed VL activation attempt.
Reason:0xC004F074
AppId = 0ff1ce15-a989-479d-af46-f275c6370663, SkuId = dedfa23d-6ed1-45a6-85dc-63cae0546de6
Trigger=NetworkAvailable"
Warning,9/2/2020 3:53:30 PM,Microsoft-Windows-Time-Service,134,None,"NtpClient was unable to set a manual peer to use as a time source because of DNS resolution error on 'time.windows.com,0x9'. NtpClient will try again in 15 minutes and double the reattempt interval thereafter. The error was: No such host is known. (0x80072AF9)"
Warning,9/2/2020 3:53:28 PM,BTHUSB,34,None,"The local adapter does not support an important Low Energy controller state to support peripheral mode.  The minimum required supported state mask is 0x2491f7fffff, got 0x1fffffff.  Low Energy peripheral role functionality will not be available."
Warning,9/2/2020 3:53:28 PM,Microsoft-Windows-Time-Service,134,None,"NtpClient was unable to set a manual peer to use as a time source because of DNS resolution error on 'time.windows.com,0x9'. NtpClient will try again in 15 minutes and double the reattempt interval thereafter. The error was: No such host is known. (0x80072AF9)"
Error,9/2/2020 3:51:33 PM,Microsoft-Windows-Kernel-Power,137,None,The system firmware has changed the processor's memory type range registers (MTRRs) across a sleep state transition (S4). This can result in reduced resume performance.
Warning,9/2/2020 2:51:17 PM,ESENT,642,General,"Catalog Database (4844,D,12) Catalog Database: The database format feature version 9080 (0x2378) could not be used due to the current database format 1568.20.0, controlled by the parameter 0x410022D8 (8920 | JET_efvAllowHigherPersistedFormat)."
Warning,9/2/2020 2:51:17 PM,ESENT,642,General,"Catalog Database (4844,D,50) Catalog Database: The database format feature version 9180 (0x23dc) could not be used due to the current database format 1568.20.0, controlled by the parameter 0x410022D8 (8920 | JET_efvAllowHigherPersistedFormat)."
Warning,9/2/2020 2:51:17 PM,ESENT,642,General,"Catalog Database (4844,D,12) Catalog Database: The database format feature version 9080 (0x2378) could not be used due to the current database format 1568.20.0, controlled by the parameter 0x410022D8 (8920 | JET_efvAllowHigherPersistedFormat)."
Warning,9/2/2020 2:51:17 PM,ESENT,642,General,"Catalog Database (4844,D,50) Catalog Database: The database format feature version 9180 (0x23dc) could not be used due to the current database format 1568.20.0, controlled by the parameter 0x410022D8 (8920 | JET_efvAllowHigherPersistedFormat)."
Warning,9/2/2020 2:50:14 PM,ESENT,642,General,"Catalog Database (4844,D,12) Catalog Database: The database format feature version 9080 (0x2378) could not be used due to the current database format 1568.20.0, controlled by the parameter 0x410022D8 (8920 | JET_efvAllowHigherPersistedFormat)."
Warning,9/2/2020 2:50:14 PM,ESENT,642,General,"Catalog Database (4844,D,50) Catalog Database: The database format feature version 9180 (0x23dc) could not be used due to the current database format 1568.20.0, controlled by the parameter 0x410022D8 (8920 | JET_efvAllowHigherPersistedFormat)."
Warning,9/2/2020 2:50:14 PM,ESENT,642,General,"Catalog Database (4844,D,12) Catalog Database: The database format feature version 9080 (0x2378) could not be used due to the current database format 1568.20.0, controlled by the parameter 0x410022D8 (8920 | JET_efvAllowHigherPersistedFormat)."
Warning,9/2/2020 2:50:14 PM,ESENT,642,General,"Catalog Database (4844,D,50) Catalog Database: The database format feature version 9180 (0x23dc) could not be used due to the current database format 1568.20.0, controlled by the parameter 0x410022D8 (8920 | JET_efvAllowHigherPersistedFormat)."
Warning,9/2/2020 2:50:12 PM,ESENT,642,General,"Catalog Database (4844,D,12) Catalog Database: The database format feature version 9080 (0x2378) could not be used due to the current database format 1568.20.0, controlled by the parameter 0x410022D8 (8920 | JET_efvAllowHigherPersistedFormat)."
Warning,9/2/2020 2:50:12 PM,ESENT,642,General,"Catalog Database (4844,D,50) Catalog Database: The database format feature version 9180 (0x23dc) could not be used due to the current database format 1568.20.0, controlled by the parameter 0x410022D8 (8920 | JET_efvAllowHigherPersistedFormat)."
Warning,9/2/2020 2:50:12 PM,ESENT,642,General,"Catalog Database (4844,D,12) Catalog Database: The database format feature version 9080 (0x2378) could not be used due to the current database format 1568.20.0, controlled by the parameter 0x410022D8 (8920 | JET_efvAllowHigherPersistedFormat)."
Warning,9/2/2020 2:50:12 PM,ESENT,642,General,"Catalog Database (4844,D,50) Catalog Database: The database format feature version 9180 (0x23dc) could not be used due to the current database format 1568.20.0, controlled by the parameter 0x410022D8 (8920 | JET_efvAllowHigherPersistedFormat)."
Warning,9/2/2020 2:50:12 PM,ESENT,642,General,"Catalog Database (4844,D,12) Catalog Database: The database format feature version 9080 (0x2378) could not be used due to the current database format 1568.20.0, controlled by the parameter 0x410022D8 (8920 | JET_efvAllowHigherPersistedFormat)."
Warning,9/2/2020 2:50:12 PM,ESENT,642,General,"Catalog Database (4844,D,50) Catalog Database: The database format feature version 9180 (0x23dc) could not be used due to the current database format 1568.20.0, controlled by the parameter 0x410022D8 (8920 | JET_efvAllowHigherPersistedFormat)."
Warning,9/2/2020 2:50:12 PM,ESENT,642,General,"Catalog Database (4844,D,12) Catalog Database: The database format feature version 9080 (0x2378) could not be used due to the current database format 1568.20.0, controlled by the parameter 0x410022D8 (8920 | JET_efvAllowHigherPersistedFormat)."
Warning,9/2/2020 2:50:12 PM,ESENT,642,General,"Catalog Database (4844,D,50) Catalog Database: The database format feature version 9180 (0x23dc) could not be used due to the current database format 1568.20.0, controlled by the parameter 0x410022D8 (8920 | JET_efvAllowHigherPersistedFormat)."
Warning,9/2/2020 2:50:12 PM,ESENT,642,General,"Catalog Database (4844,D,12) Catalog Database: The database format feature version 9080 (0x2378) could not be used due to the current database format 1568.20.0, controlled by the parameter 0x410022D8 (8920 | JET_efvAllowHigherPersistedFormat)."
Warning,9/2/2020 2:50:12 PM,ESENT,642,General,"Catalog Database (4844,D,50) Catalog Database: The database format feature version 9180 (0x23dc) could not be used due to the current database format 1568.20.0, controlled by the parameter 0x410022D8 (8920 | JET_efvAllowHigherPersistedFormat)."
Warning,9/2/2020 2:50:12 PM,ESENT,642,General,"Catalog Database (4844,D,12) Catalog Database: The database format feature version 9080 (0x2378) could not be used due to the current database format 1568.20.0, controlled by the parameter 0x410022D8 (8920 | JET_efvAllowHigherPersistedFormat)."
Warning,9/2/2020 2:50:12 PM,ESENT,642,General,"Catalog Database (4844,D,50) Catalog Database: The database format feature version 9180 (0x23dc) could not be used due to the current database format 1568.20.0, controlled by the parameter 0x410022D8 (8920 | JET_efvAllowHigherPersistedFormat)."
Warning,9/2/2020 2:50:10 PM,ESENT,642,General,"Catalog Database (4844,D,12) Catalog Database: The database format feature version 9080 (0x2378) could not be used due to the current database format 1568.20.0, controlled by the parameter 0x410022D8 (8920 | JET_efvAllowHigherPersistedFormat)."
Warning,9/2/2020 2:50:10 PM,ESENT,642,General,"Catalog Database (4844,D,50) Catalog Database: The database format feature version 9180 (0x23dc) could not be used due to the current database format 1568.20.0, controlled by the parameter 0x410022D8 (8920 | JET_efvAllowHigherPersistedFormat)."
Warning,9/2/2020 2:50:10 PM,ESENT,642,General,"Catalog Database (4844,D,12) Catalog Database: The database format feature version 9080 (0x2378) could not be used due to the current database format 1568.20.0, controlled by the parameter 0x410022D8 (8920 | JET_efvAllowHigherPersistedFormat)."
Warning,9/2/2020 2:50:10 PM,ESENT,642,General,"Catalog Database (4844,D,50) Catalog Database: The database format feature version 9180 (0x23dc) could not be used due to the current database format 1568.20.0, controlled by the parameter 0x410022D8 (8920 | JET_efvAllowHigherPersistedFormat)."
Warning,9/2/2020 2:50:04 PM,ESENT,642,General,"Catalog Database (4844,D,12) Catalog Database: The database format feature version 9080 (0x2378) could not be used due to the current database format 1568.20.0, controlled by the parameter 0x410022D8 (8920 | JET_efvAllowHigherPersistedFormat)."
Warning,9/2/2020 2:50:04 PM,ESENT,642,General,"Catalog Database (4844,D,50) Catalog Database: The database format feature version 9180 (0x23dc) could not be used due to the current database format 1568.20.0, controlled by the parameter 0x410022D8 (8920 | JET_efvAllowHigherPersistedFormat)."
Warning,9/2/2020 2:50:04 PM,ESENT,642,General,"Catalog Database (4844,D,12) Catalog Database: The database format feature version 9080 (0x2378) could not be used due to the current database format 1568.20.0, controlled by the parameter 0x410022D8 (8920 | JET_efvAllowHigherPersistedFormat)."
Warning,9/2/2020 2:50:04 PM,ESENT,642,General,"Catalog Database (4844,D,50) Catalog Database: The database format feature version 9180 (0x23dc) could not be used due to the current database format 1568.20.0, controlled by the parameter 0x410022D8 (8920 | JET_efvAllowHigherPersistedFormat)."
Warning,9/2/2020 2:50:02 PM,ESENT,642,General,"Catalog Database (4844,D,12) Catalog Database: The database format feature version 9080 (0x2378) could not be used due to the current database format 1568.20.0, controlled by the parameter 0x410022D8 (8920 | JET_efvAllowHigherPersistedFormat)."
Warning,9/2/2020 2:50:02 PM,ESENT,642,General,"Catalog Database (4844,D,50) Catalog Database: The database format feature version 9180 (0x23dc) could not be used due to the current database format 1568.20.0, controlled by the parameter 0x410022D8 (8920 | JET_efvAllowHigherPersistedFormat)."
Warning,9/2/2020 2:50:02 PM,ESENT,642,General,"Catalog Database (4844,D,12) Catalog Database: The database format feature version 9080 (0x2378) could not be used due to the current database format 1568.20.0, controlled by the parameter 0x410022D8 (8920 | JET_efvAllowHigherPersistedFormat)."
Warning,9/2/2020 2:50:02 PM,ESENT,642,General,"Catalog Database (4844,D,50) Catalog Database: The database format feature version 9180 (0x23dc) could not be used due to the current database format 1568.20.0, controlled by the parameter 0x410022D8 (8920 | JET_efvAllowHigherPersistedFormat)."
Warning,9/2/2020 2:50:02 PM,ESENT,642,General,"Catalog Database (4844,D,12) Catalog Database: The database format feature version 9080 (0x2378) could not be used due to the current database format 1568.20.0, controlled by the parameter 0x410022D8 (8920 | JET_efvAllowHigherPersistedFormat)."
Warning,9/2/2020 2:50:02 PM,ESENT,642,General,"Catalog Database (4844,D,50) Catalog Database: The database format feature version 9180 (0x23dc) could not be used due to the current database format 1568.20.0, controlled by the parameter 0x410022D8 (8920 | JET_efvAllowHigherPersistedFormat)."
Warning,9/2/2020 2:50:02 PM,ESENT,642,General,"Catalog Database (4844,D,12) Catalog Database: The database format feature version 9080 (0x2378) could not be used due to the current database format 1568.20.0, controlled by the parameter 0x410022D8 (8920 | JET_efvAllowHigherPersistedFormat)."
Warning,9/2/2020 2:50:02 PM,ESENT,642,General,"Catalog Database (4844,D,50) Catalog Database: The database format feature version 9180 (0x23dc) could not be used due to the current database format 1568.20.0, controlled by the parameter 0x410022D8 (8920 | JET_efvAllowHigherPersistedFormat)."
Warning,9/2/2020 2:50:00 PM,ESENT,642,General,"Catalog Database (4844,D,12) Catalog Database: The database format feature version 9080 (0x2378) could not be used due to the current database format 1568.20.0, controlled by the parameter 0x410022D8 (8920 | JET_efvAllowHigherPersistedFormat)."
Warning,9/2/2020 2:50:00 PM,ESENT,642,General,"Catalog Database (4844,D,50) Catalog Database: The database format feature version 9180 (0x23dc) could not be used due to the current database format 1568.20.0, controlled by the parameter 0x410022D8 (8920 | JET_efvAllowHigherPersistedFormat)."
Warning,9/2/2020 2:50:00 PM,ESENT,642,General,"Catalog Database (4844,D,12) Catalog Database: The database format feature version 9080 (0x2378) could not be used due to the current database format 1568.20.0, controlled by the parameter 0x410022D8 (8920 | JET_efvAllowHigherPersistedFormat)."
Warning,9/2/2020 2:50:00 PM,ESENT,642,General,"Catalog Database (4844,D,50) Catalog Database: The database format feature version 9180 (0x23dc) could not be used due to the current database format 1568.20.0, controlled by the parameter 0x410022D8 (8920 | JET_efvAllowHigherPersistedFormat)."
Warning,9/2/2020 2:49:59 PM,ESENT,642,General,"Catalog Database (4844,D,12) Catalog Database: The database format feature version 9080 (0x2378) could not be used due to the current database format 1568.20.0, controlled by the parameter 0x410022D8 (8920 | JET_efvAllowHigherPersistedFormat)."
Warning,9/2/2020 2:49:59 PM,ESENT,642,General,"Catalog Database (4844,D,50) Catalog Database: The database format feature version 9180 (0x23dc) could not be used due to the current database format 1568.20.0, controlled by the parameter 0x410022D8 (8920 | JET_efvAllowHigherPersistedFormat)."
Warning,9/2/2020 2:49:59 PM,ESENT,642,General,"Catalog Database (4844,D,12) Catalog Database: The database format feature version 9080 (0x2378) could not be used due to the current database format 1568.20.0, controlled by the parameter 0x410022D8 (8920 | JET_efvAllowHigherPersistedFormat)."
Warning,9/2/2020 2:49:59 PM,ESENT,642,General,"Catalog Database (4844,D,50) Catalog Database: The database format feature version 9180 (0x23dc) could not be used due to the current database format 1568.20.0, controlled by the parameter 0x410022D8 (8920 | JET_efvAllowHigherPersistedFormat)."
Warning,9/2/2020 2:49:56 PM,ESENT,642,General,"Catalog Database (4844,D,12) Catalog Database: The database format feature version 9080 (0x2378) could not be used due to the current database format 1568.20.0, controlled by the parameter 0x410022D8 (8920 | JET_efvAllowHigherPersistedFormat)."
Warning,9/2/2020 2:49:56 PM,ESENT,642,General,"Catalog Database (4844,D,50) Catalog Database: The database format feature version 9180 (0x23dc) could not be used due to the current database format 1568.20.0, controlled by the parameter 0x410022D8 (8920 | JET_efvAllowHigherPersistedFormat)."
Warning,9/2/2020 2:49:56 PM,ESENT,642,General,"Catalog Database (4844,D,12) Catalog Database: The database format feature version 9080 (0x2378) could not be used due to the current database format 1568.20.0, controlled by the parameter 0x410022D8 (8920 | JET_efvAllowHigherPersistedFormat)."
Warning,9/2/2020 2:49:56 PM,ESENT,642,General,"Catalog Database (4844,D,50) Catalog Database: The database format feature version 9180 (0x23dc) could not be used due to the current database format 1568.20.0, controlled by the parameter 0x410022D8 (8920 | JET_efvAllowHigherPersistedFormat)."
Warning,9/2/2020 2:49:55 PM,ESENT,642,General,"Catalog Database (4844,D,12) Catalog Database: The database format feature version 9080 (0x2378) could not be used due to the current database format 1568.20.0, controlled by the parameter 0x410022D8 (8920 | JET_efvAllowHigherPersistedFormat)."
Warning,9/2/2020 2:49:55 PM,ESENT,642,General,"Catalog Database (4844,D,50) Catalog Database: The database format feature version 9180 (0x23dc) could not be used due to the current database format 1568.20.0, controlled by the parameter 0x410022D8 (8920 | JET_efvAllowHigherPersistedFormat)."
Warning,9/2/2020 2:49:55 PM,ESENT,642,General,"Catalog Database (4844,D,12) Catalog Database: The database format feature version 9080 (0x2378) could not be used due to the current database format 1568.20.0, controlled by the parameter 0x410022D8 (8920 | JET_efvAllowHigherPersistedFormat)."
Warning,9/2/2020 2:49:55 PM,ESENT,642,General,"Catalog Database (4844,D,50) Catalog Database: The database format feature version 9180 (0x23dc) could not be used due to the current database format 1568.20.0, controlled by the parameter 0x410022D8 (8920 | JET_efvAllowHigherPersistedFormat)."
Warning,9/2/2020 2:49:54 PM,ESENT,642,General,"Catalog Database (4844,D,12) Catalog Database: The database format feature version 9080 (0x2378) could not be used due to the current database format 1568.20.0, controlled by the parameter 0x410022D8 (8920 | JET_efvAllowHigherPersistedFormat)."
Warning,9/2/2020 2:49:54 PM,ESENT,642,General,"Catalog Database (4844,D,50) Catalog Database: The database format feature version 9180 (0x23dc) could not be used due to the current database format 1568.20.0, controlled by the parameter 0x410022D8 (8920 | JET_efvAllowHigherPersistedFormat)."
Warning,9/2/2020 2:49:54 PM,ESENT,642,General,"Catalog Database (4844,D,12) Catalog Database: The database format feature version 9080 (0x2378) could not be used due to the current database format 1568.20.0, controlled by the parameter 0x410022D8 (8920 | JET_efvAllowHigherPersistedFormat)."
Warning,9/2/2020 2:49:54 PM,ESENT,642,General,"Catalog Database (4844,D,50) Catalog Database: The database format feature version 9180 (0x23dc) could not be used due to the current database format 1568.20.0, controlled by the parameter 0x410022D8 (8920 | JET_efvAllowHigherPersistedFormat)."
Error,9/2/2020 2:43:35 PM,Microsoft-Windows-AppModel-Runtime,65,None,Failed with 0x57 retrieving AppModel Runtime status for package Windows.
Error,9/2/2020 2:27:06 PM,Microsoft-Windows-AppModel-Runtime,65,None,Failed with 0x57 retrieving AppModel Runtime status for package Windows.
Warning,9/2/2020 2:22:00 PM,Microsoft-Windows-Security-SPP,8233,None,"The rules engine reported a failed VL activation attempt.
Reason:0xC004F074
AppId = 0ff1ce15-a989-479d-af46-f275c6370663, SkuId = dedfa23d-6ed1-45a6-85dc-63cae0546de6
Trigger=NetworkAvailable"
Warning,9/2/2020 2:20:52 PM,Microsoft-Windows-Security-SPP,8233,None,"The rules engine reported a failed VL activation attempt.
Reason:0xC004F074
AppId = 0ff1ce15-a989-479d-af46-f275c6370663, SkuId = dedfa23d-6ed1-45a6-85dc-63cae0546de6
Trigger=NetworkAvailable"
Error,9/2/2020 2:20:24 PM,Office 2016 Licensing Service,0,None,The operation completed successfully.
Warning,9/2/2020 2:20:17 PM,Microsoft-Windows-Security-SPP,8233,None,"The rules engine reported a failed VL activation attempt.
Reason:0xC004F074
AppId = 0ff1ce15-a989-479d-af46-f275c6370663, SkuId = dedfa23d-6ed1-45a6-85dc-63cae0546de6
Trigger=NetworkAvailable"
Warning,9/2/2020 2:20:09 PM,Microsoft-Windows-Time-Service,134,None,"NtpClient was unable to set a manual peer to use as a time source because of DNS resolution error on 'time.windows.com,0x9'. NtpClient will try again in 15 minutes and double the reattempt interval thereafter. The error was: No such host is known. (0x80072AF9)"
Warning,9/2/2020 2:19:57 PM,Microsoft-Windows-Time-Service,134,None,"NtpClient was unable to set a manual peer to use as a time source because of DNS resolution error on 'time.windows.com,0x9'. NtpClient will try again in 15 minutes and double the reattempt interval thereafter. The error was: No such host is known. (0x80072AF9)"
Warning,9/2/2020 2:19:52 PM,Microsoft-Windows-DNS-Client,1014,(1014),Name resolution for the name kv601.prod.do.dsp.mp.microsoft.com timed out after none of the configured DNS servers responded.
Warning,9/2/2020 2:19:44 PM,Microsoft-Windows-Time-Service,134,None,"NtpClient was unable to set a manual peer to use as a time source because of DNS resolution error on 'time.windows.com,0x9'. NtpClient will try again in 15 minutes and double the reattempt interval thereafter. The error was: No such host is known. (0x80072AF9)"
Warning,9/2/2020 2:19:41 PM,Microsoft-Windows-Security-SPP,8233,None,"The rules engine reported a failed VL activation attempt.
Reason:0xC004F074
AppId = 0ff1ce15-a989-479d-af46-f275c6370663, SkuId = dedfa23d-6ed1-45a6-85dc-63cae0546de6
Trigger=NetworkAvailable"
Warning,9/2/2020 2:19:29 PM,Microsoft-Windows-Time-Service,134,None,"NtpClient was unable to set a manual peer to use as a time source because of DNS resolution error on 'time.windows.com,0x9'. NtpClient will try again in 15 minutes and double the reattempt interval thereafter. The error was: No such host is known. (0x80072AF9)"
Warning,9/2/2020 2:19:17 PM,Microsoft-Windows-Time-Service,134,None,"NtpClient was unable to set a manual peer to use as a time source because of DNS resolution error on 'time.windows.com,0x9'. NtpClient will try again in 15 minutes and double the reattempt interval thereafter. The error was: No such host is known. (0x80072AF9)"
Warning,9/2/2020 2:19:17 PM,Microsoft-Windows-DNS-Client,1014,(1014),Name resolution for the name time.windows.com timed out after none of the configured DNS servers responded.
Warning,9/2/2020 2:19:07 PM,Microsoft-Windows-DNS-Client,1014,(1014),Name resolution for the name wpad timed out after none of the configured DNS servers responded.
Warning,9/2/2020 2:19:03 PM,Microsoft-Windows-Time-Service,134,None,"NtpClient was unable to set a manual peer to use as a time source because of DNS resolution error on 'time.windows.com,0x9'. NtpClient will try again in 15 minutes and double the reattempt interval thereafter. The error was: No such host is known. (0x80072AF9)"
Warning,9/2/2020 2:19:02 PM,Microsoft-Windows-Security-SPP,8233,None,"The rules engine reported a failed VL activation attempt.
Reason:0xC004F074
AppId = 0ff1ce15-a989-479d-af46-f275c6370663, SkuId = dedfa23d-6ed1-45a6-85dc-63cae0546de6
Trigger=NetworkAvailable"
Warning,9/2/2020 2:19:02 PM,Microsoft-Windows-Security-SPP,8233,None,"The rules engine reported a failed VL activation attempt.
Reason:0xC004F074
AppId = 0ff1ce15-a989-479d-af46-f275c6370663, SkuId = dedfa23d-6ed1-45a6-85dc-63cae0546de6
Trigger=NetworkAvailable"
Warning,9/2/2020 2:19:02 PM,Microsoft-Windows-Time-Service,134,None,"NtpClient was unable to set a manual peer to use as a time source because of DNS resolution error on 'time.windows.com,0x9'. NtpClient will try again in 15 minutes and double the reattempt interval thereafter. The error was: No such host is known. (0x80072AF9)"
Warning,9/2/2020 2:19:01 PM,Microsoft-Windows-WLAN-AutoConfig,4003,None,"WLAN AutoConfig detected limited connectivity, attempting automatic recovery.

Recovery Type: 4
Error Code: 0x0
Trigger Reason: 7
IP Family: 0
"
Warning,9/2/2020 2:19:01 PM,Microsoft-Windows-DNS-Client,1014,(1014),Name resolution for the name wpad timed out after none of the configured DNS servers responded.
Warning,9/2/2020 2:18:57 PM,Microsoft-Windows-Time-Service,134,None,"NtpClient was unable to set a manual peer to use as a time source because of DNS resolution error on 'time.windows.com,0x9'. NtpClient will try again in 15 minutes and double the reattempt interval thereafter. The error was: No such host is known. (0x80072AF9)"
Warning,9/2/2020 2:18:49 PM,Microsoft-Windows-DNS-Client,1014,(1014),Name resolution for the name 111.0.168.192.in-addr.arpa. timed out after none of the configured DNS servers responded.
Warning,9/2/2020 2:18:43 PM,Microsoft-Windows-DNS-Client,1014,(1014),Name resolution for the name ruibrcxkgzw timed out after none of the configured DNS servers responded.
Warning,9/2/2020 2:18:43 PM,Microsoft-Windows-Time-Service,134,None,"NtpClient was unable to set a manual peer to use as a time source because of DNS resolution error on 'time.windows.com,0x9'. NtpClient will try again in 15 minutes and double the reattempt interval thereafter. The error was: No such host is known. (0x80072AF9)"
Warning,9/2/2020 2:18:43 PM,Microsoft-Windows-Time-Service,134,None,"NtpClient was unable to set a manual peer to use as a time source because of DNS resolution error on 'time.windows.com,0x9'. NtpClient will try again in 15 minutes and double the reattempt interval thereafter. The error was: No such host is known. (0x80072AF9)"
Warning,9/2/2020 2:18:41 PM,Microsoft-Windows-Security-SPP,8233,None,"The rules engine reported a failed VL activation attempt.
Reason:0xC004F074
AppId = 0ff1ce15-a989-479d-af46-f275c6370663, SkuId = dedfa23d-6ed1-45a6-85dc-63cae0546de6
Trigger=NetworkAvailable"
Warning,9/2/2020 2:18:40 PM,Microsoft-Windows-Security-SPP,8233,None,"The rules engine reported a failed VL activation attempt.
Reason:0xC004F074
AppId = 0ff1ce15-a989-479d-af46-f275c6370663, SkuId = dedfa23d-6ed1-45a6-85dc-63cae0546de6
Trigger=NetworkAvailable"
Warning,9/2/2020 2:18:40 PM,Microsoft-Windows-DNS-Client,1014,(1014),Name resolution for the name 75.0.168.192.in-addr.arpa. timed out after none of the configured DNS servers responded.
Warning,9/2/2020 2:18:40 PM,Microsoft-Windows-WLAN-AutoConfig,4003,None,"WLAN AutoConfig detected limited connectivity, attempting automatic recovery.

Recovery Type: 4
Error Code: 0x0
Trigger Reason: 7
IP Family: 0
"
Warning,9/2/2020 2:18:35 PM,Microsoft-Windows-Time-Service,134,None,"NtpClient was unable to set a manual peer to use as a time source because of DNS resolution error on 'time.windows.com,0x9'. NtpClient will try again in 15 minutes and double the reattempt interval thereafter. The error was: No such host is known. (0x80072AF9)"
Warning,9/2/2020 2:18:35 PM,Microsoft-Windows-DNS-Client,1014,(1014),Name resolution for the name wdcp.microsoft.com timed out after none of the configured DNS servers responded.
Warning,9/2/2020 2:18:23 PM,Microsoft-Windows-Security-SPP,8233,None,"The rules engine reported a failed VL activation attempt.
Reason:0xC004F074
AppId = 0ff1ce15-a989-479d-af46-f275c6370663, SkuId = dedfa23d-6ed1-45a6-85dc-63cae0546de6
Trigger=NetworkAvailable"
Warning,9/2/2020 2:18:21 PM,Microsoft-Windows-Time-Service,134,None,"NtpClient was unable to set a manual peer to use as a time source because of DNS resolution error on 'time.windows.com,0x9'. NtpClient will try again in 15 minutes and double the reattempt interval thereafter. The error was: No such host is known. (0x80072AF9)"
Warning,9/2/2020 2:17:56 PM,Microsoft-Windows-Security-SPP,8233,None,"The rules engine reported a failed VL activation attempt.
Reason:0xC004F074
AppId = 0ff1ce15-a989-479d-af46-f275c6370663, SkuId = dedfa23d-6ed1-45a6-85dc-63cae0546de6
Trigger=NetworkAvailable"
Warning,9/2/2020 2:17:55 PM,Microsoft-Windows-Time-Service,134,None,"NtpClient was unable to set a manual peer to use as a time source because of DNS resolution error on 'time.windows.com,0x9'. NtpClient will try again in 15 minutes and double the reattempt interval thereafter. The error was: No such host is known. (0x80072AF9)"
Warning,9/2/2020 2:17:51 PM,Microsoft-Windows-Time-Service,134,None,"NtpClient was unable to set a manual peer to use as a time source because of DNS resolution error on 'time.windows.com,0x9'. NtpClient will try again in 15 minutes and double the reattempt interval thereafter. The error was: No such host is known. (0x80072AF9)"
Warning,9/2/2020 2:17:50 PM,Microsoft-Windows-Security-SPP,8233,None,"The rules engine reported a failed VL activation attempt.
Reason:0xC004F074
AppId = 0ff1ce15-a989-479d-af46-f275c6370663, SkuId = dedfa23d-6ed1-45a6-85dc-63cae0546de6
Trigger=TimerEvent"
Warning,9/2/2020 2:17:50 PM,Microsoft-Windows-Time-Service,134,None,"NtpClient was unable to set a manual peer to use as a time source because of DNS resolution error on 'time.windows.com,0x9'. NtpClient will try again in 15 minutes and double the reattempt interval thereafter. The error was: No such host is known. (0x80072AF9)"
Warning,9/2/2020 2:17:48 PM,Microsoft-Windows-WLAN-AutoConfig,4003,None,"WLAN AutoConfig detected limited connectivity, attempting automatic recovery.

Recovery Type: 4
Error Code: 0x0
Trigger Reason: 5
IP Family: 0
"
Warning,9/2/2020 2:17:33 PM,Microsoft-Windows-Time-Service,134,None,"NtpClient was unable to set a manual peer to use as a time source because of DNS resolution error on 'time.windows.com,0x9'. NtpClient will try again in 15 minutes and double the reattempt interval thereafter. The error was: No such host is known. (0x80072AF9)"
Warning,9/2/2020 2:17:31 PM,Microsoft-Windows-Time-Service,134,None,"NtpClient was unable to set a manual peer to use as a time source because of DNS resolution error on 'time.windows.com,0x9'. NtpClient will try again in 15 minutes and double the reattempt interval thereafter. The error was: No such host is known. (0x80072AF9)"
Warning,9/2/2020 2:17:24 PM,Microsoft-Windows-Time-Service,134,None,"NtpClient was unable to set a manual peer to use as a time source because of DNS resolution error on 'time.windows.com,0x9'. NtpClient will try again in 15 minutes and double the reattempt interval thereafter. The error was: No such host is known. (0x80072AF9)"
Warning,9/2/2020 2:17:24 PM,BTHUSB,34,None,"The local adapter does not support an important Low Energy controller state to support peripheral mode.  The minimum required supported state mask is 0x2491f7fffff, got 0x1fffffff.  Low Energy peripheral role functionality will not be available."
Warning,9/1/2020 9:03:29 PM,Microsoft-Windows-Time-Service,134,None,"NtpClient was unable to set a manual peer to use as a time source because of DNS resolution error on 'time.windows.com,0x9'. NtpClient will try again in 15 minutes and double the reattempt interval thereafter. The error was: No such host is known. (0x80072AF9)"
Warning,9/1/2020 9:03:28 PM,BTHUSB,34,None,"The local adapter does not support an important Low Energy controller state to support peripheral mode.  The minimum required supported state mask is 0x2491f7fffff, got 0x1fffffff.  Low Energy peripheral role functionality will not be available."
Warning,9/1/2020 9:03:27 PM,Microsoft-Windows-Time-Service,134,None,"NtpClient was unable to set a manual peer to use as a time source because of DNS resolution error on 'time.windows.com,0x9'. NtpClient will try again in 15 minutes and double the reattempt interval thereafter. The error was: No such host is known. (0x80072AF9)"
Error,9/1/2020 6:03:27 PM,Microsoft-Windows-Kernel-Power,137,None,The system firmware has changed the processor's memory type range registers (MTRRs) across a sleep state transition (S4). This can result in reduced resume performance.
Error,9/1/2020 5:40:03 PM,Microsoft-Windows-AppModel-Runtime,65,None,Failed with 0x57 retrieving AppModel Runtime status for package Windows.
Error,9/1/2020 5:37:04 PM,Microsoft-Windows-AppModel-Runtime,65,None,Failed with 0x57 retrieving AppModel Runtime status for package Windows.
Warning,9/1/2020 5:35:25 PM,Microsoft-Windows-Security-SPP,8233,None,"The rules engine reported a failed VL activation attempt.
Reason:0xC004F074
AppId = 0ff1ce15-a989-479d-af46-f275c6370663, SkuId = dedfa23d-6ed1-45a6-85dc-63cae0546de6
Trigger=NetworkAvailable"
Warning,9/1/2020 5:35:02 PM,Microsoft-Windows-Security-SPP,8233,None,"The rules engine reported a failed VL activation attempt.
Reason:0xC004F074
AppId = 0ff1ce15-a989-479d-af46-f275c6370663, SkuId = dedfa23d-6ed1-45a6-85dc-63cae0546de6
Trigger=NetworkAvailable"
Warning,9/1/2020 5:34:35 PM,Microsoft-Windows-Security-SPP,8233,None,"The rules engine reported a failed VL activation attempt.
Reason:0xC004F074
AppId = 0ff1ce15-a989-479d-af46-f275c6370663, SkuId = dedfa23d-6ed1-45a6-85dc-63cae0546de6
Trigger=NetworkAvailable"
Warning,9/1/2020 5:34:32 PM,Microsoft-Windows-Time-Service,134,None,"NtpClient was unable to set a manual peer to use as a time source because of DNS resolution error on 'time.windows.com,0x9'. NtpClient will try again in 15 minutes and double the reattempt interval thereafter. The error was: No such host is known. (0x80072AF9)"
Warning,9/1/2020 5:34:31 PM,Microsoft-Windows-Time-Service,134,None,"NtpClient was unable to set a manual peer to use as a time source because of DNS resolution error on 'time.windows.com,0x9'. NtpClient will try again in 15 minutes and double the reattempt interval thereafter. The error was: No such host is known. (0x80072AF9)"
Warning,9/1/2020 5:34:24 PM,Microsoft-Windows-Security-SPP,8233,None,"The rules engine reported a failed VL activation attempt.
Reason:0xC004F074
AppId = 0ff1ce15-a989-479d-af46-f275c6370663, SkuId = dedfa23d-6ed1-45a6-85dc-63cae0546de6
Trigger=NetworkAvailable"
Warning,9/1/2020 5:33:55 PM,Microsoft-Windows-Security-SPP,8233,None,"The rules engine reported a failed VL activation attempt.
Reason:0xC004F074
AppId = 0ff1ce15-a989-479d-af46-f275c6370663, SkuId = dedfa23d-6ed1-45a6-85dc-63cae0546de6
Trigger=NetworkAvailable"
Warning,9/1/2020 5:33:54 PM,Microsoft-Windows-Time-Service,134,None,"NtpClient was unable to set a manual peer to use as a time source because of DNS resolution error on 'time.windows.com,0x9'. NtpClient will try again in 15 minutes and double the reattempt interval thereafter. The error was: No such host is known. (0x80072AF9)"
Warning,9/1/2020 5:33:16 PM,Microsoft-Windows-DNS-Client,1014,(1014),Name resolution for the name ssl.gstatic.com timed out after none of the configured DNS servers responded.
Warning,9/1/2020 5:33:09 PM,Microsoft-Windows-Time-Service,134,None,"NtpClient was unable to set a manual peer to use as a time source because of DNS resolution error on 'time.windows.com,0x9'. NtpClient will try again in 15 minutes and double the reattempt interval thereafter. The error was: No such host is known. (0x80072AF9)"
Warning,9/1/2020 5:33:07 PM,Microsoft-Windows-Time-Service,134,None,"NtpClient was unable to set a manual peer to use as a time source because of DNS resolution error on 'time.windows.com,0x9'. NtpClient will try again in 15 minutes and double the reattempt interval thereafter. The error was: No such host is known. (0x80072AF9)"
Error,9/1/2020 5:10:33 PM,Microsoft-Windows-AppModel-Runtime,65,None,Failed with 0x57 retrieving AppModel Runtime status for package Windows.
Error,9/1/2020 5:01:18 PM,Microsoft-Windows-AppModel-Runtime,65,None,Failed with 0x57 retrieving AppModel Runtime status for package Windows.
Warning,9/1/2020 3:50:55 PM,Microsoft-Windows-Security-SPP,8233,None,"The rules engine reported a failed VL activation attempt.
Reason:0xC004F074
AppId = 0ff1ce15-a989-479d-af46-f275c6370663, SkuId = dedfa23d-6ed1-45a6-85dc-63cae0546de6
Trigger=TimerEvent"
Error,9/1/2020 3:33:36 PM,Microsoft-Windows-AppModel-Runtime,65,None,Failed with 0x57 retrieving AppModel Runtime status for package Windows.
Error,9/1/2020 2:23:26 PM,Microsoft-Windows-AppModel-Runtime,65,None,Failed with 0x57 retrieving AppModel Runtime status for package Windows.
Error,9/1/2020 2:18:08 PM,Microsoft-Windows-AppModel-Runtime,65,None,Failed with 0x57 retrieving AppModel Runtime status for package Windows.
Error,9/1/2020 1:52:51 PM,Office 2016 Licensing Service,0,None,The operation completed successfully.
Warning,9/1/2020 1:50:55 PM,Microsoft-Windows-Security-SPP,8233,None,"The rules engine reported a failed VL activation attempt.
Reason:0xC004F074
AppId = 0ff1ce15-a989-479d-af46-f275c6370663, SkuId = dedfa23d-6ed1-45a6-85dc-63cae0546de6
Trigger=NetworkAvailable"
Warning,9/1/2020 1:50:30 PM,Microsoft-Windows-Security-SPP,8233,None,"The rules engine reported a failed VL activation attempt.
Reason:0xC004F074
AppId = 0ff1ce15-a989-479d-af46-f275c6370663, SkuId = dedfa23d-6ed1-45a6-85dc-63cae0546de6
Trigger=TimerEvent"
Error,9/1/2020 1:50:17 PM,Microsoft-Windows-AppModel-Runtime,65,None,Failed with 0x57 retrieving AppModel Runtime status for package Windows.
Error,9/1/2020 1:50:01 PM,Microsoft-Windows-DistributedCOM,10010,None,The server microsoft.windowscommunicationsapps_16005.13221.41003.0_x64__8wekyb3d8bbwe!microsoft.windowslive.calendar.AppXwkn9j84yh1kvnt49k5r8h6y1ecsv09hs.mca did not register with DCOM within the required timeout.
