Warning,9/13/2020 11:55:08 AM,Microsoft-Windows-WMI,63,None,"A provider, DMWmiBridgeProv, has been registered in the Windows Management Instrumentation namespace root\cimv2\mdm\dmmap to use the LocalSystem account. This account is privileged and the provider may cause a security violation if it does not correctly impersonate user requests."
Warning,9/13/2020 11:55:08 AM,Microsoft-Windows-WMI,63,None,"A provider, DMWmiBridgeProv, has been registered in the Windows Management Instrumentation namespace root\cimv2\mdm\dmmap to use the LocalSystem account. This account is privileged and the provider may cause a security violation if it does not correctly impersonate user requests."
Warning,9/13/2020 11:55:08 AM,Microsoft-Windows-WMI,63,None,"A provider, DMWmiBridgeProv, has been registered in the Windows Management Instrumentation namespace root\cimv2\mdm\dmmap to use the LocalSystem account. This account is privileged and the provider may cause a security violation if it does not correctly impersonate user requests."
Warning,9/13/2020 11:54:44 AM,ESENT,642,General,"Catalog Database (4480,D,12) Catalog Database: The database format feature version 9080 (0x2378) could not be used due to the current database format 1568.20.0, controlled by the parameter 0x410022D8 (8920 | JET_efvAllowHigherPersistedFormat)."
Warning,9/13/2020 11:54:43 AM,ESENT,642,General,"Catalog Database (4480,D,12) Catalog Database: The database format feature version 9080 (0x2378) could not be used due to the current database format 1568.20.0, controlled by the parameter 0x410022D8 (8920 | JET_efvAllowHigherPersistedFormat)."
Warning,9/13/2020 11:54:42 AM,EvntAgnt,3007,None,Error opening event log file State. Log will not be processed. Return code from OpenEventLog is 87.
Warning,9/13/2020 11:54:42 AM,EvntAgnt,3007,None,Error opening event log file Parameters. Log will not be processed. Return code from OpenEventLog is 87.
Error,9/13/2020 11:54:41 AM,Service Control Manager,7000,None,"The TPHDEXLG service failed to start due to the following error: 
The system cannot find the file specified."
Warning,9/13/2020 11:54:42 AM,Server,2511,None,"The server service was unable to recreate the share CommandCentreSetup because the directory C:\Program Files (x86)\Gallagher\Command Centre\ClientSetup\CommandCentreSetup no longer exists.  Please run ""net share CommandCentreSetup /delete"" to delete the share, or recreate the directory C:\Program Files (x86)\Gallagher\Command Centre\ClientSetup\CommandCentreSetup."
Error,9/13/2020 11:54:41 AM,SNMP,1500,None,The SNMP Service encountered an error while accessing the registry key SYSTEM\CurrentControlSet\Services\SNMP\Parameters\TrapConfiguration.
Error,9/13/2020 11:54:40 AM,Service Control Manager,7000,None,"The Sentinel64 service failed to start due to the following error: 
The system cannot find the device specified."
Warning,9/13/2020 11:54:40 AM,Sentinel64,19,None,The media is write protected.
Warning,9/13/2020 11:54:32 AM,BTHUSB,34,None,"The local adapter does not support an important Low Energy controller state to support peripheral mode.  The minimum required supported state mask is 0x2491f7fffff, got 0x1fffffff.  Low Energy peripheral role functionality will not be available."
Warning,9/13/2020 11:54:32 AM,Microsoft-Windows-Kernel-PnP,219,(212),The driver \Driver\WudfRd failed to load for the device USB\VID_138A&PID_0011\8718838eea6f.
Warning,9/13/2020 11:54:25 AM,Microsoft-Windows-Kernel-PnP,219,(212),The driver \Driver\WudfRd failed to load for the device ROOT\SYSTEM\0001.
Warning,9/13/2020 11:54:25 AM,Microsoft-Windows-Kernel-PnP,219,(212),The driver \Driver\WudfRd failed to load for the device ROOT\LENOVOVHID\0000.
Warning,9/13/2020 11:54:06 AM,ESENT,642,General,"Catalog Database (4844,D,12) Catalog Database: The database format feature version 9080 (0x2378) could not be used due to the current database format 1568.20.0, controlled by the parameter 0x410022D8 (8920 | JET_efvAllowHigherPersistedFormat)."
Warning,9/13/2020 11:54:06 AM,ESENT,642,General,"Catalog Database (4844,D,50) Catalog Database: The database format feature version 9180 (0x23dc) could not be used due to the current database format 1568.20.0, controlled by the parameter 0x410022D8 (8920 | JET_efvAllowHigherPersistedFormat)."
Warning,9/13/2020 11:54:06 AM,ESENT,642,General,"Catalog Database (4844,D,12) Catalog Database: The database format feature version 9080 (0x2378) could not be used due to the current database format 1568.20.0, controlled by the parameter 0x410022D8 (8920 | JET_efvAllowHigherPersistedFormat)."
Warning,9/13/2020 11:54:06 AM,ESENT,642,General,"Catalog Database (4844,D,50) Catalog Database: The database format feature version 9180 (0x23dc) could not be used due to the current database format 1568.20.0, controlled by the parameter 0x410022D8 (8920 | JET_efvAllowHigherPersistedFormat)."
Warning,9/13/2020 11:54:04 AM,ESENT,642,General,"Catalog Database (4844,D,12) Catalog Database: The database format feature version 9080 (0x2378) could not be used due to the current database format 1568.20.0, controlled by the parameter 0x410022D8 (8920 | JET_efvAllowHigherPersistedFormat)."
Warning,9/13/2020 11:54:04 AM,ESENT,642,General,"Catalog Database (4844,D,50) Catalog Database: The database format feature version 9180 (0x23dc) could not be used due to the current database format 1568.20.0, controlled by the parameter 0x410022D8 (8920 | JET_efvAllowHigherPersistedFormat)."
Warning,9/13/2020 11:54:04 AM,ESENT,642,General,"Catalog Database (4844,D,12) Catalog Database: The database format feature version 9080 (0x2378) could not be used due to the current database format 1568.20.0, controlled by the parameter 0x410022D8 (8920 | JET_efvAllowHigherPersistedFormat)."
Warning,9/13/2020 11:54:04 AM,ESENT,642,General,"Catalog Database (4844,D,50) Catalog Database: The database format feature version 9180 (0x23dc) could not be used due to the current database format 1568.20.0, controlled by the parameter 0x410022D8 (8920 | JET_efvAllowHigherPersistedFormat)."
Warning,9/13/2020 11:54:04 AM,ESENT,642,General,"Catalog Database (4844,D,12) Catalog Database: The database format feature version 9080 (0x2378) could not be used due to the current database format 1568.20.0, controlled by the parameter 0x410022D8 (8920 | JET_efvAllowHigherPersistedFormat)."
Warning,9/13/2020 11:54:04 AM,ESENT,642,General,"Catalog Database (4844,D,50) Catalog Database: The database format feature version 9180 (0x23dc) could not be used due to the current database format 1568.20.0, controlled by the parameter 0x410022D8 (8920 | JET_efvAllowHigherPersistedFormat)."
Warning,9/13/2020 11:54:04 AM,ESENT,642,General,"Catalog Database (4844,D,12) Catalog Database: The database format feature version 9080 (0x2378) could not be used due to the current database format 1568.20.0, controlled by the parameter 0x410022D8 (8920 | JET_efvAllowHigherPersistedFormat)."
Warning,9/13/2020 11:54:04 AM,ESENT,642,General,"Catalog Database (4844,D,50) Catalog Database: The database format feature version 9180 (0x23dc) could not be used due to the current database format 1568.20.0, controlled by the parameter 0x410022D8 (8920 | JET_efvAllowHigherPersistedFormat)."
Warning,9/13/2020 11:53:47 AM,ESENT,642,General,"Catalog Database (4844,D,12) Catalog Database: The database format feature version 9080 (0x2378) could not be used due to the current database format 1568.20.0, controlled by the parameter 0x410022D8 (8920 | JET_efvAllowHigherPersistedFormat)."
Warning,9/13/2020 11:53:47 AM,ESENT,642,General,"Catalog Database (4844,D,50) Catalog Database: The database format feature version 9180 (0x23dc) could not be used due to the current database format 1568.20.0, controlled by the parameter 0x410022D8 (8920 | JET_efvAllowHigherPersistedFormat)."
Warning,9/13/2020 11:53:47 AM,ESENT,642,General,"Catalog Database (4844,D,12) Catalog Database: The database format feature version 9080 (0x2378) could not be used due to the current database format 1568.20.0, controlled by the parameter 0x410022D8 (8920 | JET_efvAllowHigherPersistedFormat)."
Warning,9/13/2020 11:53:47 AM,ESENT,642,General,"Catalog Database (4844,D,50) Catalog Database: The database format feature version 9180 (0x23dc) could not be used due to the current database format 1568.20.0, controlled by the parameter 0x410022D8 (8920 | JET_efvAllowHigherPersistedFormat)."
Warning,9/13/2020 11:53:44 AM,ESENT,642,General,"Catalog Database (4844,D,12) Catalog Database: The database format feature version 9080 (0x2378) could not be used due to the current database format 1568.20.0, controlled by the parameter 0x410022D8 (8920 | JET_efvAllowHigherPersistedFormat)."
Warning,9/13/2020 11:53:44 AM,ESENT,642,General,"Catalog Database (4844,D,50) Catalog Database: The database format feature version 9180 (0x23dc) could not be used due to the current database format 1568.20.0, controlled by the parameter 0x410022D8 (8920 | JET_efvAllowHigherPersistedFormat)."
Warning,9/13/2020 11:53:44 AM,ESENT,642,General,"Catalog Database (4844,D,12) Catalog Database: The database format feature version 9080 (0x2378) could not be used due to the current database format 1568.20.0, controlled by the parameter 0x410022D8 (8920 | JET_efvAllowHigherPersistedFormat)."
Warning,9/13/2020 11:53:44 AM,ESENT,642,General,"Catalog Database (4844,D,50) Catalog Database: The database format feature version 9180 (0x23dc) could not be used due to the current database format 1568.20.0, controlled by the parameter 0x410022D8 (8920 | JET_efvAllowHigherPersistedFormat)."
Warning,9/13/2020 11:53:44 AM,ESENT,642,General,"Catalog Database (4844,D,12) Catalog Database: The database format feature version 9080 (0x2378) could not be used due to the current database format 1568.20.0, controlled by the parameter 0x410022D8 (8920 | JET_efvAllowHigherPersistedFormat)."
Warning,9/13/2020 11:53:43 AM,ESENT,642,General,"Catalog Database (4844,D,50) Catalog Database: The database format feature version 9180 (0x23dc) could not be used due to the current database format 1568.20.0, controlled by the parameter 0x410022D8 (8920 | JET_efvAllowHigherPersistedFormat)."
Warning,9/13/2020 11:53:43 AM,ESENT,642,General,"Catalog Database (4844,D,12) Catalog Database: The database format feature version 9080 (0x2378) could not be used due to the current database format 1568.20.0, controlled by the parameter 0x410022D8 (8920 | JET_efvAllowHigherPersistedFormat)."
Warning,9/13/2020 11:53:43 AM,ESENT,642,General,"Catalog Database (4844,D,50) Catalog Database: The database format feature version 9180 (0x23dc) could not be used due to the current database format 1568.20.0, controlled by the parameter 0x410022D8 (8920 | JET_efvAllowHigherPersistedFormat)."
Warning,9/13/2020 11:53:42 AM,ESENT,642,General,"Catalog Database (4844,D,12) Catalog Database: The database format feature version 9080 (0x2378) could not be used due to the current database format 1568.20.0, controlled by the parameter 0x410022D8 (8920 | JET_efvAllowHigherPersistedFormat)."
Warning,9/13/2020 11:53:42 AM,ESENT,642,General,"Catalog Database (4844,D,50) Catalog Database: The database format feature version 9180 (0x23dc) could not be used due to the current database format 1568.20.0, controlled by the parameter 0x410022D8 (8920 | JET_efvAllowHigherPersistedFormat)."
Warning,9/13/2020 11:53:42 AM,ESENT,642,General,"Catalog Database (4844,D,12) Catalog Database: The database format feature version 9080 (0x2378) could not be used due to the current database format 1568.20.0, controlled by the parameter 0x410022D8 (8920 | JET_efvAllowHigherPersistedFormat)."
Warning,9/13/2020 11:53:42 AM,ESENT,642,General,"Catalog Database (4844,D,50) Catalog Database: The database format feature version 9180 (0x23dc) could not be used due to the current database format 1568.20.0, controlled by the parameter 0x410022D8 (8920 | JET_efvAllowHigherPersistedFormat)."
Warning,9/13/2020 11:53:35 AM,ESENT,642,General,"Catalog Database (4844,D,12) Catalog Database: The database format feature version 9080 (0x2378) could not be used due to the current database format 1568.20.0, controlled by the parameter 0x410022D8 (8920 | JET_efvAllowHigherPersistedFormat)."
Warning,9/13/2020 11:53:35 AM,ESENT,642,General,"Catalog Database (4844,D,50) Catalog Database: The database format feature version 9180 (0x23dc) could not be used due to the current database format 1568.20.0, controlled by the parameter 0x410022D8 (8920 | JET_efvAllowHigherPersistedFormat)."
Warning,9/13/2020 11:53:35 AM,ESENT,642,General,"Catalog Database (4844,D,12) Catalog Database: The database format feature version 9080 (0x2378) could not be used due to the current database format 1568.20.0, controlled by the parameter 0x410022D8 (8920 | JET_efvAllowHigherPersistedFormat)."
Warning,9/13/2020 11:53:35 AM,ESENT,642,General,"Catalog Database (4844,D,50) Catalog Database: The database format feature version 9180 (0x23dc) could not be used due to the current database format 1568.20.0, controlled by the parameter 0x410022D8 (8920 | JET_efvAllowHigherPersistedFormat)."
Warning,9/13/2020 11:53:33 AM,ESENT,642,General,"Catalog Database (4844,D,12) Catalog Database: The database format feature version 9080 (0x2378) could not be used due to the current database format 1568.20.0, controlled by the parameter 0x410022D8 (8920 | JET_efvAllowHigherPersistedFormat)."
Warning,9/13/2020 11:53:33 AM,ESENT,642,General,"Catalog Database (4844,D,50) Catalog Database: The database format feature version 9180 (0x23dc) could not be used due to the current database format 1568.20.0, controlled by the parameter 0x410022D8 (8920 | JET_efvAllowHigherPersistedFormat)."
Warning,9/13/2020 11:53:33 AM,ESENT,642,General,"Catalog Database (4844,D,12) Catalog Database: The database format feature version 9080 (0x2378) could not be used due to the current database format 1568.20.0, controlled by the parameter 0x410022D8 (8920 | JET_efvAllowHigherPersistedFormat)."
Warning,9/13/2020 11:53:33 AM,ESENT,642,General,"Catalog Database (4844,D,50) Catalog Database: The database format feature version 9180 (0x23dc) could not be used due to the current database format 1568.20.0, controlled by the parameter 0x410022D8 (8920 | JET_efvAllowHigherPersistedFormat)."
Warning,9/13/2020 11:53:32 AM,ESENT,642,General,"Catalog Database (4844,D,12) Catalog Database: The database format feature version 9080 (0x2378) could not be used due to the current database format 1568.20.0, controlled by the parameter 0x410022D8 (8920 | JET_efvAllowHigherPersistedFormat)."
Warning,9/13/2020 11:53:32 AM,ESENT,642,General,"Catalog Database (4844,D,50) Catalog Database: The database format feature version 9180 (0x23dc) could not be used due to the current database format 1568.20.0, controlled by the parameter 0x410022D8 (8920 | JET_efvAllowHigherPersistedFormat)."
Warning,9/13/2020 11:53:32 AM,ESENT,642,General,"Catalog Database (4844,D,12) Catalog Database: The database format feature version 9080 (0x2378) could not be used due to the current database format 1568.20.0, controlled by the parameter 0x410022D8 (8920 | JET_efvAllowHigherPersistedFormat)."
Warning,9/13/2020 11:53:32 AM,ESENT,642,General,"Catalog Database (4844,D,50) Catalog Database: The database format feature version 9180 (0x23dc) could not be used due to the current database format 1568.20.0, controlled by the parameter 0x410022D8 (8920 | JET_efvAllowHigherPersistedFormat)."
Warning,9/13/2020 11:53:31 AM,ESENT,642,General,"Catalog Database (4844,D,12) Catalog Database: The database format feature version 9080 (0x2378) could not be used due to the current database format 1568.20.0, controlled by the parameter 0x410022D8 (8920 | JET_efvAllowHigherPersistedFormat)."
Warning,9/13/2020 11:53:31 AM,ESENT,642,General,"Catalog Database (4844,D,50) Catalog Database: The database format feature version 9180 (0x23dc) could not be used due to the current database format 1568.20.0, controlled by the parameter 0x410022D8 (8920 | JET_efvAllowHigherPersistedFormat)."
Warning,9/13/2020 11:53:31 AM,ESENT,642,General,"Catalog Database (4844,D,12) Catalog Database: The database format feature version 9080 (0x2378) could not be used due to the current database format 1568.20.0, controlled by the parameter 0x410022D8 (8920 | JET_efvAllowHigherPersistedFormat)."
Warning,9/13/2020 11:53:31 AM,ESENT,642,General,"Catalog Database (4844,D,50) Catalog Database: The database format feature version 9180 (0x23dc) could not be used due to the current database format 1568.20.0, controlled by the parameter 0x410022D8 (8920 | JET_efvAllowHigherPersistedFormat)."
Warning,9/13/2020 11:53:30 AM,ESENT,642,General,"Catalog Database (4844,D,12) Catalog Database: The database format feature version 9080 (0x2378) could not be used due to the current database format 1568.20.0, controlled by the parameter 0x410022D8 (8920 | JET_efvAllowHigherPersistedFormat)."
Warning,9/13/2020 11:53:30 AM,ESENT,642,General,"Catalog Database (4844,D,50) Catalog Database: The database format feature version 9180 (0x23dc) could not be used due to the current database format 1568.20.0, controlled by the parameter 0x410022D8 (8920 | JET_efvAllowHigherPersistedFormat)."
Warning,9/13/2020 11:53:30 AM,ESENT,642,General,"Catalog Database (4844,D,12) Catalog Database: The database format feature version 9080 (0x2378) could not be used due to the current database format 1568.20.0, controlled by the parameter 0x410022D8 (8920 | JET_efvAllowHigherPersistedFormat)."
Warning,9/13/2020 11:53:30 AM,ESENT,642,General,"Catalog Database (4844,D,50) Catalog Database: The database format feature version 9180 (0x23dc) could not be used due to the current database format 1568.20.0, controlled by the parameter 0x410022D8 (8920 | JET_efvAllowHigherPersistedFormat)."
Warning,9/13/2020 11:53:29 AM,ESENT,642,General,"Catalog Database (4844,D,12) Catalog Database: The database format feature version 9080 (0x2378) could not be used due to the current database format 1568.20.0, controlled by the parameter 0x410022D8 (8920 | JET_efvAllowHigherPersistedFormat)."
Warning,9/13/2020 11:53:29 AM,ESENT,642,General,"Catalog Database (4844,D,50) Catalog Database: The database format feature version 9180 (0x23dc) could not be used due to the current database format 1568.20.0, controlled by the parameter 0x410022D8 (8920 | JET_efvAllowHigherPersistedFormat)."
Warning,9/13/2020 11:53:29 AM,ESENT,642,General,"Catalog Database (4844,D,12) Catalog Database: The database format feature version 9080 (0x2378) could not be used due to the current database format 1568.20.0, controlled by the parameter 0x410022D8 (8920 | JET_efvAllowHigherPersistedFormat)."
Warning,9/13/2020 11:53:29 AM,ESENT,642,General,"Catalog Database (4844,D,50) Catalog Database: The database format feature version 9180 (0x23dc) could not be used due to the current database format 1568.20.0, controlled by the parameter 0x410022D8 (8920 | JET_efvAllowHigherPersistedFormat)."
Warning,9/13/2020 11:53:29 AM,ESENT,642,General,"Catalog Database (4844,D,12) Catalog Database: The database format feature version 9080 (0x2378) could not be used due to the current database format 1568.20.0, controlled by the parameter 0x410022D8 (8920 | JET_efvAllowHigherPersistedFormat)."
Warning,9/13/2020 11:53:29 AM,ESENT,642,General,"Catalog Database (4844,D,50) Catalog Database: The database format feature version 9180 (0x23dc) could not be used due to the current database format 1568.20.0, controlled by the parameter 0x410022D8 (8920 | JET_efvAllowHigherPersistedFormat)."
Warning,9/13/2020 11:53:29 AM,ESENT,642,General,"Catalog Database (4844,D,12) Catalog Database: The database format feature version 9080 (0x2378) could not be used due to the current database format 1568.20.0, controlled by the parameter 0x410022D8 (8920 | JET_efvAllowHigherPersistedFormat)."
Warning,9/13/2020 11:53:29 AM,ESENT,642,General,"Catalog Database (4844,D,50) Catalog Database: The database format feature version 9180 (0x23dc) could not be used due to the current database format 1568.20.0, controlled by the parameter 0x410022D8 (8920 | JET_efvAllowHigherPersistedFormat)."
Warning,9/13/2020 11:53:29 AM,ESENT,642,General,"Catalog Database (4844,D,12) Catalog Database: The database format feature version 9080 (0x2378) could not be used due to the current database format 1568.20.0, controlled by the parameter 0x410022D8 (8920 | JET_efvAllowHigherPersistedFormat)."
Warning,9/13/2020 11:53:29 AM,ESENT,642,General,"Catalog Database (4844,D,50) Catalog Database: The database format feature version 9180 (0x23dc) could not be used due to the current database format 1568.20.0, controlled by the parameter 0x410022D8 (8920 | JET_efvAllowHigherPersistedFormat)."
Warning,9/13/2020 11:53:29 AM,ESENT,642,General,"Catalog Database (4844,D,12) Catalog Database: The database format feature version 9080 (0x2378) could not be used due to the current database format 1568.20.0, controlled by the parameter 0x410022D8 (8920 | JET_efvAllowHigherPersistedFormat)."
Warning,9/13/2020 11:53:29 AM,ESENT,642,General,"Catalog Database (4844,D,50) Catalog Database: The database format feature version 9180 (0x23dc) could not be used due to the current database format 1568.20.0, controlled by the parameter 0x410022D8 (8920 | JET_efvAllowHigherPersistedFormat)."
Warning,9/13/2020 11:53:28 AM,ESENT,642,General,"Catalog Database (4844,D,12) Catalog Database: The database format feature version 9080 (0x2378) could not be used due to the current database format 1568.20.0, controlled by the parameter 0x410022D8 (8920 | JET_efvAllowHigherPersistedFormat)."
Warning,9/13/2020 11:53:28 AM,ESENT,642,General,"Catalog Database (4844,D,50) Catalog Database: The database format feature version 9180 (0x23dc) could not be used due to the current database format 1568.20.0, controlled by the parameter 0x410022D8 (8920 | JET_efvAllowHigherPersistedFormat)."
Warning,9/13/2020 11:53:28 AM,ESENT,642,General,"Catalog Database (4844,D,12) Catalog Database: The database format feature version 9080 (0x2378) could not be used due to the current database format 1568.20.0, controlled by the parameter 0x410022D8 (8920 | JET_efvAllowHigherPersistedFormat)."
Warning,9/13/2020 11:53:28 AM,ESENT,642,General,"Catalog Database (4844,D,50) Catalog Database: The database format feature version 9180 (0x23dc) could not be used due to the current database format 1568.20.0, controlled by the parameter 0x410022D8 (8920 | JET_efvAllowHigherPersistedFormat)."
Warning,9/13/2020 11:53:27 AM,ESENT,642,General,"Catalog Database (4844,D,12) Catalog Database: The database format feature version 9080 (0x2378) could not be used due to the current database format 1568.20.0, controlled by the parameter 0x410022D8 (8920 | JET_efvAllowHigherPersistedFormat)."
Warning,9/13/2020 11:53:27 AM,ESENT,642,General,"Catalog Database (4844,D,50) Catalog Database: The database format feature version 9180 (0x23dc) could not be used due to the current database format 1568.20.0, controlled by the parameter 0x410022D8 (8920 | JET_efvAllowHigherPersistedFormat)."
Warning,9/13/2020 11:53:27 AM,ESENT,642,General,"Catalog Database (4844,D,12) Catalog Database: The database format feature version 9080 (0x2378) could not be used due to the current database format 1568.20.0, controlled by the parameter 0x410022D8 (8920 | JET_efvAllowHigherPersistedFormat)."
Warning,9/13/2020 11:53:27 AM,ESENT,642,General,"Catalog Database (4844,D,50) Catalog Database: The database format feature version 9180 (0x23dc) could not be used due to the current database format 1568.20.0, controlled by the parameter 0x410022D8 (8920 | JET_efvAllowHigherPersistedFormat)."
Warning,9/13/2020 11:53:27 AM,ESENT,642,General,"Catalog Database (4844,D,12) Catalog Database: The database format feature version 9080 (0x2378) could not be used due to the current database format 1568.20.0, controlled by the parameter 0x410022D8 (8920 | JET_efvAllowHigherPersistedFormat)."
Warning,9/13/2020 11:53:27 AM,ESENT,642,General,"Catalog Database (4844,D,50) Catalog Database: The database format feature version 9180 (0x23dc) could not be used due to the current database format 1568.20.0, controlled by the parameter 0x410022D8 (8920 | JET_efvAllowHigherPersistedFormat)."
Warning,9/13/2020 11:53:27 AM,ESENT,642,General,"Catalog Database (4844,D,12) Catalog Database: The database format feature version 9080 (0x2378) could not be used due to the current database format 1568.20.0, controlled by the parameter 0x410022D8 (8920 | JET_efvAllowHigherPersistedFormat)."
Warning,9/13/2020 11:53:27 AM,ESENT,642,General,"Catalog Database (4844,D,50) Catalog Database: The database format feature version 9180 (0x23dc) could not be used due to the current database format 1568.20.0, controlled by the parameter 0x410022D8 (8920 | JET_efvAllowHigherPersistedFormat)."
Warning,9/13/2020 11:43:00 AM,Microsoft-Windows-DistributedCOM,10016,None,"The machine-default permission settings do not grant Local Activation permission for the COM Server application with CLSID 
{C2F03A33-21F5-47FA-B4BB-156362A2F239}
 and APPID 
{316CDED5-E4AE-4B15-9113-7055D84DCC97}
 to the user LAPTOP-3VCLFU80\almoi SID (S-1-5-21-3160199353-1972228045-1784530820-1001) from address LocalHost (Using LRPC) running in the application container Microsoft.Windows.ShellExperienceHost_10.0.19041.423_neutral_neutral_cw5n1h2txyewy SID (S-1-15-2-155514346-2573954481-755741238-1654018636-1233331829-3075935687-2861478708). This security permission can be modified using the Component Services administrative tool."
Warning,9/13/2020 11:42:57 AM,Microsoft-Windows-DeviceSetupManager,123,None,The DSM service was delayed by 12 seconds for a driver query/download/install on device 'HID\VID_1EA7&PID_0064&COL01\6&1D4C51E&0&0000'
Warning,9/13/2020 11:42:45 AM,Microsoft-Windows-DeviceSetupManager,123,None,The DSM service was delayed by 23 seconds for a driver query/download/install on device 'USB\VID_1EA7&PID_0064\5&392D348D&0&2'
Warning,9/13/2020 11:42:22 AM,Microsoft-Windows-DistributedCOM,10016,None,"The machine-default permission settings do not grant Local Activation permission for the COM Server application with CLSID 
{C2F03A33-21F5-47FA-B4BB-156362A2F239}
 and APPID 
{316CDED5-E4AE-4B15-9113-7055D84DCC97}
 to the user LAPTOP-3VCLFU80\almoi SID (S-1-5-21-3160199353-1972228045-1784530820-1001) from address LocalHost (Using LRPC) running in the application container Microsoft.Windows.ShellExperienceHost_10.0.19041.423_neutral_neutral_cw5n1h2txyewy SID (S-1-15-2-155514346-2573954481-755741238-1654018636-1233331829-3075935687-2861478708). This security permission can be modified using the Component Services administrative tool."
Warning,9/13/2020 11:31:04 AM,Microsoft-Windows-DistributedCOM,10016,None,"The machine-default permission settings do not grant Local Activation permission for the COM Server application with CLSID 
{C2F03A33-21F5-47FA-B4BB-156362A2F239}
 and APPID 
{316CDED5-E4AE-4B15-9113-7055D84DCC97}
 to the user LAPTOP-3VCLFU80\almoi SID (S-1-5-21-3160199353-1972228045-1784530820-1001) from address LocalHost (Using LRPC) running in the application container Microsoft.Windows.ShellExperienceHost_10.0.19041.423_neutral_neutral_cw5n1h2txyewy SID (S-1-15-2-155514346-2573954481-755741238-1654018636-1233331829-3075935687-2861478708). This security permission can be modified using the Component Services administrative tool."
Warning,9/13/2020 11:31:04 AM,Microsoft-Windows-DistributedCOM,10016,None,"The machine-default permission settings do not grant Local Activation permission for the COM Server application with CLSID 
{C2F03A33-21F5-47FA-B4BB-156362A2F239}
 and APPID 
{316CDED5-E4AE-4B15-9113-7055D84DCC97}
 to the user LAPTOP-3VCLFU80\almoi SID (S-1-5-21-3160199353-1972228045-1784530820-1001) from address LocalHost (Using LRPC) running in the application container Microsoft.Windows.ShellExperienceHost_10.0.19041.423_neutral_neutral_cw5n1h2txyewy SID (S-1-15-2-155514346-2573954481-755741238-1654018636-1233331829-3075935687-2861478708). This security permission can be modified using the Component Services administrative tool."
Warning,9/13/2020 11:31:02 AM,Microsoft-Windows-DistributedCOM,10016,None,"The machine-default permission settings do not grant Local Activation permission for the COM Server application with CLSID 
{C2F03A33-21F5-47FA-B4BB-156362A2F239}
 and APPID 
{316CDED5-E4AE-4B15-9113-7055D84DCC97}
 to the user LAPTOP-3VCLFU80\almoi SID (S-1-5-21-3160199353-1972228045-1784530820-1001) from address LocalHost (Using LRPC) running in the application container Microsoft.Windows.ShellExperienceHost_10.0.19041.423_neutral_neutral_cw5n1h2txyewy SID (S-1-15-2-155514346-2573954481-755741238-1654018636-1233331829-3075935687-2861478708). This security permission can be modified using the Component Services administrative tool."
Error,9/13/2020 11:30:19 AM,Office 2016 Licensing Service,0,None,The operation completed successfully.
Warning,9/13/2020 11:29:07 AM,Microsoft-Windows-Security-SPP,8233,None,"The rules engine reported a failed VL activation attempt.
Reason:0xC004F074
AppId = 0ff1ce15-a989-479d-af46-f275c6370663, SkuId = dedfa23d-6ed1-45a6-85dc-63cae0546de6
Trigger=NetworkAvailable"
Warning,9/13/2020 11:28:56 AM,Microsoft-Windows-DistributedCOM,10016,None,"The machine-default permission settings do not grant Local Activation permission for the COM Server application with CLSID 
{C2F03A33-21F5-47FA-B4BB-156362A2F239}
 and APPID 
{316CDED5-E4AE-4B15-9113-7055D84DCC97}
 to the user LAPTOP-3VCLFU80\almoi SID (S-1-5-21-3160199353-1972228045-1784530820-1001) from address LocalHost (Using LRPC) running in the application container Microsoft.Windows.ShellExperienceHost_10.0.19041.423_neutral_neutral_cw5n1h2txyewy SID (S-1-15-2-155514346-2573954481-755741238-1654018636-1233331829-3075935687-2861478708). This security permission can be modified using the Component Services administrative tool."
Warning,9/13/2020 11:27:57 AM,Microsoft-Windows-Time-Service,134,None,"NtpClient was unable to set a manual peer to use as a time source because of DNS resolution error on 'time.windows.com,0x9'. NtpClient will try again in 15 minutes and double the reattempt interval thereafter. The error was: No such host is known. (0x80072AF9)"
Warning,9/13/2020 11:27:57 AM,BTHUSB,34,None,"The local adapter does not support an important Low Energy controller state to support peripheral mode.  The minimum required supported state mask is 0x2491f7fffff, got 0x1fffffff.  Low Energy peripheral role functionality will not be available."
Error,9/13/2020 11:02:52 AM,Microsoft-Windows-Kernel-Power,137,None,The system firmware has changed the processor's memory type range registers (MTRRs) across a sleep state transition (S4). This can result in reduced resume performance.
Warning,9/13/2020 11:02:50 AM,BTHUSB,34,None,"The local adapter does not support an important Low Energy controller state to support peripheral mode.  The minimum required supported state mask is 0x2491f7fffff, got 0x1fffffff.  Low Energy peripheral role functionality will not be available."
Error,9/13/2020 10:33:40 AM,Microsoft-Windows-Kernel-Power,137,None,The system firmware has changed the processor's memory type range registers (MTRRs) across a sleep state transition (S4). This can result in reduced resume performance.
Warning,9/13/2020 10:33:27 AM,Microsoft-Windows-Security-SPP,8233,None,"The rules engine reported a failed VL activation attempt.
Reason:0xC004F074
AppId = 0ff1ce15-a989-479d-af46-f275c6370663, SkuId = dedfa23d-6ed1-45a6-85dc-63cae0546de6
Trigger=TimerEvent"
Warning,9/13/2020 10:33:04 AM,Microsoft-Windows-Time-Service,134,None,"NtpClient was unable to set a manual peer to use as a time source because of DNS resolution error on 'time.windows.com,0x9'. NtpClient will try again in 15 minutes and double the reattempt interval thereafter. The error was: No such host is known. (0x80072AF9)"
Warning,9/13/2020 10:33:03 AM,BTHUSB,34,None,"The local adapter does not support an important Low Energy controller state to support peripheral mode.  The minimum required supported state mask is 0x2491f7fffff, got 0x1fffffff.  Low Energy peripheral role functionality will not be available."
Warning,9/11/2020 5:58:35 PM,BTHUSB,34,None,"The local adapter does not support an important Low Energy controller state to support peripheral mode.  The minimum required supported state mask is 0x2491f7fffff, got 0x1fffffff.  Low Energy peripheral role functionality will not be available."
Error,9/11/2020 2:58:35 PM,Microsoft-Windows-Kernel-Power,137,None,The system firmware has changed the processor's memory type range registers (MTRRs) across a sleep state transition (S4). This can result in reduced resume performance.
Warning,9/11/2020 2:58:32 PM,Microsoft-Windows-Time-Service,134,None,"NtpClient was unable to set a manual peer to use as a time source because of DNS resolution error on 'time.windows.com,0x9'. NtpClient will try again in 15 minutes and double the reattempt interval thereafter. The error was: No such host is known. (0x80072AF9)"
Warning,9/11/2020 2:58:31 PM,BTHUSB,34,None,"The local adapter does not support an important Low Energy controller state to support peripheral mode.  The minimum required supported state mask is 0x2491f7fffff, got 0x1fffffff.  Low Energy peripheral role functionality will not be available."
Warning,9/11/2020 2:58:30 PM,Microsoft-Windows-Time-Service,134,None,"NtpClient was unable to set a manual peer to use as a time source because of DNS resolution error on 'time.windows.com,0x9'. NtpClient will try again in 15 minutes and double the reattempt interval thereafter. The error was: No such host is known. (0x80072AF9)"
Error,9/11/2020 2:52:46 PM,Microsoft-Windows-Kernel-Power,137,None,The system firmware has changed the processor's memory type range registers (MTRRs) across a sleep state transition (S4). This can result in reduced resume performance.
Error,9/11/2020 2:34:08 PM,Microsoft-Windows-AppModel-Runtime,65,None,Failed with 0x57 retrieving AppModel Runtime status for package Windows.
Warning,9/11/2020 2:17:38 PM,Microsoft-Windows-Security-SPP,8233,None,"The rules engine reported a failed VL activation attempt.
Reason:0xC004F074
AppId = 0ff1ce15-a989-479d-af46-f275c6370663, SkuId = dedfa23d-6ed1-45a6-85dc-63cae0546de6
Trigger=NetworkAvailable"
Warning,9/11/2020 2:17:14 PM,Microsoft-Windows-Security-SPP,8233,None,"The rules engine reported a failed VL activation attempt.
Reason:0xC004F074
AppId = 0ff1ce15-a989-479d-af46-f275c6370663, SkuId = dedfa23d-6ed1-45a6-85dc-63cae0546de6
Trigger=NetworkAvailable"
Error,9/11/2020 2:17:12 PM,Microsoft-Windows-AppModel-Runtime,65,None,Failed with 0x57 retrieving AppModel Runtime status for package Windows.
Warning,9/11/2020 2:16:45 PM,Microsoft-Windows-Security-SPP,8233,None,"The rules engine reported a failed VL activation attempt.
Reason:0xC004F074
AppId = 0ff1ce15-a989-479d-af46-f275c6370663, SkuId = dedfa23d-6ed1-45a6-85dc-63cae0546de6
Trigger=NetworkAvailable"
Warning,9/11/2020 2:16:44 PM,Microsoft-Windows-Time-Service,134,None,"NtpClient was unable to set a manual peer to use as a time source because of DNS resolution error on 'time.windows.com,0x9'. NtpClient will try again in 15 minutes and double the reattempt interval thereafter. The error was: No such host is known. (0x80072AF9)"
Warning,9/11/2020 2:16:44 PM,Microsoft-Windows-Security-SPP,8233,None,"The rules engine reported a failed VL activation attempt.
Reason:0xC004F074
AppId = 0ff1ce15-a989-479d-af46-f275c6370663, SkuId = dedfa23d-6ed1-45a6-85dc-63cae0546de6
Trigger=NetworkAvailable"
Warning,9/11/2020 2:16:43 PM,Microsoft-Windows-Time-Service,134,None,"NtpClient was unable to set a manual peer to use as a time source because of DNS resolution error on 'time.windows.com,0x9'. NtpClient will try again in 15 minutes and double the reattempt interval thereafter. The error was: No such host is known. (0x80072AF9)"
Warning,9/11/2020 2:16:41 PM,Microsoft-Windows-WLAN-AutoConfig,4003,None,"WLAN AutoConfig detected limited connectivity, attempting automatic recovery.

Recovery Type: 4
Error Code: 0x0
Trigger Reason: 5
IP Family: 0
"
Warning,9/11/2020 2:16:33 PM,Microsoft-Windows-Time-Service,134,None,"NtpClient was unable to set a manual peer to use as a time source because of DNS resolution error on 'time.windows.com,0x9'. NtpClient will try again in 15 minutes and double the reattempt interval thereafter. The error was: No such host is known. (0x80072AF9)"
Warning,9/11/2020 2:16:25 PM,Microsoft-Windows-Time-Service,134,None,"NtpClient was unable to set a manual peer to use as a time source because of DNS resolution error on 'time.windows.com,0x9'. NtpClient will try again in 15 minutes and double the reattempt interval thereafter. The error was: No such host is known. (0x80072AF9)"
Warning,9/11/2020 2:16:24 PM,Microsoft-Windows-Time-Service,134,None,"NtpClient was unable to set a manual peer to use as a time source because of DNS resolution error on 'time.windows.com,0x9'. NtpClient will try again in 15 minutes and double the reattempt interval thereafter. The error was: No such host is known. (0x80072AF9)"
Warning,9/11/2020 2:16:23 PM,BTHUSB,34,None,"The local adapter does not support an important Low Energy controller state to support peripheral mode.  The minimum required supported state mask is 0x2491f7fffff, got 0x1fffffff.  Low Energy peripheral role functionality will not be available."
Warning,9/11/2020 2:16:22 PM,Microsoft-Windows-Time-Service,134,None,"NtpClient was unable to set a manual peer to use as a time source because of DNS resolution error on 'time.windows.com,0x9'. NtpClient will try again in 15 minutes and double the reattempt interval thereafter. The error was: No such host is known. (0x80072AF9)"
Error,9/11/2020 1:28:18 PM,Microsoft-Windows-Kernel-Power,137,None,The system firmware has changed the processor's memory type range registers (MTRRs) across a sleep state transition (S4). This can result in reduced resume performance.
Warning,9/11/2020 12:51:21 PM,Microsoft-Windows-DistributedCOM,10016,None,"The machine-default permission settings do not grant Local Activation permission for the COM Server application with CLSID 
{C2F03A33-21F5-47FA-B4BB-156362A2F239}
 and APPID 
{316CDED5-E4AE-4B15-9113-7055D84DCC97}
 to the user LAPTOP-3VCLFU80\almoi SID (S-1-5-21-3160199353-1972228045-1784530820-1001) from address LocalHost (Using LRPC) running in the application container Microsoft.Windows.ShellExperienceHost_10.0.19041.423_neutral_neutral_cw5n1h2txyewy SID (S-1-15-2-155514346-2573954481-755741238-1654018636-1233331829-3075935687-2861478708). This security permission can be modified using the Component Services administrative tool."
Error,9/11/2020 12:48:47 PM,Office 2016 Licensing Service,0,None,The operation completed successfully.
Warning,9/11/2020 12:47:24 PM,Microsoft-Windows-Security-SPP,8233,None,"The rules engine reported a failed VL activation attempt.
Reason:0xC004F074
AppId = 0ff1ce15-a989-479d-af46-f275c6370663, SkuId = dedfa23d-6ed1-45a6-85dc-63cae0546de6
Trigger=NetworkAvailable"
Warning,9/11/2020 12:46:54 PM,Microsoft-Windows-Security-SPP,8233,None,"The rules engine reported a failed VL activation attempt.
Reason:0xC004F074
AppId = 0ff1ce15-a989-479d-af46-f275c6370663, SkuId = dedfa23d-6ed1-45a6-85dc-63cae0546de6
Trigger=NetworkAvailable"
Warning,9/11/2020 12:46:13 PM,Microsoft-Windows-Time-Service,134,None,"NtpClient was unable to set a manual peer to use as a time source because of DNS resolution error on 'time.windows.com,0x9'. NtpClient will try again in 15 minutes and double the reattempt interval thereafter. The error was: No such host is known. (0x80072AF9)"
Warning,9/11/2020 12:46:12 PM,Microsoft-Windows-Security-SPP,8233,None,"The rules engine reported a failed VL activation attempt.
Reason:0xC004F074
AppId = 0ff1ce15-a989-479d-af46-f275c6370663, SkuId = dedfa23d-6ed1-45a6-85dc-63cae0546de6
Trigger=TimerEvent"
Warning,9/11/2020 12:46:11 PM,Microsoft-Windows-Time-Service,134,None,"NtpClient was unable to set a manual peer to use as a time source because of DNS resolution error on 'time.windows.com,0x9'. NtpClient will try again in 15 minutes and double the reattempt interval thereafter. The error was: No such host is known. (0x80072AF9)"
Warning,9/11/2020 12:46:10 PM,Microsoft-Windows-WLAN-AutoConfig,4003,None,"WLAN AutoConfig detected limited connectivity, attempting automatic recovery.

Recovery Type: 4
Error Code: 0x0
Trigger Reason: 5
IP Family: 0
"
Warning,9/11/2020 12:45:55 PM,Microsoft-Windows-Time-Service,134,None,"NtpClient was unable to set a manual peer to use as a time source because of DNS resolution error on 'time.windows.com,0x9'. NtpClient will try again in 15 minutes and double the reattempt interval thereafter. The error was: No such host is known. (0x80072AF9)"
Warning,9/11/2020 12:45:53 PM,Microsoft-Windows-Time-Service,134,None,"NtpClient was unable to set a manual peer to use as a time source because of DNS resolution error on 'time.windows.com,0x9'. NtpClient will try again in 15 minutes and double the reattempt interval thereafter. The error was: No such host is known. (0x80072AF9)"
Warning,9/11/2020 12:45:46 PM,Microsoft-Windows-Time-Service,134,None,"NtpClient was unable to set a manual peer to use as a time source because of DNS resolution error on 'time.windows.com,0x9'. NtpClient will try again in 15 minutes and double the reattempt interval thereafter. The error was: No such host is known. (0x80072AF9)"
Warning,9/11/2020 12:45:45 PM,BTHUSB,34,None,"The local adapter does not support an important Low Energy controller state to support peripheral mode.  The minimum required supported state mask is 0x2491f7fffff, got 0x1fffffff.  Low Energy peripheral role functionality will not be available."
Warning,9/10/2020 5:57:42 PM,Microsoft-Windows-Time-Service,134,None,"NtpClient was unable to set a manual peer to use as a time source because of DNS resolution error on 'time.windows.com,0x9'. NtpClient will try again in 15 minutes and double the reattempt interval thereafter. The error was: No such host is known. (0x80072AF9)"
Warning,9/10/2020 5:57:41 PM,Microsoft-Windows-Time-Service,134,None,"NtpClient was unable to set a manual peer to use as a time source because of DNS resolution error on 'time.windows.com,0x9'. NtpClient will try again in 15 minutes and double the reattempt interval thereafter. The error was: No such host is known. (0x80072AF9)"
Warning,9/10/2020 5:57:41 PM,BTHUSB,34,None,"The local adapter does not support an important Low Energy controller state to support peripheral mode.  The minimum required supported state mask is 0x2491f7fffff, got 0x1fffffff.  Low Energy peripheral role functionality will not be available."
Error,9/10/2020 2:57:41 PM,Microsoft-Windows-Kernel-Power,137,None,The system firmware has changed the processor's memory type range registers (MTRRs) across a sleep state transition (S4). This can result in reduced resume performance.
Error,9/10/2020 2:27:50 PM,Microsoft-Windows-AppModel-Runtime,65,None,Failed with 0x57 retrieving AppModel Runtime status for package Windows.
Error,9/10/2020 2:27:06 PM,Microsoft-Windows-AppModel-Runtime,65,None,Failed with 0x57 retrieving AppModel Runtime status for package Windows.
Error,9/10/2020 2:17:43 PM,Microsoft-Windows-WindowsUpdateClient,20,Windows Update Agent,Installation Failure: Windows failed to install the following update with error 0x80073D02: 9NMPJ99VJBWV-Microsoft.YourPhone.
Error,9/10/2020 1:54:01 PM,Microsoft-Windows-AppModel-Runtime,65,None,Failed with 0x57 retrieving AppModel Runtime status for package Windows.
Warning,9/10/2020 1:50:10 PM,Microsoft-Windows-Security-SPP,8233,None,"The rules engine reported a failed VL activation attempt.
Reason:0xC004F074
AppId = 0ff1ce15-a989-479d-af46-f275c6370663, SkuId = dedfa23d-6ed1-45a6-85dc-63cae0546de6
Trigger=NetworkAvailable"
Warning,9/10/2020 1:49:39 PM,BTHUSB,34,None,"The local adapter does not support an important Low Energy controller state to support peripheral mode.  The minimum required supported state mask is 0x2491f7fffff, got 0x1fffffff.  Low Energy peripheral role functionality will not be available."
Warning,9/10/2020 1:49:39 PM,Microsoft-Windows-Time-Service,134,None,"NtpClient was unable to set a manual peer to use as a time source because of DNS resolution error on 'time.windows.com,0x9'. NtpClient will try again in 15 minutes and double the reattempt interval thereafter. The error was: No such host is known. (0x80072AF9)"
Error,9/10/2020 1:48:57 PM,Microsoft-Windows-Kernel-Power,137,None,The system firmware has changed the processor's memory type range registers (MTRRs) across a sleep state transition (S4). This can result in reduced resume performance.
Warning,9/10/2020 1:47:39 PM,Microsoft-Windows-Security-SPP,8233,None,"The rules engine reported a failed VL activation attempt.
Reason:0xC004F074
AppId = 0ff1ce15-a989-479d-af46-f275c6370663, SkuId = dedfa23d-6ed1-45a6-85dc-63cae0546de6
Trigger=NetworkAvailable"
Warning,9/10/2020 1:47:03 PM,Microsoft-Windows-Time-Service,134,None,"NtpClient was unable to set a manual peer to use as a time source because of DNS resolution error on 'time.windows.com,0x9'. NtpClient will try again in 15 minutes and double the reattempt interval thereafter. The error was: No such host is known. (0x80072AF9)"
Warning,9/10/2020 1:47:02 PM,Microsoft-Windows-Time-Service,134,None,"NtpClient was unable to set a manual peer to use as a time source because of DNS resolution error on 'time.windows.com,0x9'. NtpClient will try again in 15 minutes and double the reattempt interval thereafter. The error was: No such host is known. (0x80072AF9)"
Warning,9/10/2020 1:47:01 PM,Microsoft-Windows-Time-Service,134,None,"NtpClient was unable to set a manual peer to use as a time source because of DNS resolution error on 'time.windows.com,0x9'. NtpClient will try again in 15 minutes and double the reattempt interval thereafter. The error was: No such host is known. (0x80072AF9)"
Warning,9/10/2020 1:47:00 PM,BTHUSB,34,None,"The local adapter does not support an important Low Energy controller state to support peripheral mode.  The minimum required supported state mask is 0x2491f7fffff, got 0x1fffffff.  Low Energy peripheral role functionality will not be available."
Error,9/10/2020 1:05:32 PM,Microsoft-Windows-Kernel-Power,137,None,The system firmware has changed the processor's memory type range registers (MTRRs) across a sleep state transition (S4). This can result in reduced resume performance.
Error,9/10/2020 12:54:42 PM,Microsoft-Windows-AppModel-Runtime,65,None,Failed with 0x57 retrieving AppModel Runtime status for package Windows.
Error,9/10/2020 12:50:02 PM,Office 2016 Licensing Service,0,None,The operation completed successfully.
Error,9/10/2020 12:49:10 PM,Microsoft-Windows-PrintService,808,Initializing,"The print spooler failed to load a plug-in module C:\WINDOWS\system32\spool\DRIVERS\x64\3\FXSUI.DLL, error code 0x7E. See the event user data for context information."
Error,9/10/2020 12:49:10 PM,Microsoft-Windows-PrintService,808,Initializing,"The print spooler failed to load a plug-in module C:\WINDOWS\system32\spool\DRIVERS\x64\3\FXSUI.DLL, error code 0x7E. See the event user data for context information."
Error,9/10/2020 12:49:10 PM,Microsoft-Windows-PrintService,808,Initializing,"The print spooler failed to load a plug-in module C:\WINDOWS\system32\spool\DRIVERS\x64\3\FXSUI.DLL, error code 0x7E. See the event user data for context information."
Error,9/10/2020 12:49:08 PM,Microsoft-Windows-PrintService,808,Initializing,"The print spooler failed to load a plug-in module C:\WINDOWS\system32\spool\DRIVERS\x64\3\FXSUI.DLL, error code 0x7E. See the event user data for context information."
Error,9/10/2020 12:49:08 PM,Microsoft-Windows-PrintService,808,Initializing,"The print spooler failed to load a plug-in module C:\WINDOWS\system32\spool\DRIVERS\x64\3\FXSUI.DLL, error code 0x7E. See the event user data for context information."
Error,9/10/2020 12:49:08 PM,Microsoft-Windows-PrintService,808,Initializing,"The print spooler failed to load a plug-in module C:\WINDOWS\system32\spool\DRIVERS\x64\3\FXSUI.DLL, error code 0x7E. See the event user data for context information."
Error,9/10/2020 12:49:06 PM,Microsoft-Windows-PrintService,808,Initializing,"The print spooler failed to load a plug-in module C:\WINDOWS\system32\spool\DRIVERS\x64\3\FXSUI.DLL, error code 0x7E. See the event user data for context information."
Error,9/10/2020 12:49:06 PM,Microsoft-Windows-PrintService,808,Initializing,"The print spooler failed to load a plug-in module C:\WINDOWS\system32\spool\DRIVERS\x64\3\FXSUI.DLL, error code 0x7E. See the event user data for context information."
Error,9/10/2020 12:49:06 PM,Microsoft-Windows-PrintService,808,Initializing,"The print spooler failed to load a plug-in module C:\WINDOWS\system32\spool\DRIVERS\x64\3\FXSUI.DLL, error code 0x7E. See the event user data for context information."
Error,9/10/2020 12:49:03 PM,Microsoft-Windows-PrintService,808,Initializing,"The print spooler failed to load a plug-in module C:\WINDOWS\system32\spool\DRIVERS\x64\3\FXSUI.DLL, error code 0x7E. See the event user data for context information."
Error,9/10/2020 12:49:03 PM,Microsoft-Windows-PrintService,808,Initializing,"The print spooler failed to load a plug-in module C:\WINDOWS\system32\spool\DRIVERS\x64\3\FXSUI.DLL, error code 0x7E. See the event user data for context information."
Error,9/10/2020 12:49:03 PM,Microsoft-Windows-PrintService,808,Initializing,"The print spooler failed to load a plug-in module C:\WINDOWS\system32\spool\DRIVERS\x64\3\FXSUI.DLL, error code 0x7E. See the event user data for context information."
