Error,2/26/2020 9:31:50 AM,Microsoft-Windows-NDIS,10317,PnP,"Miniport PANGP Virtual Ethernet Adapter #22, {0319c147-9a52-41f0-a030-f96e03224b8e}, had event Network Interface deleted while PNP Device still exists. Note that this event is provided for informational purpose and might not be an error always (Eg: In case of vSwitch which was recently un-installed or a LBFO team was removed)"
Warning,2/26/2020 9:01:27 AM,Microsoft-Windows-Security-SPP,8233,None,"The rules engine reported a failed VL activation attempt.
Reason:0xC004F074
AppId = 0ff1ce15-a989-479d-af46-f275c6370663, SkuId = dedfa23d-6ed1-45a6-85dc-63cae0546de6
Trigger=NetworkAvailable"
Error,2/26/2020 9:01:22 AM,Microsoft-Windows-Kernel-EventTracing,2,Session,"Session ""8696EAC4-1288-4288-A4EE-49EE431B0AD9"" failed to start with the following error: 0xC0000035"
Warning,2/26/2020 8:32:05 AM,Microsoft-Windows-Security-SPP,8233,None,"The rules engine reported a failed VL activation attempt.
Reason:0xC004F074
AppId = 0ff1ce15-a989-479d-af46-f275c6370663, SkuId = dedfa23d-6ed1-45a6-85dc-63cae0546de6
Trigger=TimerEvent"
Warning,2/26/2020 6:32:06 AM,Microsoft-Windows-Security-SPP,8233,None,"The rules engine reported a failed VL activation attempt.
Reason:0xC004F074
AppId = 0ff1ce15-a989-479d-af46-f275c6370663, SkuId = dedfa23d-6ed1-45a6-85dc-63cae0546de6
Trigger=TimerEvent"
Warning,2/26/2020 4:32:05 AM,Microsoft-Windows-Security-SPP,8233,None,"The rules engine reported a failed VL activation attempt.
Reason:0xC004F074
AppId = 0ff1ce15-a989-479d-af46-f275c6370663, SkuId = dedfa23d-6ed1-45a6-85dc-63cae0546de6
Trigger=TimerEvent"
Error,2/26/2020 4:17:27 AM,Office 2016 Licensing Service,0,None,The operation completed successfully.
Warning,2/26/2020 2:32:05 AM,Microsoft-Windows-Security-SPP,8233,None,"The rules engine reported a failed VL activation attempt.
Reason:0xC004F074
AppId = 0ff1ce15-a989-479d-af46-f275c6370663, SkuId = dedfa23d-6ed1-45a6-85dc-63cae0546de6
Trigger=TimerEvent"
Warning,2/26/2020 12:32:05 AM,Microsoft-Windows-Security-SPP,8233,None,"The rules engine reported a failed VL activation attempt.
Reason:0xC004F074
AppId = 0ff1ce15-a989-479d-af46-f275c6370663, SkuId = dedfa23d-6ed1-45a6-85dc-63cae0546de6
Trigger=TimerEvent"
Warning,2/25/2020 10:32:05 PM,Microsoft-Windows-Security-SPP,8233,None,"The rules engine reported a failed VL activation attempt.
Reason:0xC004F074
AppId = 0ff1ce15-a989-479d-af46-f275c6370663, SkuId = dedfa23d-6ed1-45a6-85dc-63cae0546de6
Trigger=TimerEvent"
Warning,2/25/2020 8:33:46 PM,ESENT,642,General,"Video.UI (10176,D,2) {01877BEE-811D-4E8F-A996-4A4FF5C595DD}: The database format feature version 9080 (0x2378) could not be used due to the current database format 1568.20.0, controlled by the parameter 0x410022D8 (8920 | JET_efvAllowHigherPersistedFormat)."
Warning,2/25/2020 8:33:46 PM,ESENT,642,General,"Video.UI (10176,D,2) {01877BEE-811D-4E8F-A996-4A4FF5C595DD}: The database format feature version 9180 (0x23dc) could not be used due to the current database format 1568.20.0, controlled by the parameter 0x410022D8 (8920 | JET_efvAllowHigherPersistedFormat)."
Warning,2/25/2020 8:33:46 PM,ESENT,642,General,"Video.UI (10176,D,12) {01877BEE-811D-4E8F-A996-4A4FF5C595DD}: The database format feature version 9080 (0x2378) could not be used due to the current database format 1568.20.0, controlled by the parameter 0x410022D8 (8920 | JET_efvAllowHigherPersistedFormat)."
Warning,2/25/2020 8:33:46 PM,ESENT,642,General,"Video.UI (10176,D,50) {01877BEE-811D-4E8F-A996-4A4FF5C595DD}: The database format feature version 9180 (0x23dc) could not be used due to the current database format 1568.20.0, controlled by the parameter 0x410022D8 (8920 | JET_efvAllowHigherPersistedFormat)."
Warning,2/25/2020 8:33:46 PM,ESENT,642,General,"Video.UI (10176,R,98) {01877BEE-811D-4E8F-A996-4A4FF5C595DD}: The database format feature version 9180 (0x23dc) could not be used due to the current database format 1568.20.0, controlled by the parameter 0x410022D8 (8920 | JET_efvAllowHigherPersistedFormat)."
Warning,2/25/2020 8:32:05 PM,Microsoft-Windows-Security-SPP,8233,None,"The rules engine reported a failed VL activation attempt.
Reason:0xC004F074
AppId = 0ff1ce15-a989-479d-af46-f275c6370663, SkuId = dedfa23d-6ed1-45a6-85dc-63cae0546de6
Trigger=TimerEvent"
Warning,2/25/2020 6:32:05 PM,Microsoft-Windows-Security-SPP,8233,None,"The rules engine reported a failed VL activation attempt.
Reason:0xC004F074
AppId = 0ff1ce15-a989-479d-af46-f275c6370663, SkuId = dedfa23d-6ed1-45a6-85dc-63cae0546de6
Trigger=TimerEvent"
Warning,2/25/2020 4:32:05 PM,Microsoft-Windows-Security-SPP,8233,None,"The rules engine reported a failed VL activation attempt.
Reason:0xC004F074
AppId = 0ff1ce15-a989-479d-af46-f275c6370663, SkuId = dedfa23d-6ed1-45a6-85dc-63cae0546de6
Trigger=TimerEvent"
Warning,2/25/2020 2:32:05 PM,Microsoft-Windows-Security-SPP,8233,None,"The rules engine reported a failed VL activation attempt.
Reason:0xC004F074
AppId = 0ff1ce15-a989-479d-af46-f275c6370663, SkuId = dedfa23d-6ed1-45a6-85dc-63cae0546de6
Trigger=TimerEvent"
Warning,2/25/2020 12:32:05 PM,Microsoft-Windows-Security-SPP,8233,None,"The rules engine reported a failed VL activation attempt.
Reason:0xC004F074
AppId = 0ff1ce15-a989-479d-af46-f275c6370663, SkuId = dedfa23d-6ed1-45a6-85dc-63cae0546de6
Trigger=TimerEvent"
Error,2/25/2020 10:33:51 AM,Office 2016 Licensing Service,0,None,The operation completed successfully.
Warning,2/25/2020 10:32:07 AM,Microsoft-Windows-Security-SPP,8233,None,"The rules engine reported a failed VL activation attempt.
Reason:0xC004F074
AppId = 0ff1ce15-a989-479d-af46-f275c6370663, SkuId = dedfa23d-6ed1-45a6-85dc-63cae0546de6
Trigger=NetworkAvailable"
Warning,2/25/2020 10:31:41 AM,Microsoft-Windows-Security-SPP,8233,None,"The rules engine reported a failed VL activation attempt.
Reason:0xC004F074
AppId = 0ff1ce15-a989-479d-af46-f275c6370663, SkuId = dedfa23d-6ed1-45a6-85dc-63cae0546de6
Trigger=TimerEvent"
Warning,2/25/2020 10:30:45 AM,BTHUSB,34,None,"The local adapter does not support an important Low Energy controller state to support peripheral mode.  The minimum required supported state mask is 0x2491f7fffff, got 0x1fffffff.  Low Energy peripheral role functionality will not be available."
Error,2/24/2020 3:15:16 PM,Microsoft-Windows-Kernel-Power,137,None,The system firmware has changed the processor's memory type range registers (MTRRs) across a sleep state transition (S4). This can result in reduced resume performance.
Warning,2/24/2020 2:40:01 PM,Microsoft-Windows-Security-SPP,8233,None,"The rules engine reported a failed VL activation attempt.
Reason:0xC004F074
AppId = 0ff1ce15-a989-479d-af46-f275c6370663, SkuId = dedfa23d-6ed1-45a6-85dc-63cae0546de6
Trigger=TimerEvent"
Warning,2/24/2020 12:40:02 PM,Microsoft-Windows-Security-SPP,8233,None,"The rules engine reported a failed VL activation attempt.
Reason:0xC004F074
AppId = 0ff1ce15-a989-479d-af46-f275c6370663, SkuId = dedfa23d-6ed1-45a6-85dc-63cae0546de6
Trigger=TimerEvent"
Warning,2/24/2020 10:40:01 AM,Microsoft-Windows-Security-SPP,8233,None,"The rules engine reported a failed VL activation attempt.
Reason:0xC004F074
AppId = 0ff1ce15-a989-479d-af46-f275c6370663, SkuId = dedfa23d-6ed1-45a6-85dc-63cae0546de6
Trigger=NetworkAvailable"
Warning,2/24/2020 10:39:38 AM,Microsoft-Windows-Security-SPP,8233,None,"The rules engine reported a failed VL activation attempt.
Reason:0xC004F074
AppId = 0ff1ce15-a989-479d-af46-f275c6370663, SkuId = dedfa23d-6ed1-45a6-85dc-63cae0546de6
Trigger=TimerEvent"
Error,2/24/2020 10:39:06 AM,Microsoft-Windows-DistributedCOM,10010,None,The server microsoft.windowscommunicationsapps_16005.12527.20152.0_x64__8wekyb3d8bbwe!microsoft.windowslive.calendar.AppXwkn9j84yh1kvnt49k5r8h6y1ecsv09hs.mca did not register with DCOM within the required timeout.
Warning,2/24/2020 10:38:56 AM,BTHUSB,34,None,"The local adapter does not support an important Low Energy controller state to support peripheral mode.  The minimum required supported state mask is 0x2491f7fffff, got 0x1fffffff.  Low Energy peripheral role functionality will not be available."
Error,2/24/2020 9:18:51 AM,Microsoft-Windows-Kernel-Power,137,None,The system firmware has changed the processor's memory type range registers (MTRRs) across a sleep state transition (S4). This can result in reduced resume performance.
Warning,2/24/2020 9:03:49 AM,ESENT,642,General,"Catalog Database (4476,D,12) Catalog Database: The database format feature version 9080 (0x2378) could not be used due to the current database format 1568.20.0, controlled by the parameter 0x410022D8 (8920 | JET_efvAllowHigherPersistedFormat)."
Warning,2/24/2020 9:03:49 AM,ESENT,642,General,"Catalog Database (4476,D,50) Catalog Database: The database format feature version 9180 (0x23dc) could not be used due to the current database format 1568.20.0, controlled by the parameter 0x410022D8 (8920 | JET_efvAllowHigherPersistedFormat)."
Warning,2/24/2020 9:03:49 AM,ESENT,642,General,"Catalog Database (4476,D,12) Catalog Database: The database format feature version 9080 (0x2378) could not be used due to the current database format 1568.20.0, controlled by the parameter 0x410022D8 (8920 | JET_efvAllowHigherPersistedFormat)."
Warning,2/24/2020 9:03:49 AM,ESENT,642,General,"Catalog Database (4476,D,50) Catalog Database: The database format feature version 9180 (0x23dc) could not be used due to the current database format 1568.20.0, controlled by the parameter 0x410022D8 (8920 | JET_efvAllowHigherPersistedFormat)."
Warning,2/24/2020 9:03:44 AM,Microsoft-Windows-DistributedCOM,10016,None,"The machine-default permission settings do not grant Local Activation permission for the COM Server application with CLSID 
{C2F03A33-21F5-47FA-B4BB-156362A2F239}
 and APPID 
{316CDED5-E4AE-4B15-9113-7055D84DCC97}
 to the user LAPTOP-3VCLFU80\almoi SID (S-1-5-21-3160199353-1972228045-1784530820-1001) from address LocalHost (Using LRPC) running in the application container Microsoft.Windows.ShellExperienceHost_10.0.19041.1_neutral_neutral_cw5n1h2txyewy SID (S-1-15-2-155514346-2573954481-755741238-1654018636-1233331829-3075935687-2861478708). This security permission can be modified using the Component Services administrative tool."
Error,2/24/2020 8:55:22 AM,Application Error,1000,(100),"Faulting application name: TRH1064.vshost.exe, version: 8.0.50727.42, time stamp: 0x4333d898
Faulting module name: KERNELBASE.dll, version: 6.2.19041.84, time stamp: 0xa9dd1187
Exception code: 0xe0434f4d
Fault offset: 0x0000000000023e49
Faulting process id: 0x%9
Faulting application start time: 0x%10
Faulting application path: %11
Faulting module path: %12
Report Id: %13
Faulting package full name: %14
Faulting package-relative application ID: %15"
Warning,2/24/2020 8:49:01 AM,ESENT,642,General,"Video.UI (13996,D,2) {ACB87379-B495-4A86-BF32-98CD3CA79A7B}: The database format feature version 9080 (0x2378) could not be used due to the current database format 1568.20.0, controlled by the parameter 0x410022D8 (8920 | JET_efvAllowHigherPersistedFormat)."
Warning,2/24/2020 8:49:01 AM,ESENT,642,General,"Video.UI (13996,D,2) {ACB87379-B495-4A86-BF32-98CD3CA79A7B}: The database format feature version 9180 (0x23dc) could not be used due to the current database format 1568.20.0, controlled by the parameter 0x410022D8 (8920 | JET_efvAllowHigherPersistedFormat)."
Warning,2/24/2020 8:49:01 AM,ESENT,642,General,"Video.UI (13996,D,12) {ACB87379-B495-4A86-BF32-98CD3CA79A7B}: The database format feature version 9080 (0x2378) could not be used due to the current database format 1568.20.0, controlled by the parameter 0x410022D8 (8920 | JET_efvAllowHigherPersistedFormat)."
Warning,2/24/2020 8:49:01 AM,ESENT,642,General,"Video.UI (13996,D,50) {ACB87379-B495-4A86-BF32-98CD3CA79A7B}: The database format feature version 9180 (0x23dc) could not be used due to the current database format 1568.20.0, controlled by the parameter 0x410022D8 (8920 | JET_efvAllowHigherPersistedFormat)."
Warning,2/24/2020 8:49:00 AM,ESENT,642,General,"Video.UI (13996,R,98) {ACB87379-B495-4A86-BF32-98CD3CA79A7B}: The database format feature version 9180 (0x23dc) could not be used due to the current database format 1568.20.0, controlled by the parameter 0x410022D8 (8920 | JET_efvAllowHigherPersistedFormat)."
Error,2/24/2020 8:47:45 AM,Microsoft-Windows-DeviceSetupManager,121,None,"Driver install failed, result=0x80240022 for devnode 'USB\VID_10C4&PID_EA60\0001'"
Warning,2/24/2020 8:47:45 AM,Microsoft-Windows-DeviceSetupManager,123,None,The DSM service was delayed by 91 seconds for a driver query/download/install on device 'USB\VID_10C4&PID_EA60\0001'
Error,2/24/2020 8:47:44 AM,Microsoft-Windows-WindowsUpdateClient,20,Windows Update Agent,Installation Failure: Windows failed to install the following update with error 0x8024200B: Silicon Laboratories Inc. - Ports - 6/20/2019 12:00:00 AM - 10.1.8.2466.
Warning,2/24/2020 8:47:41 AM,ESENT,642,General,"Catalog Database (4476,D,12) Catalog Database: The database format feature version 9080 (0x2378) could not be used due to the current database format 1568.20.0, controlled by the parameter 0x410022D8 (8920 | JET_efvAllowHigherPersistedFormat)."
Warning,2/24/2020 8:47:41 AM,ESENT,642,General,"Catalog Database (4476,D,50) Catalog Database: The database format feature version 9180 (0x23dc) could not be used due to the current database format 1568.20.0, controlled by the parameter 0x410022D8 (8920 | JET_efvAllowHigherPersistedFormat)."
Warning,2/24/2020 8:47:41 AM,ESENT,642,General,"Catalog Database (4476,D,12) Catalog Database: The database format feature version 9080 (0x2378) could not be used due to the current database format 1568.20.0, controlled by the parameter 0x410022D8 (8920 | JET_efvAllowHigherPersistedFormat)."
Warning,2/24/2020 8:47:41 AM,ESENT,642,General,"Catalog Database (4476,D,50) Catalog Database: The database format feature version 9180 (0x23dc) could not be used due to the current database format 1568.20.0, controlled by the parameter 0x410022D8 (8920 | JET_efvAllowHigherPersistedFormat)."
Warning,2/24/2020 8:47:39 AM,ESENT,642,General,"Catalog Database (4476,D,12) Catalog Database: The database format feature version 9080 (0x2378) could not be used due to the current database format 1568.20.0, controlled by the parameter 0x410022D8 (8920 | JET_efvAllowHigherPersistedFormat)."
Warning,2/24/2020 8:47:39 AM,ESENT,642,General,"Catalog Database (4476,D,12) Catalog Database: The database format feature version 9080 (0x2378) could not be used due to the current database format 1568.20.0, controlled by the parameter 0x410022D8 (8920 | JET_efvAllowHigherPersistedFormat)."
Error,2/24/2020 8:46:53 AM,Application Error,1000,(100),"Faulting application name: Lenovo.Modern.ImController.PluginHost.CompanionApp.exe, version: 1.1.18.3, time stamp: 0x5d852c0d
Faulting module name: unknown, version: 0.0.0.0, time stamp: 0x00000000
Exception code: 0xc0000005
Fault offset: 0x0000000000000000
Faulting process id: 0x3bc4
Faulting application start time: 0x01d5eade30f27997
Faulting application path: C:\Program Files\Lenovo\iMController\PluginHost\Lenovo.Modern.ImController.PluginHost.CompanionApp.exe
Faulting module path: unknown
Report Id: 61137e54-a06d-428a-93fb-a174cc9c5e94
Faulting package full name: 
Faulting package-relative application ID: "
Error,2/24/2020 8:46:53 AM,.NET Runtime,1026,None,"Application: Lenovo.Modern.ImController.PluginHost.CompanionApp.exe
Framework Version: v4.0.30319
Description: The process was terminated due to an unhandled exception.
Exception Info: System.AccessViolationException
   at <Module>.APS.IsTouchCapable(APS*)
   at APS_Core.APSControl.GetTouchCapability()
   at ThinkAPSPlugin.RequestResponder.GetTouchCapability()
   at ThinkAPSPlugin.RequestResponder.<GetCapability>b__0_2()
   at System.Threading.Tasks.Task`1[[System.__Canon, mscorlib, Version=4.0.0.0, Culture=neutral, PublicKeyToken=b77a5c561934e089]].InnerInvoke()
   at System.Threading.Tasks.Task.Execute()
   at System.Threading.ExecutionContext.RunInternal(System.Threading.ExecutionContext, System.Threading.ContextCallback, System.Object, Boolean)
   at System.Threading.ExecutionContext.Run(System.Threading.ExecutionContext, System.Threading.ContextCallback, System.Object, Boolean)
   at System.Threading.Tasks.Task.ExecuteWithThreadLocal(System.Threading.Tasks.Task ByRef)
   at System.Threading.Tasks.Task.ExecuteEntry(Boolean)
   at System.Threading.ThreadPoolWorkQueue.Dispatch()

"
Warning,2/24/2020 8:46:36 AM,Microsoft-Windows-NDIS,10400,None,"The network interface ""Intel(R) Dual Band Wireless-AC 3160"" has begun resetting.  There will be a momentary disruption in network connectivity while the hardware resets. Reason: The network driver requested that it be reset. This network interface has reset 1 time(s) since it was last initialized."
Warning,2/24/2020 8:46:33 AM,Microsoft-Windows-DNS-Client,1014,(1014),Name resolution for the name mail.balticom.lv timed out after none of the configured DNS servers responded.
Warning,2/24/2020 8:46:14 AM,Microsoft-Windows-DistributedCOM,10016,None,"The machine-default permission settings do not grant Local Activation permission for the COM Server application with CLSID 
{C2F03A33-21F5-47FA-B4BB-156362A2F239}
 and APPID 
{316CDED5-E4AE-4B15-9113-7055D84DCC97}
 to the user LAPTOP-3VCLFU80\almoi SID (S-1-5-21-3160199353-1972228045-1784530820-1001) from address LocalHost (Using LRPC) running in the application container Microsoft.Windows.ShellExperienceHost_10.0.19041.1_neutral_neutral_cw5n1h2txyewy SID (S-1-15-2-155514346-2573954481-755741238-1654018636-1233331829-3075935687-2861478708). This security permission can be modified using the Component Services administrative tool."
Error,2/24/2020 8:26:36 AM,Application Error,1000,(100),"Faulting application name: Lenovo.Modern.ImController.PluginHost.CompanionApp.exe, version: 1.1.18.3, time stamp: 0x5d852c0d
Faulting module name: unknown, version: 0.0.0.0, time stamp: 0x00000000
Exception code: 0xc0000005
Fault offset: 0x0000000000000000
Faulting process id: 0x3e64
Faulting application start time: 0x01d5eadb58594012
Faulting application path: C:\Program Files\Lenovo\iMController\PluginHost\Lenovo.Modern.ImController.PluginHost.CompanionApp.exe
Faulting module path: unknown
Report Id: 7a2b4822-e183-4af4-8a41-0b953b872075
Faulting package full name: 
Faulting package-relative application ID: "
Error,2/24/2020 8:26:35 AM,.NET Runtime,1026,None,"Application: Lenovo.Modern.ImController.PluginHost.CompanionApp.exe
Framework Version: v4.0.30319
Description: The process was terminated due to an unhandled exception.
Exception Info: System.AccessViolationException
   at <Module>.APS.IsTouchCapable(APS*)
   at APS_Core.APSControl.GetTouchCapability()
   at ThinkAPSPlugin.RequestResponder.GetTouchCapability()
   at ThinkAPSPlugin.RequestResponder.<GetCapability>b__0_2()
   at System.Threading.Tasks.Task`1[[System.__Canon, mscorlib, Version=4.0.0.0, Culture=neutral, PublicKeyToken=b77a5c561934e089]].InnerInvoke()
   at System.Threading.Tasks.Task.Execute()
   at System.Threading.ExecutionContext.RunInternal(System.Threading.ExecutionContext, System.Threading.ContextCallback, System.Object, Boolean)
   at System.Threading.ExecutionContext.Run(System.Threading.ExecutionContext, System.Threading.ContextCallback, System.Object, Boolean)
   at System.Threading.Tasks.Task.ExecuteWithThreadLocal(System.Threading.Tasks.Task ByRef)
   at System.Threading.Tasks.Task.ExecuteEntry(Boolean)
   at System.Threading.ThreadPoolWorkQueue.Dispatch()

"
Warning,2/24/2020 8:25:30 AM,Microsoft-Windows-DeviceSetupManager,200,None,A connection to the Windows Update service could not be established.
Warning,2/24/2020 8:25:30 AM,Microsoft-Windows-DeviceSetupManager,202,None,The Network List Manager reports no connectivity to the internet.
Error,2/24/2020 8:25:05 AM,Service Control Manager,7034,None,The LenovoVantageService service terminated unexpectedly.  It has done this 1 time(s).
Warning,2/24/2020 8:25:04 AM,Microsoft-Windows-DistributedCOM,10016,None,"The machine-default permission settings do not grant Local Activation permission for the COM Server application with CLSID 
{C2F03A33-21F5-47FA-B4BB-156362A2F239}
 and APPID 
{316CDED5-E4AE-4B15-9113-7055D84DCC97}
 to the user LAPTOP-3VCLFU80\almoi SID (S-1-5-21-3160199353-1972228045-1784530820-1001) from address LocalHost (Using LRPC) running in the application container Microsoft.Windows.ShellExperienceHost_10.0.19041.1_neutral_neutral_cw5n1h2txyewy SID (S-1-15-2-155514346-2573954481-755741238-1654018636-1233331829-3075935687-2861478708). This security permission can be modified using the Component Services administrative tool."
Warning,2/24/2020 8:21:20 AM,Microsoft-Windows-DistributedCOM,10016,None,"The machine-default permission settings do not grant Local Activation permission for the COM Server application with CLSID 
{C2F03A33-21F5-47FA-B4BB-156362A2F239}
 and APPID 
{316CDED5-E4AE-4B15-9113-7055D84DCC97}
 to the user LAPTOP-3VCLFU80\almoi SID (S-1-5-21-3160199353-1972228045-1784530820-1001) from address LocalHost (Using LRPC) running in the application container Microsoft.Windows.ShellExperienceHost_10.0.19041.1_neutral_neutral_cw5n1h2txyewy SID (S-1-15-2-155514346-2573954481-755741238-1654018636-1233331829-3075935687-2861478708). This security permission can be modified using the Component Services administrative tool."
Warning,2/24/2020 8:20:30 AM,Microsoft-Windows-DeviceSetupManager,200,None,A connection to the Windows Update service could not be established.
Warning,2/24/2020 8:20:30 AM,Microsoft-Windows-DeviceSetupManager,202,None,The Network List Manager reports no connectivity to the internet.
Warning,2/24/2020 8:20:23 AM,ESENT,642,General,"Catalog Database (4476,D,12) Catalog Database: The database format feature version 9080 (0x2378) could not be used due to the current database format 1568.20.0, controlled by the parameter 0x410022D8 (8920 | JET_efvAllowHigherPersistedFormat)."
Warning,2/24/2020 8:20:23 AM,ESENT,642,General,"Catalog Database (4476,D,50) Catalog Database: The database format feature version 9180 (0x23dc) could not be used due to the current database format 1568.20.0, controlled by the parameter 0x410022D8 (8920 | JET_efvAllowHigherPersistedFormat)."
Warning,2/24/2020 8:20:23 AM,ESENT,642,General,"Catalog Database (4476,D,12) Catalog Database: The database format feature version 9080 (0x2378) could not be used due to the current database format 1568.20.0, controlled by the parameter 0x410022D8 (8920 | JET_efvAllowHigherPersistedFormat)."
Warning,2/24/2020 8:20:23 AM,ESENT,642,General,"Catalog Database (4476,D,50) Catalog Database: The database format feature version 9180 (0x23dc) could not be used due to the current database format 1568.20.0, controlled by the parameter 0x410022D8 (8920 | JET_efvAllowHigherPersistedFormat)."
Warning,2/24/2020 8:20:09 AM,Microsoft-Windows-DistributedCOM,10016,None,"The application-specific permission settings do not grant Local Activation permission for the COM Server application with CLSID 
{2593F8B9-4EAF-457C-B68A-50F6B8EA6B54}
 and APPID 
{15C20B67-12E7-4BB6-92BB-7AFF07997402}
 to the user LAPTOP-3VCLFU80\almoi SID (S-1-5-21-3160199353-1972228045-1784530820-1001) from address LocalHost (Using LRPC) running in the application container Unavailable SID (Unavailable). This security permission can be modified using the Component Services administrative tool."
Warning,2/24/2020 8:20:00 AM,Microsoft-Windows-DeviceSetupManager,200,None,A connection to the Windows Update service could not be established.
Warning,2/24/2020 8:20:00 AM,Microsoft-Windows-DeviceSetupManager,202,None,The Network List Manager reports no connectivity to the internet.
Warning,2/24/2020 8:19:58 AM,Microsoft-Windows-DistributedCOM,10016,None,"The application-specific permission settings do not grant Local Activation permission for the COM Server application with CLSID 
{2593F8B9-4EAF-457C-B68A-50F6B8EA6B54}
 and APPID 
{15C20B67-12E7-4BB6-92BB-7AFF07997402}
 to the user LAPTOP-3VCLFU80\almoi SID (S-1-5-21-3160199353-1972228045-1784530820-1001) from address LocalHost (Using LRPC) running in the application container SpotifyAB.SpotifyMusic_1.126.501.0_x86__zpdnekdrzrea0 SID (Unavailable). This security permission can be modified using the Component Services administrative tool."
Warning,2/24/2020 8:19:57 AM,Microsoft-Windows-DeviceSetupManager,201,None,A connection to the Windows Metadata and Internet Services (WMIS) could not be established.
Warning,2/24/2020 8:19:57 AM,Microsoft-Windows-DeviceSetupManager,202,None,The Network List Manager reports no connectivity to the internet.
Warning,2/24/2020 8:19:56 AM,Microsoft-Windows-DeviceSetupManager,200,None,A connection to the Windows Update service could not be established.
Warning,2/24/2020 8:19:56 AM,Microsoft-Windows-DeviceSetupManager,202,None,The Network List Manager reports no connectivity to the internet.
Warning,2/24/2020 8:19:48 AM,Microsoft-Windows-DistributedCOM,10016,None,"The application-specific permission settings do not grant Local Activation permission for the COM Server application with CLSID 
{2593F8B9-4EAF-457C-B68A-50F6B8EA6B54}
 and APPID 
{15C20B67-12E7-4BB6-92BB-7AFF07997402}
 to the user LAPTOP-3VCLFU80\almoi SID (S-1-5-21-3160199353-1972228045-1784530820-1001) from address LocalHost (Using LRPC) running in the application container Unavailable SID (Unavailable). This security permission can be modified using the Component Services administrative tool."
Warning,2/24/2020 8:19:25 AM,Microsoft-Windows-Security-SPP,8233,None,"The rules engine reported a failed VL activation attempt.
Reason:0xC004F074
AppId = 0ff1ce15-a989-479d-af46-f275c6370663, SkuId = dedfa23d-6ed1-45a6-85dc-63cae0546de6
Trigger=UserLogon(1)"
Warning,2/24/2020 8:19:23 AM,Microsoft-Windows-DistributedCOM,10016,None,"The machine-default permission settings do not grant Local Activation permission for the COM Server application with CLSID 
{C2F03A33-21F5-47FA-B4BB-156362A2F239}
 and APPID 
{316CDED5-E4AE-4B15-9113-7055D84DCC97}
 to the user LAPTOP-3VCLFU80\almoi SID (S-1-5-21-3160199353-1972228045-1784530820-1001) from address LocalHost (Using LRPC) running in the application container Microsoft.Windows.ShellExperienceHost_10.0.19041.1_neutral_neutral_cw5n1h2txyewy SID (S-1-15-2-155514346-2573954481-755741238-1654018636-1233331829-3075935687-2861478708). This security permission can be modified using the Component Services administrative tool."
Warning,2/24/2020 8:19:17 AM,ESENT,642,General,"MicrosoftEdge (10592,D,12) C:\Users\almoi\AppData\Local\Packages\microsoft.microsoftedge_8wekyb3d8bbwe\AC\MicrosoftEdge\User\Default\DataStore\Data\nouser1\120712-0049\: The database format feature version 9080 (0x2378) could not be used due to the current database format 1568.20.0, controlled by the parameter 0x410022D8 (8920 | JET_efvAllowHigherPersistedFormat)."
Warning,2/24/2020 8:19:17 AM,ESENT,642,General,"MicrosoftEdge (10592,R,98) C:\Users\almoi\AppData\Local\Packages\microsoft.microsoftedge_8wekyb3d8bbwe\AC\MicrosoftEdge\User\Default\DataStore\Data\nouser1\120712-0049\: The database format feature version 9180 (0x23dc) could not be used due to the current database format 1568.20.0, controlled by the parameter 0x410022D8 (8920 | JET_efvAllowHigherPersistedFormat)."
Warning,2/24/2020 8:19:11 AM,Microsoft-Windows-User Device Registration,360,None,"Windows Hello for Business provisioning will not be launched. 
Device is AAD joined ( AADJ or DJ++ ): Not Tested 
User has logged on with AAD credentials: No 
Windows Hello for Business policy is enabled: Not Tested 
Windows Hello for Business post-logon provisioning is enabled: Not Tested 
Local computer meets Windows hello for business hardware requirements: Not Tested 
User is not connected to the machine via Remote Desktop: Yes 
User certificate for on premise auth policy is enabled: Not Tested 
Machine is governed by none policy. 
See https://go.microsoft.com/fwlink/?linkid=832647 for more details."
Warning,2/24/2020 8:18:58 AM,Microsoft-Windows-DistributedCOM,10016,None,"The application-specific permission settings do not grant Local Activation permission for the COM Server application with CLSID 
{6B3B8D23-FA8D-40B9-8DBD-B950333E2C52}
 and APPID 
{4839DDB7-58C2-48F5-8283-E1D1807D0D7D}
 to the user NT AUTHORITY\LOCAL SERVICE SID (S-1-5-19) from address LocalHost (Using LRPC) running in the application container Unavailable SID (Unavailable). This security permission can be modified using the Component Services administrative tool."
Warning,2/24/2020 8:18:58 AM,Microsoft-Windows-DistributedCOM,10016,None,"The application-specific permission settings do not grant Local Activation permission for the COM Server application with CLSID 
{6B3B8D23-FA8D-40B9-8DBD-B950333E2C52}
 and APPID 
{4839DDB7-58C2-48F5-8283-E1D1807D0D7D}
 to the user NT AUTHORITY\LOCAL SERVICE SID (S-1-5-19) from address LocalHost (Using LRPC) running in the application container Unavailable SID (Unavailable). This security permission can be modified using the Component Services administrative tool."
Error,2/24/2020 8:18:57 AM,Service Control Manager,7023,None,"The MessagingService_1a55b2 service terminated with the following error: 
The device is not ready."
Error,2/24/2020 8:17:21 AM,Office 2016 Licensing Service,0,None,The operation completed successfully.
Warning,2/24/2020 8:16:36 AM,Microsoft-Windows-DistributedCOM,10016,None,"The application-specific permission settings do not grant Local Launch permission for the COM Server application with CLSID 
Windows.SecurityCenter.WscDataProtection
 and APPID 
Unavailable
 to the user NT AUTHORITY\SYSTEM SID (S-1-5-18) from address LocalHost (Using LRPC) running in the application container Unavailable SID (Unavailable). This security permission can be modified using the Component Services administrative tool."
Warning,2/24/2020 8:15:07 AM,Microsoft-Windows-Security-SPP,8233,None,"The rules engine reported a failed VL activation attempt.
Reason:0xC004F074
AppId = 0ff1ce15-a989-479d-af46-f275c6370663, SkuId = dedfa23d-6ed1-45a6-85dc-63cae0546de6
Trigger=NetworkAvailable"
Error,2/24/2020 8:14:54 AM,BTHUSB,16,None,The mutual authentication between the local Bluetooth adapter and a device with Bluetooth adapter address (48:27:ea:30:12:11) failed.
Error,2/24/2020 8:14:26 AM,Service Control Manager,7000,None,"The Tele2 Mobile Partner. RunOuc service failed to start due to the following error: 
The service did not respond to the start or control request in a timely fashion."
Error,2/24/2020 8:14:26 AM,Service Control Manager,7009,None,A timeout was reached (45000 milliseconds) while waiting for the Tele2 Mobile Partner. RunOuc service to connect.
Warning,2/24/2020 8:14:24 AM,ESENT,642,General,"Catalog Database (4476,D,12) Catalog Database: The database format feature version 9080 (0x2378) could not be used due to the current database format 1568.20.0, controlled by the parameter 0x410022D8 (8920 | JET_efvAllowHigherPersistedFormat)."
Warning,2/24/2020 8:14:24 AM,ESENT,642,General,"Catalog Database (4476,D,12) Catalog Database: The database format feature version 9080 (0x2378) could not be used due to the current database format 1568.20.0, controlled by the parameter 0x410022D8 (8920 | JET_efvAllowHigherPersistedFormat)."
Warning,2/24/2020 8:14:23 AM,EvntAgnt,3007,None,Error opening event log file State. Log will not be processed. Return code from OpenEventLog is 87.
Warning,2/24/2020 8:14:23 AM,EvntAgnt,3007,None,Error opening event log file Parameters. Log will not be processed. Return code from OpenEventLog is 87.
Error,2/24/2020 8:14:23 AM,Service Control Manager,7000,None,"The TPHDEXLG service failed to start due to the following error: 
The system cannot find the file specified."
Error,2/24/2020 8:14:22 AM,Service Control Manager,7000,None,"The Sentinel64 service failed to start due to the following error: 
The system cannot find the device specified."
Warning,2/24/2020 8:14:22 AM,Sentinel64,19,None,The media is write protected.
Error,2/24/2020 8:14:23 AM,SNMP,1500,None,The SNMP Service encountered an error while accessing the registry key SYSTEM\CurrentControlSet\Services\SNMP\Parameters\TrapConfiguration.
Warning,2/24/2020 8:14:22 AM,Server,2511,None,"The server service was unable to recreate the share CommandCentreSetup because the directory C:\Program Files (x86)\Gallagher\Command Centre\ClientSetup\CommandCentreSetup no longer exists.  Please run ""net share CommandCentreSetup /delete"" to delete the share, or recreate the directory C:\Program Files (x86)\Gallagher\Command Centre\ClientSetup\CommandCentreSetup."
Warning,2/24/2020 8:14:15 AM,BTHUSB,34,None,"The local adapter does not support an important Low Energy controller state to support peripheral mode.  The minimum required supported state mask is 0x2491f7fffff, got 0x1fffffff.  Low Energy peripheral role functionality will not be available."
Warning,2/24/2020 8:14:14 AM,Microsoft-Windows-Kernel-PnP,219,(212),The driver \Driver\WudfRd failed to load for the device USB\VID_138A&PID_0011\8718838eea6f.
Warning,2/24/2020 8:14:13 AM,Microsoft-Windows-Kernel-PnP,219,(212),The driver \Driver\WudfRd failed to load for the device ROOT\SYSTEM\0001.
Warning,2/24/2020 8:14:13 AM,Microsoft-Windows-Kernel-PnP,219,(212),The driver \Driver\WudfRd failed to load for the device ROOT\LENOVOVHID\0000.
Error,2/24/2020 8:14:18 AM,EventLog,6008,None,The previous system shutdown at 8:13:58 AM on ‎2/‎24/‎2020 was unexpected.
Error,2/24/2020 8:12:58 AM,Service Control Manager,7043,None,The Windows Biometric Service service did not shut down properly after receiving a preshutdown control.
Error,2/24/2020 8:12:42 AM,Service Control Manager,7023,None,"The Windows Modules Installer service terminated with the following error: 
The process cannot access the file because it is being used by another process."
Warning,2/24/2020 8:12:34 AM,Microsoft-Windows-Security-SPP,8233,None,"The rules engine reported a failed VL activation attempt.
Reason:0xC004F074
AppId = 0ff1ce15-a989-479d-af46-f275c6370663, SkuId = dedfa23d-6ed1-45a6-85dc-63cae0546de6
Trigger=NetworkAvailable"
Warning,2/24/2020 8:12:11 AM,Microsoft-Windows-Security-SPP,8233,None,"The rules engine reported a failed VL activation attempt.
Reason:0xC004F074
AppId = 0ff1ce15-a989-479d-af46-f275c6370663, SkuId = dedfa23d-6ed1-45a6-85dc-63cae0546de6
Trigger=NetworkAvailable"
Error,2/24/2020 8:11:54 AM,Microsoft-Windows-DistributedCOM,10010,None,The server {9BA05972-F6A8-11CF-A442-00A0C90A8F39} did not register with DCOM within the required timeout.
Warning,2/24/2020 8:11:46 AM,Microsoft-Windows-Security-SPP,8233,None,"The rules engine reported a failed VL activation attempt.
Reason:0xC004F074
AppId = 0ff1ce15-a989-479d-af46-f275c6370663, SkuId = dedfa23d-6ed1-45a6-85dc-63cae0546de6
Trigger=TimerEvent"
Warning,2/24/2020 8:11:43 AM,Microsoft-Windows-WLAN-AutoConfig,4003,None,"WLAN AutoConfig detected limited connectivity, attempting automatic recovery.

Recovery Type: 4
Error Code: 0x0
Trigger Reason: 5
IP Family: 0
"
Error,2/24/2020 8:11:43 AM,Microsoft-Windows-DistributedCOM,10010,None,The server {AB8902B4-09CA-4BB6-B78D-A8F59079A8D5} did not register with DCOM within the required timeout.
Error,2/24/2020 8:11:42 AM,Microsoft-Windows-DistributedCOM,10010,None,The server {AB8902B4-09CA-4BB6-B78D-A8F59079A8D5} did not register with DCOM within the required timeout.
Error,2/24/2020 8:11:42 AM,Microsoft-Windows-DistributedCOM,10010,None,The server {AB8902B4-09CA-4BB6-B78D-A8F59079A8D5} did not register with DCOM within the required timeout.
Error,2/24/2020 8:11:42 AM,Microsoft-Windows-DistributedCOM,10010,None,The server {AB8902B4-09CA-4BB6-B78D-A8F59079A8D5} did not register with DCOM within the required timeout.
Error,2/24/2020 8:11:42 AM,Microsoft-Windows-DistributedCOM,10010,None,The server {AB8902B4-09CA-4BB6-B78D-A8F59079A8D5} did not register with DCOM within the required timeout.
Error,2/24/2020 8:11:42 AM,Microsoft-Windows-DistributedCOM,10010,None,The server {AB8902B4-09CA-4BB6-B78D-A8F59079A8D5} did not register with DCOM within the required timeout.
Error,2/24/2020 8:11:42 AM,Microsoft-Windows-DistributedCOM,10010,None,The server {AB8902B4-09CA-4BB6-B78D-A8F59079A8D5} did not register with DCOM within the required timeout.
Error,2/24/2020 8:11:42 AM,Microsoft-Windows-DistributedCOM,10010,None,The server {AB8902B4-09CA-4BB6-B78D-A8F59079A8D5} did not register with DCOM within the required timeout.
Error,2/24/2020 8:11:42 AM,Microsoft-Windows-DistributedCOM,10010,None,The server {AB8902B4-09CA-4BB6-B78D-A8F59079A8D5} did not register with DCOM within the required timeout.
Error,2/24/2020 8:11:42 AM,Microsoft-Windows-DistributedCOM,10010,None,The server {AB8902B4-09CA-4BB6-B78D-A8F59079A8D5} did not register with DCOM within the required timeout.
Error,2/24/2020 8:11:42 AM,Microsoft-Windows-DistributedCOM,10010,None,The server {AB8902B4-09CA-4BB6-B78D-A8F59079A8D5} did not register with DCOM within the required timeout.
Error,2/24/2020 8:11:42 AM,Microsoft-Windows-DistributedCOM,10010,None,The server {AB8902B4-09CA-4BB6-B78D-A8F59079A8D5} did not register with DCOM within the required timeout.
Error,2/24/2020 8:11:42 AM,Microsoft-Windows-DistributedCOM,10010,None,The server {AB8902B4-09CA-4BB6-B78D-A8F59079A8D5} did not register with DCOM within the required timeout.
Error,2/24/2020 8:11:42 AM,Microsoft-Windows-DistributedCOM,10010,None,The server {AB8902B4-09CA-4BB6-B78D-A8F59079A8D5} did not register with DCOM within the required timeout.
Error,2/24/2020 8:11:42 AM,Microsoft-Windows-DistributedCOM,10010,None,The server {AB8902B4-09CA-4BB6-B78D-A8F59079A8D5} did not register with DCOM within the required timeout.
Error,2/24/2020 8:11:41 AM,Microsoft-Windows-DistributedCOM,10010,None,The server {AB8902B4-09CA-4BB6-B78D-A8F59079A8D5} did not register with DCOM within the required timeout.
Error,2/24/2020 8:11:41 AM,Microsoft-Windows-DistributedCOM,10010,None,The server {AB8902B4-09CA-4BB6-B78D-A8F59079A8D5} did not register with DCOM within the required timeout.
Error,2/24/2020 8:11:41 AM,Microsoft-Windows-DistributedCOM,10010,None,The server {AB8902B4-09CA-4BB6-B78D-A8F59079A8D5} did not register with DCOM within the required timeout.
Error,2/24/2020 8:11:41 AM,Microsoft-Windows-DistributedCOM,10010,None,The server {AB8902B4-09CA-4BB6-B78D-A8F59079A8D5} did not register with DCOM within the required timeout.
Error,2/24/2020 8:11:41 AM,Microsoft-Windows-DistributedCOM,10010,None,The server {AB8902B4-09CA-4BB6-B78D-A8F59079A8D5} did not register with DCOM within the required timeout.
Error,2/24/2020 8:11:41 AM,Microsoft-Windows-DistributedCOM,10010,None,The server {AB8902B4-09CA-4BB6-B78D-A8F59079A8D5} did not register with DCOM within the required timeout.
Error,2/24/2020 8:11:41 AM,Microsoft-Windows-DistributedCOM,10010,None,The server {AB8902B4-09CA-4BB6-B78D-A8F59079A8D5} did not register with DCOM within the required timeout.
Error,2/24/2020 8:11:41 AM,Microsoft-Windows-DistributedCOM,10010,None,The server {AB8902B4-09CA-4BB6-B78D-A8F59079A8D5} did not register with DCOM within the required timeout.
Error,2/24/2020 8:11:41 AM,Microsoft-Windows-DistributedCOM,10010,None,The server {AB8902B4-09CA-4BB6-B78D-A8F59079A8D5} did not register with DCOM within the required timeout.
Error,2/24/2020 8:11:41 AM,Microsoft-Windows-DistributedCOM,10010,None,The server {AB8902B4-09CA-4BB6-B78D-A8F59079A8D5} did not register with DCOM within the required timeout.
Error,2/24/2020 8:11:40 AM,Microsoft-Windows-DistributedCOM,10010,None,The server {AB8902B4-09CA-4BB6-B78D-A8F59079A8D5} did not register with DCOM within the required timeout.
Error,2/24/2020 8:11:40 AM,Microsoft-Windows-DistributedCOM,10010,None,The server {AB8902B4-09CA-4BB6-B78D-A8F59079A8D5} did not register with DCOM within the required timeout.
Error,2/24/2020 8:11:40 AM,Microsoft-Windows-DistributedCOM,10010,None,The server Microsoft.Windows.ContentDeliveryManager_10.0.19041.1_neutral_neutral_cw5n1h2txyewy!Windows.Networking.BackgroundTransfer.Internal.NetworkChangeTask.ClassId.1 did not register with DCOM within the required timeout.
Error,2/24/2020 8:11:40 AM,Microsoft-Windows-DistributedCOM,10010,None,The server {AB8902B4-09CA-4BB6-B78D-A8F59079A8D5} did not register with DCOM within the required timeout.
Error,2/24/2020 8:11:40 AM,Microsoft-Windows-DistributedCOM,10010,None,The server Microsoft.Windows.ContentDeliveryManager_10.0.19041.1_neutral_neutral_cw5n1h2txyewy!App.AppXw3qcpc7p849541dp39vvqd01bn7z9ybh.mca did not register with DCOM within the required timeout.
Error,2/24/2020 8:11:40 AM,Microsoft-Windows-DistributedCOM,10010,None,The server Microsoft.Windows.ContentDeliveryManager_10.0.19041.1_neutral_neutral_cw5n1h2txyewy!Windows.Networking.BackgroundTransfer.Internal.NetworkChangeTask.ClassId.1 did not register with DCOM within the required timeout.
Error,2/24/2020 8:11:40 AM,Microsoft-Windows-DistributedCOM,10010,None,The server {AB8902B4-09CA-4BB6-B78D-A8F59079A8D5} did not register with DCOM within the required timeout.
Error,2/24/2020 8:11:39 AM,Microsoft-Windows-DistributedCOM,10010,None,The server {AB8902B4-09CA-4BB6-B78D-A8F59079A8D5} did not register with DCOM within the required timeout.
Error,2/24/2020 8:11:39 AM,Microsoft-Windows-DistributedCOM,10010,None,The server {AB8902B4-09CA-4BB6-B78D-A8F59079A8D5} did not register with DCOM within the required timeout.
Error,2/24/2020 8:11:38 AM,Microsoft-Windows-DistributedCOM,10010,None,The server {AB8902B4-09CA-4BB6-B78D-A8F59079A8D5} did not register with DCOM within the required timeout.
Error,2/24/2020 8:11:37 AM,Microsoft-Windows-DistributedCOM,10010,None,The server microsoft.windowscommunicationsapps_16005.12527.20108.0_x64__8wekyb3d8bbwe!microsoft.windowslive.calendar.AppXwkn9j84yh1kvnt49k5r8h6y1ecsv09hs.mca did not register with DCOM within the required timeout.
Warning,2/24/2020 8:11:20 AM,BTHUSB,34,None,"The local adapter does not support an important Low Energy controller state to support peripheral mode.  The minimum required supported state mask is 0x2491f7fffff, got 0x1fffffff.  Low Energy peripheral role functionality will not be available."
Warning,2/21/2020 8:14:35 PM,BTHUSB,34,None,"The local adapter does not support an important Low Energy controller state to support peripheral mode.  The minimum required supported state mask is 0x2491f7fffff, got 0x1fffffff.  Low Energy peripheral role functionality will not be available."
Error,2/21/2020 5:14:34 PM,Microsoft-Windows-Kernel-Power,137,None,The system firmware has changed the processor's memory type range registers (MTRRs) across a sleep state transition (S4). This can result in reduced resume performance.
Warning,2/21/2020 5:14:32 PM,BTHUSB,34,None,"The local adapter does not support an important Low Energy controller state to support peripheral mode.  The minimum required supported state mask is 0x2491f7fffff, got 0x1fffffff.  Low Energy peripheral role functionality will not be available."
Error,2/21/2020 4:57:11 PM,Microsoft-Windows-Kernel-Power,137,None,The system firmware has changed the processor's memory type range registers (MTRRs) across a sleep state transition (S4). This can result in reduced resume performance.
Warning,2/21/2020 4:52:58 PM,Microsoft-Windows-DistributedCOM,10016,None,"The application-specific permission settings do not grant Local Activation permission for the COM Server application with CLSID 
{2593F8B9-4EAF-457C-B68A-50F6B8EA6B54}
 and APPID 
{15C20B67-12E7-4BB6-92BB-7AFF07997402}
 to the user LAPTOP-3VCLFU80\almoi SID (S-1-5-21-3160199353-1972228045-1784530820-1001) from address LocalHost (Using LRPC) running in the application container Unavailable SID (Unavailable). This security permission can be modified using the Component Services administrative tool."
Warning,2/21/2020 4:52:28 PM,Microsoft-Windows-Security-SPP,8233,None,"The rules engine reported a failed VL activation attempt.
Reason:0xC004F074
AppId = 0ff1ce15-a989-479d-af46-f275c6370663, SkuId = dedfa23d-6ed1-45a6-85dc-63cae0546de6
Trigger=NetworkAvailable"
Warning,2/21/2020 4:52:04 PM,Microsoft-Windows-Security-SPP,8233,None,"The rules engine reported a failed VL activation attempt.
Reason:0xC004F074
AppId = 0ff1ce15-a989-479d-af46-f275c6370663, SkuId = dedfa23d-6ed1-45a6-85dc-63cae0546de6
Trigger=NetworkAvailable"
Warning,2/21/2020 4:51:43 PM,Microsoft-Windows-DNS-Client,1014,(1014),Name resolution for the name router15.teamviewer.com timed out after none of the configured DNS servers responded.
Warning,2/21/2020 4:51:27 PM,BTHUSB,34,None,"The local adapter does not support an important Low Energy controller state to support peripheral mode.  The minimum required supported state mask is 0x2491f7fffff, got 0x1fffffff.  Low Energy peripheral role functionality will not be available."
Warning,2/21/2020 4:51:26 PM,Microsoft-Windows-DeviceSetupManager,200,None,A connection to the Windows Update service could not be established.
Warning,2/21/2020 4:51:26 PM,Microsoft-Windows-DeviceSetupManager,202,None,The Network List Manager reports no connectivity to the internet.
Warning,2/21/2020 4:51:26 PM,Microsoft-Windows-DeviceSetupManager,200,None,A connection to the Windows Update service could not be established.
Warning,2/21/2020 4:51:26 PM,Microsoft-Windows-DeviceSetupManager,202,None,The Network List Manager reports no connectivity to the internet.
Warning,2/21/2020 4:51:26 PM,Microsoft-Windows-DeviceSetupManager,200,None,A connection to the Windows Update service could not be established.
Warning,2/21/2020 4:51:26 PM,Microsoft-Windows-DeviceSetupManager,202,None,The Network List Manager reports no connectivity to the internet.
Warning,2/21/2020 4:51:26 PM,Microsoft-Windows-DeviceSetupManager,200,None,A connection to the Windows Update service could not be established.
Warning,2/21/2020 4:51:26 PM,Microsoft-Windows-DeviceSetupManager,202,None,The Network List Manager reports no connectivity to the internet.
Warning,2/21/2020 4:51:26 PM,Microsoft-Windows-DeviceSetupManager,200,None,A connection to the Windows Update service could not be established.
Warning,2/21/2020 4:51:26 PM,Microsoft-Windows-DeviceSetupManager,202,None,The Network List Manager reports no connectivity to the internet.
Warning,2/21/2020 4:51:26 PM,Microsoft-Windows-DeviceSetupManager,200,None,A connection to the Windows Update service could not be established.
Warning,2/21/2020 4:51:26 PM,Microsoft-Windows-DeviceSetupManager,202,None,The Network List Manager reports no connectivity to the internet.
Warning,2/21/2020 4:51:26 PM,Microsoft-Windows-DeviceSetupManager,200,None,A connection to the Windows Update service could not be established.
Warning,2/21/2020 4:51:26 PM,Microsoft-Windows-DeviceSetupManager,200,None,A connection to the Windows Update service could not be established.
Warning,2/21/2020 4:51:26 PM,Microsoft-Windows-DeviceSetupManager,202,None,The Network List Manager reports no connectivity to the internet.
Warning,2/21/2020 4:51:26 PM,Microsoft-Windows-DeviceSetupManager,200,None,A connection to the Windows Update service could not be established.
Warning,2/21/2020 4:51:26 PM,Microsoft-Windows-DeviceSetupManager,202,None,The Network List Manager reports no connectivity to the internet.
Warning,2/21/2020 4:51:26 PM,Microsoft-Windows-DeviceSetupManager,202,None,The Network List Manager reports no connectivity to the internet.
Error,2/21/2020 4:12:17 PM,Microsoft-Windows-Kernel-Power,137,None,The system firmware has changed the processor's memory type range registers (MTRRs) across a sleep state transition (S4). This can result in reduced resume performance.
Warning,2/21/2020 4:12:12 PM,BTHUSB,34,None,"The local adapter does not support an important Low Energy controller state to support peripheral mode.  The minimum required supported state mask is 0x2491f7fffff, got 0x1fffffff.  Low Energy peripheral role functionality will not be available."
Error,2/21/2020 3:12:45 PM,Microsoft-Windows-Kernel-Power,137,None,The system firmware has changed the processor's memory type range registers (MTRRs) across a sleep state transition (S4). This can result in reduced resume performance.
Warning,2/21/2020 3:09:27 PM,Microsoft-Windows-DeviceSetupManager,200,None,A connection to the Windows Update service could not be established.
Warning,2/21/2020 3:09:27 PM,Microsoft-Windows-DeviceSetupManager,202,None,The Network List Manager reports no connectivity to the internet.
Warning,2/21/2020 3:09:27 PM,Microsoft-Windows-DeviceSetupManager,200,None,A connection to the Windows Update service could not be established.
Warning,2/21/2020 3:09:27 PM,Microsoft-Windows-DeviceSetupManager,202,None,The Network List Manager reports no connectivity to the internet.
Warning,2/21/2020 3:09:27 PM,Microsoft-Windows-DeviceSetupManager,200,None,A connection to the Windows Update service could not be established.
Warning,2/21/2020 3:09:27 PM,Microsoft-Windows-DeviceSetupManager,202,None,The Network List Manager reports no connectivity to the internet.
Warning,2/21/2020 3:09:27 PM,Microsoft-Windows-DeviceSetupManager,200,None,A connection to the Windows Update service could not be established.
Warning,2/21/2020 3:09:27 PM,Microsoft-Windows-DeviceSetupManager,202,None,The Network List Manager reports no connectivity to the internet.
Warning,2/21/2020 3:09:27 PM,Microsoft-Windows-DeviceSetupManager,200,None,A connection to the Windows Update service could not be established.
Warning,2/21/2020 3:09:27 PM,Microsoft-Windows-DeviceSetupManager,202,None,The Network List Manager reports no connectivity to the internet.
